<?xml version="1.0" encoding="UTF-8"?>
<!-- Generated by org.testng.reporters.JUnitXMLReporter -->
<testsuite ignored="0" hostname="c3sicrmqa1" failures="0" tests="296" name="Results" time="4550.396" errors="0" timestamp="2023-10-16T07:03:41 EDT">
  <testcase classname="driver.Driver" name="executeTestcase" time="0.009"/>
  <testcase classname="driver.Driver" name="executeTestcase" time="0.003"/>
  <testcase classname="driver.Driver" name="executeTestcase" time="0.006"/>
  <testcase classname="driver.Driver" name="executeTestcase" time="0.005"/>
  <testcase classname="driver.Driver" name="executeTestcase" time="0.004"/>
  <testcase classname="driver.Driver" name="executeTestcase" time="0.004"/>
  <testcase classname="driver.Driver" name="executeTestcase" time="0.003"/>
  <testcase classname="driver.Driver" name="executeTestcase" time="0.002"/>
  <testcase classname="driver.Driver" name="executeTestcase" time="0.003"/>
  <testcase classname="driver.Driver" name="executeTestcase" time="0.001"/>
  <testcase classname="driver.Driver" name="executeTestcase" time="0.001"/>
  <testcase classname="driver.Driver" name="executeTestcase" time="0.002"/>
  <testcase classname="driver.Driver" name="executeTestcase" time="0.001"/>
  <testcase classname="driver.Driver" name="executeTestcase" time="0.002"/>
  <testcase classname="driver.Driver" name="executeTestcase" time="0.002"/>
  <testcase classname="driver.Driver" name="executeTestcase" time="0.002"/>
  <testcase classname="driver.Driver" name="executeTestcase" time="0.001"/>
  <testcase classname="driver.Driver" name="executeTestcase" time="0.002"/>
  <testcase classname="driver.Driver" name="executeTestcase" time="0.004"/>
  <testcase classname="driver.Driver" name="executeTestcase" time="0.001"/>
  <testcase classname="driver.Driver" name="executeTestcase" time="0.002"/>
  <testcase classname="driver.Driver" name="executeTestcase" time="0.001"/>
  <testcase classname="driver.Driver" name="executeTestcase" time="0.001"/>
  <testcase classname="driver.Driver" name="executeTestcase" time="0.001"/>
  <testcase classname="driver.Driver" name="executeTestcase" time="0.001"/>
  <testcase classname="driver.Driver" name="executeTestcase" time="0.001"/>
  <testcase classname="driver.Driver" name="executeTestcase" time="0.001"/>
  <testcase classname="driver.Driver" name="executeTestcase" time="0.0"/>
  <testcase classname="driver.Driver" name="executeTestcase" time="0.006"/>
  <testcase classname="driver.Driver" name="executeTestcase" time="0.001"/>
  <testcase classname="driver.Driver" name="executeTestcase" time="0.001"/>
  <testcase classname="driver.Driver" name="executeTestcase" time="0.002"/>
  <testcase classname="driver.Driver" name="executeTestcase" time="0.0"/>
  <testcase classname="driver.Driver" name="executeTestcase" time="0.001"/>
  <testcase classname="driver.Driver" name="executeTestcase" time="0.002"/>
  <testcase classname="driver.Driver" name="executeTestcase" time="0.001"/>
  <testcase classname="driver.Driver" name="executeTestcase" time="0.001"/>
  <testcase classname="driver.Driver" name="executeTestcase" time="0.001"/>
  <testcase classname="driver.Driver" name="executeTestcase" time="0.0"/>
  <testcase classname="driver.Driver" name="executeTestcase" time="0.002"/>
  <testcase classname="driver.Driver" name="executeTestcase" time="0.002"/>
  <testcase classname="driver.Driver" name="executeTestcase" time="0.002"/>
  <testcase classname="driver.Driver" name="executeTestcase" time="0.001"/>
  <testcase classname="driver.Driver" name="executeTestcase" time="0.0"/>
  <testcase classname="driver.Driver" name="executeTestcase" time="0.0"/>
  <testcase classname="driver.Driver" name="executeTestcase" time="0.001"/>
  <testcase classname="driver.Driver" name="executeTestcase" time="0.001"/>
  <testcase classname="driver.Driver" name="executeTestcase" time="0.001"/>
  <testcase classname="driver.Driver" name="executeTestcase" time="0.001"/>
  <testcase classname="driver.Driver" name="executeTestcase" time="0.001"/>
  <testcase classname="driver.Driver" name="executeTestcase" time="0.001"/>
  <testcase classname="driver.Driver" name="executeTestcase" time="0.001"/>
  <testcase classname="driver.Driver" name="executeTestcase" time="0.003"/>
  <testcase classname="driver.Driver" name="executeTestcase" time="0.001"/>
  <testcase classname="driver.Driver" name="executeTestcase" time="0.0"/>
  <testcase classname="driver.Driver" name="executeTestcase" time="0.001"/>
  <testcase classname="driver.Driver" name="executeTestcase" time="0.002"/>
  <testcase classname="driver.Driver" name="executeTestcase" time="0.0"/>
  <testcase classname="driver.Driver" name="executeTestcase" time="0.001"/>
  <testcase classname="driver.Driver" name="executeTestcase" time="0.003"/>
  <testcase classname="driver.Driver" name="executeTestcase" time="0.002"/>
  <testcase classname="driver.Driver" name="executeTestcase" time="0.001"/>
  <testcase classname="driver.Driver" name="executeTestcase" time="0.004"/>
  <testcase classname="driver.Driver" name="executeTestcase" time="0.002"/>
  <testcase classname="driver.Driver" name="executeTestcase" time="0.001"/>
  <testcase classname="driver.Driver" name="executeTestcase" time="0.001"/>
  <testcase classname="driver.Driver" name="executeTestcase" time="0.0"/>
  <testcase classname="driver.Driver" name="executeTestcase" time="0.001"/>
  <testcase classname="driver.Driver" name="executeTestcase" time="0.001"/>
  <testcase classname="driver.Driver" name="executeTestcase" time="0.001"/>
  <testcase classname="driver.Driver" name="executeTestcase" time="0.001"/>
  <testcase classname="driver.Driver" name="executeTestcase" time="0.0"/>
  <testcase classname="driver.Driver" name="executeTestcase" time="0.001"/>
  <testcase classname="driver.Driver" name="executeTestcase" time="0.001"/>
  <testcase classname="driver.Driver" name="executeTestcase" time="0.001"/>
  <testcase classname="driver.Driver" name="executeTestcase" time="0.0"/>
  <testcase classname="driver.Driver" name="executeTestcase" time="0.001"/>
  <testcase classname="driver.Driver" name="executeTestcase" time="0.001"/>
  <testcase classname="driver.Driver" name="executeTestcase" time="0.001"/>
  <testcase classname="driver.Driver" name="executeTestcase" time="0.0"/>
  <testcase classname="driver.Driver" name="executeTestcase" time="0.001"/>
  <testcase classname="driver.Driver" name="executeTestcase" time="0.001"/>
  <testcase classname="driver.Driver" name="executeTestcase" time="0.001"/>
  <testcase classname="driver.Driver" name="executeTestcase" time="0.0"/>
  <testcase classname="driver.Driver" name="executeTestcase" time="0.004"/>
  <testcase classname="driver.Driver" name="executeTestcase" time="0.001"/>
  <testcase classname="driver.Driver" name="executeTestcase" time="0.001"/>
  <testcase classname="driver.Driver" name="executeTestcase" time="0.001"/>
  <testcase classname="driver.Driver" name="executeTestcase" time="0.0"/>
  <testcase classname="driver.Driver" name="executeTestcase" time="0.001"/>
  <testcase classname="driver.Driver" name="executeTestcase" time="0.001"/>
  <testcase classname="driver.Driver" name="executeTestcase" time="0.001"/>
  <testcase classname="driver.Driver" name="executeTestcase" time="0.0"/>
  <testcase classname="driver.Driver" name="executeTestcase" time="0.001"/>
  <testcase classname="driver.Driver" name="executeTestcase" time="0.001"/>
  <testcase classname="driver.Driver" name="executeTestcase" time="0.001"/>
  <testcase classname="driver.Driver" name="executeTestcase" time="0.0"/>
  <testcase classname="driver.Driver" name="executeTestcase" time="0.0"/>
  <testcase classname="driver.Driver" name="executeTestcase" time="0.001"/>
  <testcase classname="driver.Driver" name="executeTestcase" time="0.0"/>
  <testcase classname="driver.Driver" name="executeTestcase" time="0.001"/>
  <testcase classname="driver.Driver" name="executeTestcase" time="0.0"/>
  <testcase classname="driver.Driver" name="executeTestcase" time="0.0"/>
  <testcase classname="driver.Driver" name="executeTestcase" time="0.0"/>
  <testcase classname="driver.Driver" name="executeTestcase" time="0.001"/>
  <testcase classname="driver.Driver" name="executeTestcase" time="0.0"/>
  <testcase classname="driver.Driver" name="executeTestcase" time="0.001"/>
  <testcase classname="driver.Driver" name="executeTestcase" time="0.001"/>
  <testcase classname="driver.Driver" name="executeTestcase" time="0.0"/>
  <testcase classname="driver.Driver" name="executeTestcase" time="0.001"/>
  <testcase classname="driver.Driver" name="executeTestcase" time="0.001"/>
  <testcase classname="driver.Driver" name="executeTestcase" time="0.001"/>
  <testcase classname="driver.Driver" name="executeTestcase" time="0.001"/>
  <testcase classname="driver.Driver" name="executeTestcase" time="0.001"/>
  <testcase classname="driver.Driver" name="executeTestcase" time="0.002"/>
  <testcase classname="driver.Driver" name="executeTestcase" time="0.001"/>
  <testcase classname="driver.Driver" name="executeTestcase" time="0.001"/>
  <testcase classname="driver.Driver" name="executeTestcase" time="0.001"/>
  <testcase classname="driver.Driver" name="executeTestcase" time="0.002"/>
  <testcase classname="driver.Driver" name="executeTestcase" time="0.001"/>
  <testcase classname="driver.Driver" name="executeTestcase" time="0.0"/>
  <testcase classname="driver.Driver" name="executeTestcase" time="0.001"/>
  <testcase classname="driver.Driver" name="executeTestcase" time="0.001"/>
  <testcase classname="driver.Driver" name="executeTestcase" time="0.001"/>
  <testcase classname="driver.Driver" name="executeTestcase" time="0.001"/>
  <testcase classname="driver.Driver" name="executeTestcase" time="0.002"/>
  <testcase classname="driver.Driver" name="executeTestcase" time="0.015"/>
  <testcase classname="driver.Driver" name="executeTestcase" time="0.006"/>
  <testcase classname="driver.Driver" name="executeTestcase" time="0.001"/>
  <testcase classname="driver.Driver" name="executeTestcase" time="0.0"/>
  <testcase classname="driver.Driver" name="executeTestcase" time="0.001"/>
  <testcase classname="driver.Driver" name="executeTestcase" time="0.0"/>
  <testcase classname="driver.Driver" name="executeTestcase" time="0.0"/>
  <testcase classname="driver.Driver" name="executeTestcase" time="0.0"/>
  <testcase classname="driver.Driver" name="executeTestcase" time="0.001"/>
  <testcase classname="driver.Driver" name="executeTestcase" time="0.001"/>
  <testcase classname="driver.Driver" name="executeTestcase" time="0.002"/>
  <testcase classname="driver.Driver" name="executeTestcase" time="0.0"/>
  <testcase classname="driver.Driver" name="executeTestcase" time="0.0"/>
  <testcase classname="driver.Driver" name="executeTestcase" time="0.001"/>
  <testcase classname="driver.Driver" name="executeTestcase" time="0.001"/>
  <testcase classname="driver.Driver" name="executeTestcase" time="0.0"/>
  <testcase classname="driver.Driver" name="executeTestcase" time="0.001"/>
  <testcase classname="driver.Driver" name="executeTestcase" time="0.001"/>
  <testcase classname="driver.Driver" name="executeTestcase" time="0.0"/>
  <testcase classname="driver.Driver" name="executeTestcase" time="0.001"/>
  <testcase classname="driver.Driver" name="executeTestcase" time="0.001"/>
  <testcase classname="driver.Driver" name="executeTestcase" time="0.001"/>
  <testcase classname="driver.Driver" name="executeTestcase" time="0.0"/>
  <testcase classname="driver.Driver" name="executeTestcase" time="0.0"/>
  <testcase classname="driver.Driver" name="executeTestcase" time="0.0"/>
  <testcase classname="driver.Driver" name="executeTestcase" time="0.001"/>
  <testcase classname="driver.Driver" name="executeTestcase" time="0.057"/>
  <testcase classname="driver.Driver" name="executeTestcase" time="0.0"/>
  <testcase classname="driver.Driver" name="executeTestcase" time="0.002"/>
  <testcase classname="driver.Driver" name="executeTestcase" time="0.0"/>
  <testcase classname="driver.Driver" name="executeTestcase" time="0.004"/>
  <testcase classname="driver.Driver" name="executeTestcase" time="0.001"/>
  <testcase classname="driver.Driver" name="executeTestcase" time="0.001"/>
  <testcase classname="driver.Driver" name="executeTestcase" time="0.0"/>
  <testcase classname="driver.Driver" name="executeTestcase" time="0.0"/>
  <testcase classname="driver.Driver" name="executeTestcase" time="0.0"/>
  <testcase classname="driver.Driver" name="executeTestcase" time="0.001"/>
  <testcase classname="driver.Driver" name="executeTestcase" time="0.001"/>
  <testcase classname="driver.Driver" name="executeTestcase" time="0.001"/>
  <testcase classname="driver.Driver" name="executeTestcase" time="0.0"/>
  <testcase classname="driver.Driver" name="executeTestcase" time="0.005"/>
  <testcase classname="driver.Driver" name="executeTestcase" time="0.001"/>
  <testcase classname="driver.Driver" name="executeTestcase" time="0.0"/>
  <testcase classname="driver.Driver" name="executeTestcase" time="0.002"/>
  <testcase classname="driver.Driver" name="executeTestcase" time="0.001"/>
  <testcase classname="driver.Driver" name="executeTestcase" time="0.0"/>
  <testcase classname="driver.Driver" name="executeTestcase" time="0.001"/>
  <testcase classname="driver.Driver" name="executeTestcase" time="0.001"/>
  <testcase classname="driver.Driver" name="executeTestcase" time="0.0"/>
  <testcase classname="driver.Driver" name="executeTestcase" time="0.0"/>
  <testcase classname="driver.Driver" name="executeTestcase" time="0.002"/>
  <testcase classname="driver.Driver" name="executeTestcase" time="0.001"/>
  <testcase classname="driver.Driver" name="executeTestcase" time="0.0"/>
  <testcase classname="driver.Driver" name="executeTestcase" time="0.0"/>
  <testcase classname="driver.Driver" name="executeTestcase" time="0.002"/>
  <testcase classname="driver.Driver" name="executeTestcase" time="0.0"/>
  <testcase classname="driver.Driver" name="executeTestcase" time="0.001"/>
  <testcase classname="driver.Driver" name="executeTestcase" time="0.001"/>
  <testcase classname="driver.Driver" name="executeTestcase" time="0.0"/>
  <testcase classname="driver.Driver" name="executeTestcase" time="0.0"/>
  <testcase classname="driver.Driver" name="executeTestcase" time="0.0"/>
  <testcase classname="driver.Driver" name="executeTestcase" time="0.003"/>
  <testcase classname="driver.Driver" name="executeTestcase" time="0.001"/>
  <testcase classname="driver.Driver" name="executeTestcase" time="0.001"/>
  <testcase classname="driver.Driver" name="executeTestcase" time="0.002"/>
  <testcase classname="driver.Driver" name="executeTestcase" time="0.001"/>
  <testcase classname="driver.Driver" name="executeTestcase" time="0.001"/>
  <testcase classname="driver.Driver" name="executeTestcase" time="0.001"/>
  <testcase classname="driver.Driver" name="executeTestcase" time="0.0"/>
  <testcase classname="driver.Driver" name="executeTestcase" time="0.0"/>
  <testcase classname="driver.Driver" name="executeTestcase" time="0.001"/>
  <testcase classname="driver.Driver" name="executeTestcase" time="0.001"/>
  <testcase classname="driver.Driver" name="executeTestcase" time="0.001"/>
  <testcase classname="driver.Driver" name="executeTestcase" time="0.0"/>
  <testcase classname="driver.Driver" name="executeTestcase" time="0.001"/>
  <testcase classname="driver.Driver" name="executeTestcase" time="0.001"/>
  <testcase classname="driver.Driver" name="executeTestcase" time="0.001"/>
  <testcase classname="driver.Driver" name="executeTestcase" time="0.0"/>
  <testcase classname="driver.Driver" name="executeTestcase" time="0.019"/>
  <testcase classname="driver.Driver" name="executeTestcase" time="0.001"/>
  <testcase classname="driver.Driver" name="executeTestcase" time="0.001"/>
  <testcase classname="driver.Driver" name="executeTestcase" time="0.0"/>
  <testcase classname="driver.Driver" name="executeTestcase" time="0.0"/>
  <testcase classname="driver.Driver" name="executeTestcase" time="0.0"/>
  <testcase classname="driver.Driver" name="executeTestcase" time="0.001"/>
  <testcase classname="driver.Driver" name="executeTestcase" time="0.001"/>
  <testcase classname="driver.Driver" name="executeTestcase" time="0.0"/>
  <testcase classname="driver.Driver" name="executeTestcase" time="0.0"/>
  <testcase classname="driver.Driver" name="executeTestcase" time="0.001"/>
  <testcase classname="driver.Driver" name="executeTestcase" time="0.001"/>
  <testcase classname="driver.Driver" name="executeTestcase" time="0.001"/>
  <testcase classname="driver.Driver" name="executeTestcase" time="0.0"/>
  <testcase classname="driver.Driver" name="executeTestcase" time="0.0"/>
  <testcase classname="driver.Driver" name="executeTestcase" time="0.0"/>
  <testcase classname="driver.Driver" name="executeTestcase" time="0.001"/>
  <testcase classname="driver.Driver" name="executeTestcase" time="0.0"/>
  <testcase classname="driver.Driver" name="executeTestcase" time="0.0"/>
  <testcase classname="driver.Driver" name="executeTestcase" time="0.001"/>
  <testcase classname="driver.Driver" name="executeTestcase" time="0.001"/>
  <testcase classname="driver.Driver" name="executeTestcase" time="0.001"/>
  <testcase classname="driver.Driver" name="executeTestcase" time="0.001"/>
  <testcase classname="driver.Driver" name="executeTestcase" time="0.0"/>
  <testcase classname="driver.Driver" name="executeTestcase" time="0.001"/>
  <testcase classname="driver.Driver" name="executeTestcase" time="0.001"/>
  <testcase classname="driver.Driver" name="executeTestcase" time="0.001"/>
  <testcase classname="driver.Driver" name="executeTestcase" time="0.001"/>
  <testcase classname="driver.Driver" name="executeTestcase" time="0.001"/>
  <testcase classname="driver.Driver" name="executeTestcase" time="0.0"/>
  <testcase classname="driver.Driver" name="executeTestcase" time="0.0"/>
  <testcase classname="driver.Driver" name="executeTestcase" time="0.0"/>
  <testcase classname="driver.Driver" name="executeTestcase" time="0.0"/>
  <testcase classname="driver.Driver" name="executeTestcase" time="0.001"/>
  <testcase classname="driver.Driver" name="executeTestcase" time="0.001"/>
  <testcase classname="driver.Driver" name="executeTestcase" time="0.001"/>
  <testcase classname="driver.Driver" name="executeTestcase" time="0.001"/>
  <testcase classname="driver.Driver" name="executeTestcase" time="0.001"/>
  <testcase classname="driver.Driver" name="executeTestcase" time="0.011"/>
  <testcase classname="driver.Driver" name="executeTestcase" time="0.001"/>
  <testcase classname="driver.Driver" name="executeTestcase" time="0.001"/>
  <testcase classname="driver.Driver" name="executeTestcase" time="0.0"/>
  <testcase classname="driver.Driver" name="executeTestcase" time="0.0"/>
  <testcase classname="driver.Driver" name="executeTestcase" time="0.001"/>
  <testcase classname="driver.Driver" name="executeTestcase" time="0.002"/>
  <testcase classname="driver.Driver" name="executeTestcase" time="0.0"/>
  <testcase classname="driver.Driver" name="executeTestcase" time="0.001"/>
  <testcase classname="driver.Driver" name="executeTestcase" time="0.001"/>
  <testcase classname="driver.Driver" name="executeTestcase" time="0.001"/>
  <testcase classname="driver.Driver" name="executeTestcase" time="0.003"/>
  <testcase classname="driver.Driver" name="executeTestcase" time="0.003"/>
  <testcase classname="driver.Driver" name="executeTestcase" time="0.021"/>
  <testcase classname="driver.Driver" name="executeTestcase" time="0.001"/>
  <testcase classname="driver.Driver" name="executeTestcase" time="0.0"/>
  <testcase classname="driver.Driver" name="executeTestcase" time="0.001"/>
  <testcase classname="driver.Driver" name="executeTestcase" time="0.001"/>
  <testcase classname="driver.Driver" name="executeTestcase" time="0.001"/>
  <testcase classname="driver.Driver" name="executeTestcase" time="0.0"/>
  <testcase classname="driver.Driver" name="executeTestcase" time="0.0"/>
  <testcase classname="driver.Driver" name="executeTestcase" time="0.0"/>
  <testcase classname="driver.Driver" name="executeTestcase" time="0.0"/>
  <testcase classname="driver.Driver" name="executeTestcase" time="0.0"/>
  <testcase classname="driver.Driver" name="executeTestcase" time="0.001"/>
  <testcase classname="driver.Driver" name="executeTestcase" time="0.001"/>
  <testcase classname="driver.Driver" name="executeTestcase" time="0.001"/>
  <testcase classname="driver.Driver" name="executeTestcase" time="0.001"/>
  <testcase classname="driver.Driver" name="executeTestcase" time="0.001"/>
  <testcase classname="driver.Driver" name="executeTestcase" time="0.001"/>
  <testcase classname="driver.Driver" name="executeTestcase" time="0.001"/>
  <testcase classname="driver.Driver" name="executeTestcase" time="0.003"/>
  <testcase classname="driver.Driver" name="executeTestcase" time="0.0"/>
  <testcase classname="driver.Driver" name="executeTestcase" time="0.001"/>
  <testcase classname="driver.Driver" name="executeTestcase" time="0.001"/>
  <testcase classname="driver.Driver" name="executeTestcase" time="0.001"/>
  <testcase classname="driver.Driver" name="executeTestcase" time="0.001"/>
  <testcase classname="driver.Driver" name="executeTestcase" time="0.0"/>
  <testcase classname="driver.Driver" name="executeTestcase" time="0.0"/>
  <testcase classname="driver.Driver" name="executeTestcase" time="256.125"/>
  <testcase classname="driver.Driver" name="executeTestcase" time="296.863"/>
  <testcase classname="driver.Driver" name="executeTestcase" time="310.557"/>
  <testcase classname="driver.Driver" name="executeTestcase" time="340.019"/>
  <testcase classname="driver.Driver" name="executeTestcase" time="341.469"/>
  <testcase classname="driver.Driver" name="executeTestcase" time="341.738"/>
  <testcase classname="driver.Driver" name="executeTestcase" time="235.975"/>
  <testcase classname="driver.Driver" name="executeTestcase" time="348.926"/>
  <testcase classname="driver.Driver" name="executeTestcase" time="263.388"/>
  <testcase classname="driver.Driver" name="executeTestcase" time="334.552"/>
  <testcase classname="driver.Driver" name="executeTestcase" time="333.531"/>
  <testcase classname="driver.Driver" name="executeTestcase" time="311.799"/>
  <testcase classname="driver.Driver" name="executeTestcase" time="319.166"/>
  <testcase classname="driver.Driver" name="executeTestcase" time="269.864"/>
  <testcase classname="driver.Driver" name="executeTestcase" time="217.311"/>
</testsuite> <!-- Results -->
