<?xml version="1.0" encoding="UTF-8"?>
<testng-results ignored="0" total="296" passed="296" failed="0" skipped="0">
  <reporter-output>
  </reporter-output>
  <suite started-at="2023-10-16T05:47:51 EDT" name="Suite" finished-at="2023-10-16T07:03:41 EDT" duration-ms="4550396">
    <groups>
    </groups>
    <test started-at="2023-10-16T05:47:51 EDT" name="Results" finished-at="2023-10-16T07:03:41 EDT" duration-ms="4550396">
      <class name="driver.Driver">
        <test-method is-config="true" signature="setUp()[pri:0, instance:driver.Driver@1991f767]" started-at="2023-10-16T05:47:49 EDT" name="setUp" finished-at="2023-10-16T05:47:51 EDT" duration-ms="1247" status="PASS">
          <reporter-output>
          </reporter-output>
        </test-method> <!-- setUp -->
        <test-method signature="executeTestcase(org.testng.ITestContext)[pri:0, instance:driver.Driver@1991f767]" started-at="2023-10-16T05:47:51 EDT" name="executeTestcase" finished-at="2023-10-16T05:47:51 EDT" duration-ms="9" status="PASS">
          <params>
            <param index="0">
              <value>
                <![CDATA[org.testng.TestRunner@47a64f7d]]>
              </value>
            </param>
          </params>
          <reporter-output>
          </reporter-output>
        </test-method> <!-- executeTestcase -->
        <test-method is-config="true" signature="Reports(org.testng.ITestResult)[pri:0, instance:driver.Driver@1991f767]" started-at="2023-10-16T05:47:51 EDT" name="Reports" finished-at="2023-10-16T05:47:51 EDT" duration-ms="0" status="PASS">
          <params>
            <param index="0">
              <value>
                <![CDATA[[TestResult name=executeTestcase status=SUCCESS method=Driver.executeTestcase(org.testng.ITestContext)[pri:0, instance:driver.Driver@1991f767] output={null}]]]>
              </value>
            </param>
          </params>
          <reporter-output>
          </reporter-output>
        </test-method> <!-- Reports -->
        <test-method signature="executeTestcase(org.testng.ITestContext)[pri:0, instance:driver.Driver@1991f767]" started-at="2023-10-16T05:47:51 EDT" name="executeTestcase" finished-at="2023-10-16T05:47:51 EDT" duration-ms="3" status="PASS">
          <params>
            <param index="0">
              <value>
                <![CDATA[org.testng.TestRunner@47a64f7d]]>
              </value>
            </param>
          </params>
          <reporter-output>
          </reporter-output>
        </test-method> <!-- executeTestcase -->
        <test-method signature="executeTestcase(org.testng.ITestContext)[pri:0, instance:driver.Driver@1991f767]" started-at="2023-10-16T05:47:51 EDT" name="executeTestcase" finished-at="2023-10-16T05:47:51 EDT" duration-ms="6" status="PASS">
          <params>
            <param index="0">
              <value>
                <![CDATA[org.testng.TestRunner@47a64f7d]]>
              </value>
            </param>
          </params>
          <reporter-output>
          </reporter-output>
        </test-method> <!-- executeTestcase -->
        <test-method is-config="true" signature="Reports(org.testng.ITestResult)[pri:0, instance:driver.Driver@1991f767]" started-at="2023-10-16T05:47:51 EDT" name="Reports" finished-at="2023-10-16T05:47:51 EDT" duration-ms="0" status="PASS">
          <params>
            <param index="0">
              <value>
                <![CDATA[[TestResult name=executeTestcase status=SUCCESS method=Driver.executeTestcase(org.testng.ITestContext)[pri:0, instance:driver.Driver@1991f767] output={null}]]]>
              </value>
            </param>
          </params>
          <reporter-output>
          </reporter-output>
        </test-method> <!-- Reports -->
        <test-method is-config="true" signature="Reports(org.testng.ITestResult)[pri:0, instance:driver.Driver@1991f767]" started-at="2023-10-16T05:47:51 EDT" name="Reports" finished-at="2023-10-16T05:47:51 EDT" duration-ms="3" status="PASS">
          <params>
            <param index="0">
              <value>
                <![CDATA[[TestResult name=executeTestcase status=SUCCESS method=Driver.executeTestcase(org.testng.ITestContext)[pri:0, instance:driver.Driver@1991f767] output={null}]]]>
              </value>
            </param>
          </params>
          <reporter-output>
          </reporter-output>
        </test-method> <!-- Reports -->
        <test-method signature="executeTestcase(org.testng.ITestContext)[pri:0, instance:driver.Driver@1991f767]" started-at="2023-10-16T05:47:51 EDT" name="executeTestcase" finished-at="2023-10-16T05:47:51 EDT" duration-ms="5" status="PASS">
          <params>
            <param index="0">
              <value>
                <![CDATA[org.testng.TestRunner@47a64f7d]]>
              </value>
            </param>
          </params>
          <reporter-output>
          </reporter-output>
        </test-method> <!-- executeTestcase -->
        <test-method signature="executeTestcase(org.testng.ITestContext)[pri:0, instance:driver.Driver@1991f767]" started-at="2023-10-16T05:47:51 EDT" name="executeTestcase" finished-at="2023-10-16T05:47:51 EDT" duration-ms="4" status="PASS">
          <params>
            <param index="0">
              <value>
                <![CDATA[org.testng.TestRunner@47a64f7d]]>
              </value>
            </param>
          </params>
          <reporter-output>
          </reporter-output>
        </test-method> <!-- executeTestcase -->
        <test-method is-config="true" signature="Reports(org.testng.ITestResult)[pri:0, instance:driver.Driver@1991f767]" started-at="2023-10-16T05:47:51 EDT" name="Reports" finished-at="2023-10-16T05:47:51 EDT" duration-ms="0" status="PASS">
          <params>
            <param index="0">
              <value>
                <![CDATA[[TestResult name=executeTestcase status=SUCCESS method=Driver.executeTestcase(org.testng.ITestContext)[pri:0, instance:driver.Driver@1991f767] output={null}]]]>
              </value>
            </param>
          </params>
          <reporter-output>
          </reporter-output>
        </test-method> <!-- Reports -->
        <test-method is-config="true" signature="Reports(org.testng.ITestResult)[pri:0, instance:driver.Driver@1991f767]" started-at="2023-10-16T05:47:51 EDT" name="Reports" finished-at="2023-10-16T05:47:51 EDT" duration-ms="0" status="PASS">
          <params>
            <param index="0">
              <value>
                <![CDATA[[TestResult name=executeTestcase status=SUCCESS method=Driver.executeTestcase(org.testng.ITestContext)[pri:0, instance:driver.Driver@1991f767] output={null}]]]>
              </value>
            </param>
          </params>
          <reporter-output>
          </reporter-output>
        </test-method> <!-- Reports -->
        <test-method signature="executeTestcase(org.testng.ITestContext)[pri:0, instance:driver.Driver@1991f767]" started-at="2023-10-16T05:47:51 EDT" name="executeTestcase" finished-at="2023-10-16T05:47:51 EDT" duration-ms="4" status="PASS">
          <params>
            <param index="0">
              <value>
                <![CDATA[org.testng.TestRunner@47a64f7d]]>
              </value>
            </param>
          </params>
          <reporter-output>
          </reporter-output>
        </test-method> <!-- executeTestcase -->
        <test-method is-config="true" signature="Reports(org.testng.ITestResult)[pri:0, instance:driver.Driver@1991f767]" started-at="2023-10-16T05:47:51 EDT" name="Reports" finished-at="2023-10-16T05:47:51 EDT" duration-ms="0" status="PASS">
          <params>
            <param index="0">
              <value>
                <![CDATA[[TestResult name=executeTestcase status=SUCCESS method=Driver.executeTestcase(org.testng.ITestContext)[pri:0, instance:driver.Driver@1991f767] output={null}]]]>
              </value>
            </param>
          </params>
          <reporter-output>
          </reporter-output>
        </test-method> <!-- Reports -->
        <test-method signature="executeTestcase(org.testng.ITestContext)[pri:0, instance:driver.Driver@1991f767]" started-at="2023-10-16T05:47:51 EDT" name="executeTestcase" finished-at="2023-10-16T05:47:51 EDT" duration-ms="3" status="PASS">
          <params>
            <param index="0">
              <value>
                <![CDATA[org.testng.TestRunner@47a64f7d]]>
              </value>
            </param>
          </params>
          <reporter-output>
          </reporter-output>
        </test-method> <!-- executeTestcase -->
        <test-method is-config="true" signature="Reports(org.testng.ITestResult)[pri:0, instance:driver.Driver@1991f767]" started-at="2023-10-16T05:47:51 EDT" name="Reports" finished-at="2023-10-16T05:47:51 EDT" duration-ms="0" status="PASS">
          <params>
            <param index="0">
              <value>
                <![CDATA[[TestResult name=executeTestcase status=SUCCESS method=Driver.executeTestcase(org.testng.ITestContext)[pri:0, instance:driver.Driver@1991f767] output={null}]]]>
              </value>
            </param>
          </params>
          <reporter-output>
          </reporter-output>
        </test-method> <!-- Reports -->
        <test-method signature="executeTestcase(org.testng.ITestContext)[pri:0, instance:driver.Driver@1991f767]" started-at="2023-10-16T05:47:51 EDT" name="executeTestcase" finished-at="2023-10-16T05:47:51 EDT" duration-ms="2" status="PASS">
          <params>
            <param index="0">
              <value>
                <![CDATA[org.testng.TestRunner@47a64f7d]]>
              </value>
            </param>
          </params>
          <reporter-output>
          </reporter-output>
        </test-method> <!-- executeTestcase -->
        <test-method signature="executeTestcase(org.testng.ITestContext)[pri:0, instance:driver.Driver@1991f767]" started-at="2023-10-16T05:47:51 EDT" name="executeTestcase" finished-at="2023-10-16T05:47:51 EDT" duration-ms="3" status="PASS">
          <params>
            <param index="0">
              <value>
                <![CDATA[org.testng.TestRunner@47a64f7d]]>
              </value>
            </param>
          </params>
          <reporter-output>
          </reporter-output>
        </test-method> <!-- executeTestcase -->
        <test-method is-config="true" signature="Reports(org.testng.ITestResult)[pri:0, instance:driver.Driver@1991f767]" started-at="2023-10-16T05:47:51 EDT" name="Reports" finished-at="2023-10-16T05:47:51 EDT" duration-ms="0" status="PASS">
          <params>
            <param index="0">
              <value>
                <![CDATA[[TestResult name=executeTestcase status=SUCCESS method=Driver.executeTestcase(org.testng.ITestContext)[pri:0, instance:driver.Driver@1991f767] output={null}]]]>
              </value>
            </param>
          </params>
          <reporter-output>
          </reporter-output>
        </test-method> <!-- Reports -->
        <test-method is-config="true" signature="Reports(org.testng.ITestResult)[pri:0, instance:driver.Driver@1991f767]" started-at="2023-10-16T05:47:51 EDT" name="Reports" finished-at="2023-10-16T05:47:51 EDT" duration-ms="0" status="PASS">
          <params>
            <param index="0">
              <value>
                <![CDATA[[TestResult name=executeTestcase status=SUCCESS method=Driver.executeTestcase(org.testng.ITestContext)[pri:0, instance:driver.Driver@1991f767] output={null}]]]>
              </value>
            </param>
          </params>
          <reporter-output>
          </reporter-output>
        </test-method> <!-- Reports -->
        <test-method signature="executeTestcase(org.testng.ITestContext)[pri:0, instance:driver.Driver@1991f767]" started-at="2023-10-16T05:47:51 EDT" name="executeTestcase" finished-at="2023-10-16T05:47:51 EDT" duration-ms="1" status="PASS">
          <params>
            <param index="0">
              <value>
                <![CDATA[org.testng.TestRunner@47a64f7d]]>
              </value>
            </param>
          </params>
          <reporter-output>
          </reporter-output>
        </test-method> <!-- executeTestcase -->
        <test-method is-config="true" signature="Reports(org.testng.ITestResult)[pri:0, instance:driver.Driver@1991f767]" started-at="2023-10-16T05:47:51 EDT" name="Reports" finished-at="2023-10-16T05:47:51 EDT" duration-ms="0" status="PASS">
          <params>
            <param index="0">
              <value>
                <![CDATA[[TestResult name=executeTestcase status=SUCCESS method=Driver.executeTestcase(org.testng.ITestContext)[pri:0, instance:driver.Driver@1991f767] output={null}]]]>
              </value>
            </param>
          </params>
          <reporter-output>
          </reporter-output>
        </test-method> <!-- Reports -->
        <test-method signature="executeTestcase(org.testng.ITestContext)[pri:0, instance:driver.Driver@1991f767]" started-at="2023-10-16T05:47:51 EDT" name="executeTestcase" finished-at="2023-10-16T05:47:51 EDT" duration-ms="1" status="PASS">
          <params>
            <param index="0">
              <value>
                <![CDATA[org.testng.TestRunner@47a64f7d]]>
              </value>
            </param>
          </params>
          <reporter-output>
          </reporter-output>
        </test-method> <!-- executeTestcase -->
        <test-method is-config="true" signature="Reports(org.testng.ITestResult)[pri:0, instance:driver.Driver@1991f767]" started-at="2023-10-16T05:47:51 EDT" name="Reports" finished-at="2023-10-16T05:47:51 EDT" duration-ms="4" status="PASS">
          <params>
            <param index="0">
              <value>
                <![CDATA[[TestResult name=executeTestcase status=SUCCESS method=Driver.executeTestcase(org.testng.ITestContext)[pri:0, instance:driver.Driver@1991f767] output={null}]]]>
              </value>
            </param>
          </params>
          <reporter-output>
          </reporter-output>
        </test-method> <!-- Reports -->
        <test-method signature="executeTestcase(org.testng.ITestContext)[pri:0, instance:driver.Driver@1991f767]" started-at="2023-10-16T05:47:51 EDT" name="executeTestcase" finished-at="2023-10-16T05:47:51 EDT" duration-ms="2" status="PASS">
          <params>
            <param index="0">
              <value>
                <![CDATA[org.testng.TestRunner@47a64f7d]]>
              </value>
            </param>
          </params>
          <reporter-output>
          </reporter-output>
        </test-method> <!-- executeTestcase -->
        <test-method is-config="true" signature="Reports(org.testng.ITestResult)[pri:0, instance:driver.Driver@1991f767]" started-at="2023-10-16T05:47:51 EDT" name="Reports" finished-at="2023-10-16T05:47:51 EDT" duration-ms="1" status="PASS">
          <params>
            <param index="0">
              <value>
                <![CDATA[[TestResult name=executeTestcase status=SUCCESS method=Driver.executeTestcase(org.testng.ITestContext)[pri:0, instance:driver.Driver@1991f767] output={null}]]]>
              </value>
            </param>
          </params>
          <reporter-output>
          </reporter-output>
        </test-method> <!-- Reports -->
        <test-method signature="executeTestcase(org.testng.ITestContext)[pri:0, instance:driver.Driver@1991f767]" started-at="2023-10-16T05:47:51 EDT" name="executeTestcase" finished-at="2023-10-16T05:47:51 EDT" duration-ms="1" status="PASS">
          <params>
            <param index="0">
              <value>
                <![CDATA[org.testng.TestRunner@47a64f7d]]>
              </value>
            </param>
          </params>
          <reporter-output>
          </reporter-output>
        </test-method> <!-- executeTestcase -->
        <test-method is-config="true" signature="Reports(org.testng.ITestResult)[pri:0, instance:driver.Driver@1991f767]" started-at="2023-10-16T05:47:51 EDT" name="Reports" finished-at="2023-10-16T05:47:51 EDT" duration-ms="0" status="PASS">
          <params>
            <param index="0">
              <value>
                <![CDATA[[TestResult name=executeTestcase status=SUCCESS method=Driver.executeTestcase(org.testng.ITestContext)[pri:0, instance:driver.Driver@1991f767] output={null}]]]>
              </value>
            </param>
          </params>
          <reporter-output>
          </reporter-output>
        </test-method> <!-- Reports -->
        <test-method signature="executeTestcase(org.testng.ITestContext)[pri:0, instance:driver.Driver@1991f767]" started-at="2023-10-16T05:47:51 EDT" name="executeTestcase" finished-at="2023-10-16T05:47:51 EDT" duration-ms="2" status="PASS">
          <params>
            <param index="0">
              <value>
                <![CDATA[org.testng.TestRunner@47a64f7d]]>
              </value>
            </param>
          </params>
          <reporter-output>
          </reporter-output>
        </test-method> <!-- executeTestcase -->
        <test-method signature="executeTestcase(org.testng.ITestContext)[pri:0, instance:driver.Driver@1991f767]" started-at="2023-10-16T05:47:51 EDT" name="executeTestcase" finished-at="2023-10-16T05:47:51 EDT" duration-ms="2" status="PASS">
          <params>
            <param index="0">
              <value>
                <![CDATA[org.testng.TestRunner@47a64f7d]]>
              </value>
            </param>
          </params>
          <reporter-output>
          </reporter-output>
        </test-method> <!-- executeTestcase -->
        <test-method is-config="true" signature="Reports(org.testng.ITestResult)[pri:0, instance:driver.Driver@1991f767]" started-at="2023-10-16T05:47:51 EDT" name="Reports" finished-at="2023-10-16T05:47:51 EDT" duration-ms="0" status="PASS">
          <params>
            <param index="0">
              <value>
                <![CDATA[[TestResult name=executeTestcase status=SUCCESS method=Driver.executeTestcase(org.testng.ITestContext)[pri:0, instance:driver.Driver@1991f767] output={null}]]]>
              </value>
            </param>
          </params>
          <reporter-output>
          </reporter-output>
        </test-method> <!-- Reports -->
        <test-method is-config="true" signature="Reports(org.testng.ITestResult)[pri:0, instance:driver.Driver@1991f767]" started-at="2023-10-16T05:47:51 EDT" name="Reports" finished-at="2023-10-16T05:47:51 EDT" duration-ms="0" status="PASS">
          <params>
            <param index="0">
              <value>
                <![CDATA[[TestResult name=executeTestcase status=SUCCESS method=Driver.executeTestcase(org.testng.ITestContext)[pri:0, instance:driver.Driver@1991f767] output={null}]]]>
              </value>
            </param>
          </params>
          <reporter-output>
          </reporter-output>
        </test-method> <!-- Reports -->
        <test-method signature="executeTestcase(org.testng.ITestContext)[pri:0, instance:driver.Driver@1991f767]" started-at="2023-10-16T05:47:51 EDT" name="executeTestcase" finished-at="2023-10-16T05:47:51 EDT" duration-ms="2" status="PASS">
          <params>
            <param index="0">
              <value>
                <![CDATA[org.testng.TestRunner@47a64f7d]]>
              </value>
            </param>
          </params>
          <reporter-output>
          </reporter-output>
        </test-method> <!-- executeTestcase -->
        <test-method is-config="true" signature="Reports(org.testng.ITestResult)[pri:0, instance:driver.Driver@1991f767]" started-at="2023-10-16T05:47:51 EDT" name="Reports" finished-at="2023-10-16T05:47:51 EDT" duration-ms="3" status="PASS">
          <params>
            <param index="0">
              <value>
                <![CDATA[[TestResult name=executeTestcase status=SUCCESS method=Driver.executeTestcase(org.testng.ITestContext)[pri:0, instance:driver.Driver@1991f767] output={null}]]]>
              </value>
            </param>
          </params>
          <reporter-output>
          </reporter-output>
        </test-method> <!-- Reports -->
        <test-method signature="executeTestcase(org.testng.ITestContext)[pri:0, instance:driver.Driver@1991f767]" started-at="2023-10-16T05:47:51 EDT" name="executeTestcase" finished-at="2023-10-16T05:47:51 EDT" duration-ms="1" status="PASS">
          <params>
            <param index="0">
              <value>
                <![CDATA[org.testng.TestRunner@47a64f7d]]>
              </value>
            </param>
          </params>
          <reporter-output>
          </reporter-output>
        </test-method> <!-- executeTestcase -->
        <test-method is-config="true" signature="Reports(org.testng.ITestResult)[pri:0, instance:driver.Driver@1991f767]" started-at="2023-10-16T05:47:51 EDT" name="Reports" finished-at="2023-10-16T05:47:51 EDT" duration-ms="1" status="PASS">
          <params>
            <param index="0">
              <value>
                <![CDATA[[TestResult name=executeTestcase status=SUCCESS method=Driver.executeTestcase(org.testng.ITestContext)[pri:0, instance:driver.Driver@1991f767] output={null}]]]>
              </value>
            </param>
          </params>
          <reporter-output>
          </reporter-output>
        </test-method> <!-- Reports -->
        <test-method signature="executeTestcase(org.testng.ITestContext)[pri:0, instance:driver.Driver@1991f767]" started-at="2023-10-16T05:47:51 EDT" name="executeTestcase" finished-at="2023-10-16T05:47:51 EDT" duration-ms="2" status="PASS">
          <params>
            <param index="0">
              <value>
                <![CDATA[org.testng.TestRunner@47a64f7d]]>
              </value>
            </param>
          </params>
          <reporter-output>
          </reporter-output>
        </test-method> <!-- executeTestcase -->
        <test-method is-config="true" signature="Reports(org.testng.ITestResult)[pri:0, instance:driver.Driver@1991f767]" started-at="2023-10-16T05:47:51 EDT" name="Reports" finished-at="2023-10-16T05:47:51 EDT" duration-ms="1" status="PASS">
          <params>
            <param index="0">
              <value>
                <![CDATA[[TestResult name=executeTestcase status=SUCCESS method=Driver.executeTestcase(org.testng.ITestContext)[pri:0, instance:driver.Driver@1991f767] output={null}]]]>
              </value>
            </param>
          </params>
          <reporter-output>
          </reporter-output>
        </test-method> <!-- Reports -->
        <test-method signature="executeTestcase(org.testng.ITestContext)[pri:0, instance:driver.Driver@1991f767]" started-at="2023-10-16T05:47:51 EDT" name="executeTestcase" finished-at="2023-10-16T05:47:51 EDT" duration-ms="4" status="PASS">
          <params>
            <param index="0">
              <value>
                <![CDATA[org.testng.TestRunner@47a64f7d]]>
              </value>
            </param>
          </params>
          <reporter-output>
          </reporter-output>
        </test-method> <!-- executeTestcase -->
        <test-method is-config="true" signature="Reports(org.testng.ITestResult)[pri:0, instance:driver.Driver@1991f767]" started-at="2023-10-16T05:47:51 EDT" name="Reports" finished-at="2023-10-16T05:47:51 EDT" duration-ms="1" status="PASS">
          <params>
            <param index="0">
              <value>
                <![CDATA[[TestResult name=executeTestcase status=SUCCESS method=Driver.executeTestcase(org.testng.ITestContext)[pri:0, instance:driver.Driver@1991f767] output={null}]]]>
              </value>
            </param>
          </params>
          <reporter-output>
          </reporter-output>
        </test-method> <!-- Reports -->
        <test-method signature="executeTestcase(org.testng.ITestContext)[pri:0, instance:driver.Driver@1991f767]" started-at="2023-10-16T05:47:51 EDT" name="executeTestcase" finished-at="2023-10-16T05:47:51 EDT" duration-ms="1" status="PASS">
          <params>
            <param index="0">
              <value>
                <![CDATA[org.testng.TestRunner@47a64f7d]]>
              </value>
            </param>
          </params>
          <reporter-output>
          </reporter-output>
        </test-method> <!-- executeTestcase -->
        <test-method is-config="true" signature="Reports(org.testng.ITestResult)[pri:0, instance:driver.Driver@1991f767]" started-at="2023-10-16T05:47:51 EDT" name="Reports" finished-at="2023-10-16T05:47:51 EDT" duration-ms="1" status="PASS">
          <params>
            <param index="0">
              <value>
                <![CDATA[[TestResult name=executeTestcase status=SUCCESS method=Driver.executeTestcase(org.testng.ITestContext)[pri:0, instance:driver.Driver@1991f767] output={null}]]]>
              </value>
            </param>
          </params>
          <reporter-output>
          </reporter-output>
        </test-method> <!-- Reports -->
        <test-method signature="executeTestcase(org.testng.ITestContext)[pri:0, instance:driver.Driver@1991f767]" started-at="2023-10-16T05:47:51 EDT" name="executeTestcase" finished-at="2023-10-16T05:47:51 EDT" duration-ms="2" status="PASS">
          <params>
            <param index="0">
              <value>
                <![CDATA[org.testng.TestRunner@47a64f7d]]>
              </value>
            </param>
          </params>
          <reporter-output>
          </reporter-output>
        </test-method> <!-- executeTestcase -->
        <test-method is-config="true" signature="Reports(org.testng.ITestResult)[pri:0, instance:driver.Driver@1991f767]" started-at="2023-10-16T05:47:51 EDT" name="Reports" finished-at="2023-10-16T05:47:51 EDT" duration-ms="0" status="PASS">
          <params>
            <param index="0">
              <value>
                <![CDATA[[TestResult name=executeTestcase status=SUCCESS method=Driver.executeTestcase(org.testng.ITestContext)[pri:0, instance:driver.Driver@1991f767] output={null}]]]>
              </value>
            </param>
          </params>
          <reporter-output>
          </reporter-output>
        </test-method> <!-- Reports -->
        <test-method signature="executeTestcase(org.testng.ITestContext)[pri:0, instance:driver.Driver@1991f767]" started-at="2023-10-16T05:47:51 EDT" name="executeTestcase" finished-at="2023-10-16T05:47:51 EDT" duration-ms="1" status="PASS">
          <params>
            <param index="0">
              <value>
                <![CDATA[org.testng.TestRunner@47a64f7d]]>
              </value>
            </param>
          </params>
          <reporter-output>
          </reporter-output>
        </test-method> <!-- executeTestcase -->
        <test-method signature="executeTestcase(org.testng.ITestContext)[pri:0, instance:driver.Driver@1991f767]" started-at="2023-10-16T05:47:51 EDT" name="executeTestcase" finished-at="2023-10-16T05:47:51 EDT" duration-ms="1" status="PASS">
          <params>
            <param index="0">
              <value>
                <![CDATA[org.testng.TestRunner@47a64f7d]]>
              </value>
            </param>
          </params>
          <reporter-output>
          </reporter-output>
        </test-method> <!-- executeTestcase -->
        <test-method is-config="true" signature="Reports(org.testng.ITestResult)[pri:0, instance:driver.Driver@1991f767]" started-at="2023-10-16T05:47:51 EDT" name="Reports" finished-at="2023-10-16T05:47:51 EDT" duration-ms="0" status="PASS">
          <params>
            <param index="0">
              <value>
                <![CDATA[[TestResult name=executeTestcase status=SUCCESS method=Driver.executeTestcase(org.testng.ITestContext)[pri:0, instance:driver.Driver@1991f767] output={null}]]]>
              </value>
            </param>
          </params>
          <reporter-output>
          </reporter-output>
        </test-method> <!-- Reports -->
        <test-method is-config="true" signature="Reports(org.testng.ITestResult)[pri:0, instance:driver.Driver@1991f767]" started-at="2023-10-16T05:47:51 EDT" name="Reports" finished-at="2023-10-16T05:47:51 EDT" duration-ms="0" status="PASS">
          <params>
            <param index="0">
              <value>
                <![CDATA[[TestResult name=executeTestcase status=SUCCESS method=Driver.executeTestcase(org.testng.ITestContext)[pri:0, instance:driver.Driver@1991f767] output={null}]]]>
              </value>
            </param>
          </params>
          <reporter-output>
          </reporter-output>
        </test-method> <!-- Reports -->
        <test-method signature="executeTestcase(org.testng.ITestContext)[pri:0, instance:driver.Driver@1991f767]" started-at="2023-10-16T05:47:51 EDT" name="executeTestcase" finished-at="2023-10-16T05:47:51 EDT" duration-ms="1" status="PASS">
          <params>
            <param index="0">
              <value>
                <![CDATA[org.testng.TestRunner@47a64f7d]]>
              </value>
            </param>
          </params>
          <reporter-output>
          </reporter-output>
        </test-method> <!-- executeTestcase -->
        <test-method signature="executeTestcase(org.testng.ITestContext)[pri:0, instance:driver.Driver@1991f767]" started-at="2023-10-16T05:47:51 EDT" name="executeTestcase" finished-at="2023-10-16T05:47:51 EDT" duration-ms="1" status="PASS">
          <params>
            <param index="0">
              <value>
                <![CDATA[org.testng.TestRunner@47a64f7d]]>
              </value>
            </param>
          </params>
          <reporter-output>
          </reporter-output>
        </test-method> <!-- executeTestcase -->
        <test-method is-config="true" signature="Reports(org.testng.ITestResult)[pri:0, instance:driver.Driver@1991f767]" started-at="2023-10-16T05:47:51 EDT" name="Reports" finished-at="2023-10-16T05:47:51 EDT" duration-ms="0" status="PASS">
          <params>
            <param index="0">
              <value>
                <![CDATA[[TestResult name=executeTestcase status=SUCCESS method=Driver.executeTestcase(org.testng.ITestContext)[pri:0, instance:driver.Driver@1991f767] output={null}]]]>
              </value>
            </param>
          </params>
          <reporter-output>
          </reporter-output>
        </test-method> <!-- Reports -->
        <test-method is-config="true" signature="Reports(org.testng.ITestResult)[pri:0, instance:driver.Driver@1991f767]" started-at="2023-10-16T05:47:51 EDT" name="Reports" finished-at="2023-10-16T05:47:51 EDT" duration-ms="1" status="PASS">
          <params>
            <param index="0">
              <value>
                <![CDATA[[TestResult name=executeTestcase status=SUCCESS method=Driver.executeTestcase(org.testng.ITestContext)[pri:0, instance:driver.Driver@1991f767] output={null}]]]>
              </value>
            </param>
          </params>
          <reporter-output>
          </reporter-output>
        </test-method> <!-- Reports -->
        <test-method signature="executeTestcase(org.testng.ITestContext)[pri:0, instance:driver.Driver@1991f767]" started-at="2023-10-16T05:47:51 EDT" name="executeTestcase" finished-at="2023-10-16T05:47:51 EDT" duration-ms="1" status="PASS">
          <params>
            <param index="0">
              <value>
                <![CDATA[org.testng.TestRunner@47a64f7d]]>
              </value>
            </param>
          </params>
          <reporter-output>
          </reporter-output>
        </test-method> <!-- executeTestcase -->
        <test-method is-config="true" signature="Reports(org.testng.ITestResult)[pri:0, instance:driver.Driver@1991f767]" started-at="2023-10-16T05:47:51 EDT" name="Reports" finished-at="2023-10-16T05:47:51 EDT" duration-ms="1" status="PASS">
          <params>
            <param index="0">
              <value>
                <![CDATA[[TestResult name=executeTestcase status=SUCCESS method=Driver.executeTestcase(org.testng.ITestContext)[pri:0, instance:driver.Driver@1991f767] output={null}]]]>
              </value>
            </param>
          </params>
          <reporter-output>
          </reporter-output>
        </test-method> <!-- Reports -->
        <test-method signature="executeTestcase(org.testng.ITestContext)[pri:0, instance:driver.Driver@1991f767]" started-at="2023-10-16T05:47:51 EDT" name="executeTestcase" finished-at="2023-10-16T05:47:51 EDT" duration-ms="1" status="PASS">
          <params>
            <param index="0">
              <value>
                <![CDATA[org.testng.TestRunner@47a64f7d]]>
              </value>
            </param>
          </params>
          <reporter-output>
          </reporter-output>
        </test-method> <!-- executeTestcase -->
        <test-method is-config="true" signature="Reports(org.testng.ITestResult)[pri:0, instance:driver.Driver@1991f767]" started-at="2023-10-16T05:47:51 EDT" name="Reports" finished-at="2023-10-16T05:47:51 EDT" duration-ms="0" status="PASS">
          <params>
            <param index="0">
              <value>
                <![CDATA[[TestResult name=executeTestcase status=SUCCESS method=Driver.executeTestcase(org.testng.ITestContext)[pri:0, instance:driver.Driver@1991f767] output={null}]]]>
              </value>
            </param>
          </params>
          <reporter-output>
          </reporter-output>
        </test-method> <!-- Reports -->
        <test-method signature="executeTestcase(org.testng.ITestContext)[pri:0, instance:driver.Driver@1991f767]" started-at="2023-10-16T05:47:51 EDT" name="executeTestcase" finished-at="2023-10-16T05:47:51 EDT" duration-ms="0" status="PASS">
          <params>
            <param index="0">
              <value>
                <![CDATA[org.testng.TestRunner@47a64f7d]]>
              </value>
            </param>
          </params>
          <reporter-output>
          </reporter-output>
        </test-method> <!-- executeTestcase -->
        <test-method is-config="true" signature="Reports(org.testng.ITestResult)[pri:0, instance:driver.Driver@1991f767]" started-at="2023-10-16T05:47:51 EDT" name="Reports" finished-at="2023-10-16T05:47:51 EDT" duration-ms="0" status="PASS">
          <params>
            <param index="0">
              <value>
                <![CDATA[[TestResult name=executeTestcase status=SUCCESS method=Driver.executeTestcase(org.testng.ITestContext)[pri:0, instance:driver.Driver@1991f767] output={null}]]]>
              </value>
            </param>
          </params>
          <reporter-output>
          </reporter-output>
        </test-method> <!-- Reports -->
        <test-method signature="executeTestcase(org.testng.ITestContext)[pri:0, instance:driver.Driver@1991f767]" started-at="2023-10-16T05:47:51 EDT" name="executeTestcase" finished-at="2023-10-16T05:47:51 EDT" duration-ms="6" status="PASS">
          <params>
            <param index="0">
              <value>
                <![CDATA[org.testng.TestRunner@47a64f7d]]>
              </value>
            </param>
          </params>
          <reporter-output>
          </reporter-output>
        </test-method> <!-- executeTestcase -->
        <test-method is-config="true" signature="Reports(org.testng.ITestResult)[pri:0, instance:driver.Driver@1991f767]" started-at="2023-10-16T05:47:51 EDT" name="Reports" finished-at="2023-10-16T05:47:51 EDT" duration-ms="0" status="PASS">
          <params>
            <param index="0">
              <value>
                <![CDATA[[TestResult name=executeTestcase status=SUCCESS method=Driver.executeTestcase(org.testng.ITestContext)[pri:0, instance:driver.Driver@1991f767] output={null}]]]>
              </value>
            </param>
          </params>
          <reporter-output>
          </reporter-output>
        </test-method> <!-- Reports -->
        <test-method signature="executeTestcase(org.testng.ITestContext)[pri:0, instance:driver.Driver@1991f767]" started-at="2023-10-16T05:47:51 EDT" name="executeTestcase" finished-at="2023-10-16T05:47:51 EDT" duration-ms="1" status="PASS">
          <params>
            <param index="0">
              <value>
                <![CDATA[org.testng.TestRunner@47a64f7d]]>
              </value>
            </param>
          </params>
          <reporter-output>
          </reporter-output>
        </test-method> <!-- executeTestcase -->
        <test-method is-config="true" signature="Reports(org.testng.ITestResult)[pri:0, instance:driver.Driver@1991f767]" started-at="2023-10-16T05:47:51 EDT" name="Reports" finished-at="2023-10-16T05:47:51 EDT" duration-ms="1" status="PASS">
          <params>
            <param index="0">
              <value>
                <![CDATA[[TestResult name=executeTestcase status=SUCCESS method=Driver.executeTestcase(org.testng.ITestContext)[pri:0, instance:driver.Driver@1991f767] output={null}]]]>
              </value>
            </param>
          </params>
          <reporter-output>
          </reporter-output>
        </test-method> <!-- Reports -->
        <test-method signature="executeTestcase(org.testng.ITestContext)[pri:0, instance:driver.Driver@1991f767]" started-at="2023-10-16T05:47:51 EDT" name="executeTestcase" finished-at="2023-10-16T05:47:51 EDT" duration-ms="1" status="PASS">
          <params>
            <param index="0">
              <value>
                <![CDATA[org.testng.TestRunner@47a64f7d]]>
              </value>
            </param>
          </params>
          <reporter-output>
          </reporter-output>
        </test-method> <!-- executeTestcase -->
        <test-method is-config="true" signature="Reports(org.testng.ITestResult)[pri:0, instance:driver.Driver@1991f767]" started-at="2023-10-16T05:47:51 EDT" name="Reports" finished-at="2023-10-16T05:47:51 EDT" duration-ms="0" status="PASS">
          <params>
            <param index="0">
              <value>
                <![CDATA[[TestResult name=executeTestcase status=SUCCESS method=Driver.executeTestcase(org.testng.ITestContext)[pri:0, instance:driver.Driver@1991f767] output={null}]]]>
              </value>
            </param>
          </params>
          <reporter-output>
          </reporter-output>
        </test-method> <!-- Reports -->
        <test-method signature="executeTestcase(org.testng.ITestContext)[pri:0, instance:driver.Driver@1991f767]" started-at="2023-10-16T05:47:51 EDT" name="executeTestcase" finished-at="2023-10-16T05:47:51 EDT" duration-ms="2" status="PASS">
          <params>
            <param index="0">
              <value>
                <![CDATA[org.testng.TestRunner@47a64f7d]]>
              </value>
            </param>
          </params>
          <reporter-output>
          </reporter-output>
        </test-method> <!-- executeTestcase -->
        <test-method is-config="true" signature="Reports(org.testng.ITestResult)[pri:0, instance:driver.Driver@1991f767]" started-at="2023-10-16T05:47:51 EDT" name="Reports" finished-at="2023-10-16T05:47:51 EDT" duration-ms="0" status="PASS">
          <params>
            <param index="0">
              <value>
                <![CDATA[[TestResult name=executeTestcase status=SUCCESS method=Driver.executeTestcase(org.testng.ITestContext)[pri:0, instance:driver.Driver@1991f767] output={null}]]]>
              </value>
            </param>
          </params>
          <reporter-output>
          </reporter-output>
        </test-method> <!-- Reports -->
        <test-method signature="executeTestcase(org.testng.ITestContext)[pri:0, instance:driver.Driver@1991f767]" started-at="2023-10-16T05:47:51 EDT" name="executeTestcase" finished-at="2023-10-16T05:47:51 EDT" duration-ms="0" status="PASS">
          <params>
            <param index="0">
              <value>
                <![CDATA[org.testng.TestRunner@47a64f7d]]>
              </value>
            </param>
          </params>
          <reporter-output>
          </reporter-output>
        </test-method> <!-- executeTestcase -->
        <test-method is-config="true" signature="Reports(org.testng.ITestResult)[pri:0, instance:driver.Driver@1991f767]" started-at="2023-10-16T05:47:51 EDT" name="Reports" finished-at="2023-10-16T05:47:51 EDT" duration-ms="0" status="PASS">
          <params>
            <param index="0">
              <value>
                <![CDATA[[TestResult name=executeTestcase status=SUCCESS method=Driver.executeTestcase(org.testng.ITestContext)[pri:0, instance:driver.Driver@1991f767] output={null}]]]>
              </value>
            </param>
          </params>
          <reporter-output>
          </reporter-output>
        </test-method> <!-- Reports -->
        <test-method signature="executeTestcase(org.testng.ITestContext)[pri:0, instance:driver.Driver@1991f767]" started-at="2023-10-16T05:47:51 EDT" name="executeTestcase" finished-at="2023-10-16T05:47:51 EDT" duration-ms="1" status="PASS">
          <params>
            <param index="0">
              <value>
                <![CDATA[org.testng.TestRunner@47a64f7d]]>
              </value>
            </param>
          </params>
          <reporter-output>
          </reporter-output>
        </test-method> <!-- executeTestcase -->
        <test-method is-config="true" signature="Reports(org.testng.ITestResult)[pri:0, instance:driver.Driver@1991f767]" started-at="2023-10-16T05:47:51 EDT" name="Reports" finished-at="2023-10-16T05:47:51 EDT" duration-ms="0" status="PASS">
          <params>
            <param index="0">
              <value>
                <![CDATA[[TestResult name=executeTestcase status=SUCCESS method=Driver.executeTestcase(org.testng.ITestContext)[pri:0, instance:driver.Driver@1991f767] output={null}]]]>
              </value>
            </param>
          </params>
          <reporter-output>
          </reporter-output>
        </test-method> <!-- Reports -->
        <test-method signature="executeTestcase(org.testng.ITestContext)[pri:0, instance:driver.Driver@1991f767]" started-at="2023-10-16T05:47:51 EDT" name="executeTestcase" finished-at="2023-10-16T05:47:51 EDT" duration-ms="2" status="PASS">
          <params>
            <param index="0">
              <value>
                <![CDATA[org.testng.TestRunner@47a64f7d]]>
              </value>
            </param>
          </params>
          <reporter-output>
          </reporter-output>
        </test-method> <!-- executeTestcase -->
        <test-method signature="executeTestcase(org.testng.ITestContext)[pri:0, instance:driver.Driver@1991f767]" started-at="2023-10-16T05:47:51 EDT" name="executeTestcase" finished-at="2023-10-16T05:47:51 EDT" duration-ms="1" status="PASS">
          <params>
            <param index="0">
              <value>
                <![CDATA[org.testng.TestRunner@47a64f7d]]>
              </value>
            </param>
          </params>
          <reporter-output>
          </reporter-output>
        </test-method> <!-- executeTestcase -->
        <test-method is-config="true" signature="Reports(org.testng.ITestResult)[pri:0, instance:driver.Driver@1991f767]" started-at="2023-10-16T05:47:51 EDT" name="Reports" finished-at="2023-10-16T05:47:51 EDT" duration-ms="0" status="PASS">
          <params>
            <param index="0">
              <value>
                <![CDATA[[TestResult name=executeTestcase status=SUCCESS method=Driver.executeTestcase(org.testng.ITestContext)[pri:0, instance:driver.Driver@1991f767] output={null}]]]>
              </value>
            </param>
          </params>
          <reporter-output>
          </reporter-output>
        </test-method> <!-- Reports -->
        <test-method is-config="true" signature="Reports(org.testng.ITestResult)[pri:0, instance:driver.Driver@1991f767]" started-at="2023-10-16T05:47:51 EDT" name="Reports" finished-at="2023-10-16T05:47:51 EDT" duration-ms="1" status="PASS">
          <params>
            <param index="0">
              <value>
                <![CDATA[[TestResult name=executeTestcase status=SUCCESS method=Driver.executeTestcase(org.testng.ITestContext)[pri:0, instance:driver.Driver@1991f767] output={null}]]]>
              </value>
            </param>
          </params>
          <reporter-output>
          </reporter-output>
        </test-method> <!-- Reports -->
        <test-method signature="executeTestcase(org.testng.ITestContext)[pri:0, instance:driver.Driver@1991f767]" started-at="2023-10-16T05:47:51 EDT" name="executeTestcase" finished-at="2023-10-16T05:47:51 EDT" duration-ms="1" status="PASS">
          <params>
            <param index="0">
              <value>
                <![CDATA[org.testng.TestRunner@47a64f7d]]>
              </value>
            </param>
          </params>
          <reporter-output>
          </reporter-output>
        </test-method> <!-- executeTestcase -->
        <test-method is-config="true" signature="Reports(org.testng.ITestResult)[pri:0, instance:driver.Driver@1991f767]" started-at="2023-10-16T05:47:51 EDT" name="Reports" finished-at="2023-10-16T05:47:51 EDT" duration-ms="1" status="PASS">
          <params>
            <param index="0">
              <value>
                <![CDATA[[TestResult name=executeTestcase status=SUCCESS method=Driver.executeTestcase(org.testng.ITestContext)[pri:0, instance:driver.Driver@1991f767] output={null}]]]>
              </value>
            </param>
          </params>
          <reporter-output>
          </reporter-output>
        </test-method> <!-- Reports -->
        <test-method signature="executeTestcase(org.testng.ITestContext)[pri:0, instance:driver.Driver@1991f767]" started-at="2023-10-16T05:47:51 EDT" name="executeTestcase" finished-at="2023-10-16T05:47:51 EDT" duration-ms="1" status="PASS">
          <params>
            <param index="0">
              <value>
                <![CDATA[org.testng.TestRunner@47a64f7d]]>
              </value>
            </param>
          </params>
          <reporter-output>
          </reporter-output>
        </test-method> <!-- executeTestcase -->
        <test-method is-config="true" signature="Reports(org.testng.ITestResult)[pri:0, instance:driver.Driver@1991f767]" started-at="2023-10-16T05:47:51 EDT" name="Reports" finished-at="2023-10-16T05:47:51 EDT" duration-ms="1" status="PASS">
          <params>
            <param index="0">
              <value>
                <![CDATA[[TestResult name=executeTestcase status=SUCCESS method=Driver.executeTestcase(org.testng.ITestContext)[pri:0, instance:driver.Driver@1991f767] output={null}]]]>
              </value>
            </param>
          </params>
          <reporter-output>
          </reporter-output>
        </test-method> <!-- Reports -->
        <test-method signature="executeTestcase(org.testng.ITestContext)[pri:0, instance:driver.Driver@1991f767]" started-at="2023-10-16T05:47:51 EDT" name="executeTestcase" finished-at="2023-10-16T05:47:51 EDT" duration-ms="0" status="PASS">
          <params>
            <param index="0">
              <value>
                <![CDATA[org.testng.TestRunner@47a64f7d]]>
              </value>
            </param>
          </params>
          <reporter-output>
          </reporter-output>
        </test-method> <!-- executeTestcase -->
        <test-method is-config="true" signature="Reports(org.testng.ITestResult)[pri:0, instance:driver.Driver@1991f767]" started-at="2023-10-16T05:47:51 EDT" name="Reports" finished-at="2023-10-16T05:47:51 EDT" duration-ms="0" status="PASS">
          <params>
            <param index="0">
              <value>
                <![CDATA[[TestResult name=executeTestcase status=SUCCESS method=Driver.executeTestcase(org.testng.ITestContext)[pri:0, instance:driver.Driver@1991f767] output={null}]]]>
              </value>
            </param>
          </params>
          <reporter-output>
          </reporter-output>
        </test-method> <!-- Reports -->
        <test-method signature="executeTestcase(org.testng.ITestContext)[pri:0, instance:driver.Driver@1991f767]" started-at="2023-10-16T05:47:51 EDT" name="executeTestcase" finished-at="2023-10-16T05:47:51 EDT" duration-ms="2" status="PASS">
          <params>
            <param index="0">
              <value>
                <![CDATA[org.testng.TestRunner@47a64f7d]]>
              </value>
            </param>
          </params>
          <reporter-output>
          </reporter-output>
        </test-method> <!-- executeTestcase -->
        <test-method is-config="true" signature="Reports(org.testng.ITestResult)[pri:0, instance:driver.Driver@1991f767]" started-at="2023-10-16T05:47:51 EDT" name="Reports" finished-at="2023-10-16T05:47:51 EDT" duration-ms="1" status="PASS">
          <params>
            <param index="0">
              <value>
                <![CDATA[[TestResult name=executeTestcase status=SUCCESS method=Driver.executeTestcase(org.testng.ITestContext)[pri:0, instance:driver.Driver@1991f767] output={null}]]]>
              </value>
            </param>
          </params>
          <reporter-output>
          </reporter-output>
        </test-method> <!-- Reports -->
        <test-method signature="executeTestcase(org.testng.ITestContext)[pri:0, instance:driver.Driver@1991f767]" started-at="2023-10-16T05:47:51 EDT" name="executeTestcase" finished-at="2023-10-16T05:47:51 EDT" duration-ms="2" status="PASS">
          <params>
            <param index="0">
              <value>
                <![CDATA[org.testng.TestRunner@47a64f7d]]>
              </value>
            </param>
          </params>
          <reporter-output>
          </reporter-output>
        </test-method> <!-- executeTestcase -->
        <test-method is-config="true" signature="Reports(org.testng.ITestResult)[pri:0, instance:driver.Driver@1991f767]" started-at="2023-10-16T05:47:51 EDT" name="Reports" finished-at="2023-10-16T05:47:51 EDT" duration-ms="0" status="PASS">
          <params>
            <param index="0">
              <value>
                <![CDATA[[TestResult name=executeTestcase status=SUCCESS method=Driver.executeTestcase(org.testng.ITestContext)[pri:0, instance:driver.Driver@1991f767] output={null}]]]>
              </value>
            </param>
          </params>
          <reporter-output>
          </reporter-output>
        </test-method> <!-- Reports -->
        <test-method signature="executeTestcase(org.testng.ITestContext)[pri:0, instance:driver.Driver@1991f767]" started-at="2023-10-16T05:47:51 EDT" name="executeTestcase" finished-at="2023-10-16T05:47:51 EDT" duration-ms="2" status="PASS">
          <params>
            <param index="0">
              <value>
                <![CDATA[org.testng.TestRunner@47a64f7d]]>
              </value>
            </param>
          </params>
          <reporter-output>
          </reporter-output>
        </test-method> <!-- executeTestcase -->
        <test-method is-config="true" signature="Reports(org.testng.ITestResult)[pri:0, instance:driver.Driver@1991f767]" started-at="2023-10-16T05:47:51 EDT" name="Reports" finished-at="2023-10-16T05:47:51 EDT" duration-ms="0" status="PASS">
          <params>
            <param index="0">
              <value>
                <![CDATA[[TestResult name=executeTestcase status=SUCCESS method=Driver.executeTestcase(org.testng.ITestContext)[pri:0, instance:driver.Driver@1991f767] output={null}]]]>
              </value>
            </param>
          </params>
          <reporter-output>
          </reporter-output>
        </test-method> <!-- Reports -->
        <test-method signature="executeTestcase(org.testng.ITestContext)[pri:0, instance:driver.Driver@1991f767]" started-at="2023-10-16T05:47:51 EDT" name="executeTestcase" finished-at="2023-10-16T05:47:51 EDT" duration-ms="1" status="PASS">
          <params>
            <param index="0">
              <value>
                <![CDATA[org.testng.TestRunner@47a64f7d]]>
              </value>
            </param>
          </params>
          <reporter-output>
          </reporter-output>
        </test-method> <!-- executeTestcase -->
        <test-method is-config="true" signature="Reports(org.testng.ITestResult)[pri:0, instance:driver.Driver@1991f767]" started-at="2023-10-16T05:47:51 EDT" name="Reports" finished-at="2023-10-16T05:47:51 EDT" duration-ms="0" status="PASS">
          <params>
            <param index="0">
              <value>
                <![CDATA[[TestResult name=executeTestcase status=SUCCESS method=Driver.executeTestcase(org.testng.ITestContext)[pri:0, instance:driver.Driver@1991f767] output={null}]]]>
              </value>
            </param>
          </params>
          <reporter-output>
          </reporter-output>
        </test-method> <!-- Reports -->
        <test-method signature="executeTestcase(org.testng.ITestContext)[pri:0, instance:driver.Driver@1991f767]" started-at="2023-10-16T05:47:51 EDT" name="executeTestcase" finished-at="2023-10-16T05:47:51 EDT" duration-ms="0" status="PASS">
          <params>
            <param index="0">
              <value>
                <![CDATA[org.testng.TestRunner@47a64f7d]]>
              </value>
            </param>
          </params>
          <reporter-output>
          </reporter-output>
        </test-method> <!-- executeTestcase -->
        <test-method signature="executeTestcase(org.testng.ITestContext)[pri:0, instance:driver.Driver@1991f767]" started-at="2023-10-16T05:47:51 EDT" name="executeTestcase" finished-at="2023-10-16T05:47:51 EDT" duration-ms="0" status="PASS">
          <params>
            <param index="0">
              <value>
                <![CDATA[org.testng.TestRunner@47a64f7d]]>
              </value>
            </param>
          </params>
          <reporter-output>
          </reporter-output>
        </test-method> <!-- executeTestcase -->
        <test-method is-config="true" signature="Reports(org.testng.ITestResult)[pri:0, instance:driver.Driver@1991f767]" started-at="2023-10-16T05:47:51 EDT" name="Reports" finished-at="2023-10-16T05:47:51 EDT" duration-ms="0" status="PASS">
          <params>
            <param index="0">
              <value>
                <![CDATA[[TestResult name=executeTestcase status=SUCCESS method=Driver.executeTestcase(org.testng.ITestContext)[pri:0, instance:driver.Driver@1991f767] output={null}]]]>
              </value>
            </param>
          </params>
          <reporter-output>
          </reporter-output>
        </test-method> <!-- Reports -->
        <test-method signature="executeTestcase(org.testng.ITestContext)[pri:0, instance:driver.Driver@1991f767]" started-at="2023-10-16T05:47:51 EDT" name="executeTestcase" finished-at="2023-10-16T05:47:51 EDT" duration-ms="1" status="PASS">
          <params>
            <param index="0">
              <value>
                <![CDATA[org.testng.TestRunner@47a64f7d]]>
              </value>
            </param>
          </params>
          <reporter-output>
          </reporter-output>
        </test-method> <!-- executeTestcase -->
        <test-method is-config="true" signature="Reports(org.testng.ITestResult)[pri:0, instance:driver.Driver@1991f767]" started-at="2023-10-16T05:47:51 EDT" name="Reports" finished-at="2023-10-16T05:47:51 EDT" duration-ms="0" status="PASS">
          <params>
            <param index="0">
              <value>
                <![CDATA[[TestResult name=executeTestcase status=SUCCESS method=Driver.executeTestcase(org.testng.ITestContext)[pri:0, instance:driver.Driver@1991f767] output={null}]]]>
              </value>
            </param>
          </params>
          <reporter-output>
          </reporter-output>
        </test-method> <!-- Reports -->
        <test-method signature="executeTestcase(org.testng.ITestContext)[pri:0, instance:driver.Driver@1991f767]" started-at="2023-10-16T05:47:51 EDT" name="executeTestcase" finished-at="2023-10-16T05:47:51 EDT" duration-ms="1" status="PASS">
          <params>
            <param index="0">
              <value>
                <![CDATA[org.testng.TestRunner@47a64f7d]]>
              </value>
            </param>
          </params>
          <reporter-output>
          </reporter-output>
        </test-method> <!-- executeTestcase -->
        <test-method is-config="true" signature="Reports(org.testng.ITestResult)[pri:0, instance:driver.Driver@1991f767]" started-at="2023-10-16T05:47:51 EDT" name="Reports" finished-at="2023-10-16T05:47:51 EDT" duration-ms="0" status="PASS">
          <params>
            <param index="0">
              <value>
                <![CDATA[[TestResult name=executeTestcase status=SUCCESS method=Driver.executeTestcase(org.testng.ITestContext)[pri:0, instance:driver.Driver@1991f767] output={null}]]]>
              </value>
            </param>
          </params>
          <reporter-output>
          </reporter-output>
        </test-method> <!-- Reports -->
        <test-method signature="executeTestcase(org.testng.ITestContext)[pri:0, instance:driver.Driver@1991f767]" started-at="2023-10-16T05:47:51 EDT" name="executeTestcase" finished-at="2023-10-16T05:47:51 EDT" duration-ms="1" status="PASS">
          <params>
            <param index="0">
              <value>
                <![CDATA[org.testng.TestRunner@47a64f7d]]>
              </value>
            </param>
          </params>
          <reporter-output>
          </reporter-output>
        </test-method> <!-- executeTestcase -->
        <test-method is-config="true" signature="Reports(org.testng.ITestResult)[pri:0, instance:driver.Driver@1991f767]" started-at="2023-10-16T05:47:51 EDT" name="Reports" finished-at="2023-10-16T05:47:51 EDT" duration-ms="0" status="PASS">
          <params>
            <param index="0">
              <value>
                <![CDATA[[TestResult name=executeTestcase status=SUCCESS method=Driver.executeTestcase(org.testng.ITestContext)[pri:0, instance:driver.Driver@1991f767] output={null}]]]>
              </value>
            </param>
          </params>
          <reporter-output>
          </reporter-output>
        </test-method> <!-- Reports -->
        <test-method signature="executeTestcase(org.testng.ITestContext)[pri:0, instance:driver.Driver@1991f767]" started-at="2023-10-16T05:47:51 EDT" name="executeTestcase" finished-at="2023-10-16T05:47:51 EDT" duration-ms="1" status="PASS">
          <params>
            <param index="0">
              <value>
                <![CDATA[org.testng.TestRunner@47a64f7d]]>
              </value>
            </param>
          </params>
          <reporter-output>
          </reporter-output>
        </test-method> <!-- executeTestcase -->
        <test-method is-config="true" signature="Reports(org.testng.ITestResult)[pri:0, instance:driver.Driver@1991f767]" started-at="2023-10-16T05:47:51 EDT" name="Reports" finished-at="2023-10-16T05:47:51 EDT" duration-ms="0" status="PASS">
          <params>
            <param index="0">
              <value>
                <![CDATA[[TestResult name=executeTestcase status=SUCCESS method=Driver.executeTestcase(org.testng.ITestContext)[pri:0, instance:driver.Driver@1991f767] output={null}]]]>
              </value>
            </param>
          </params>
          <reporter-output>
          </reporter-output>
        </test-method> <!-- Reports -->
        <test-method signature="executeTestcase(org.testng.ITestContext)[pri:0, instance:driver.Driver@1991f767]" started-at="2023-10-16T05:47:51 EDT" name="executeTestcase" finished-at="2023-10-16T05:47:51 EDT" duration-ms="1" status="PASS">
          <params>
            <param index="0">
              <value>
                <![CDATA[org.testng.TestRunner@47a64f7d]]>
              </value>
            </param>
          </params>
          <reporter-output>
          </reporter-output>
        </test-method> <!-- executeTestcase -->
        <test-method is-config="true" signature="Reports(org.testng.ITestResult)[pri:0, instance:driver.Driver@1991f767]" started-at="2023-10-16T05:47:51 EDT" name="Reports" finished-at="2023-10-16T05:47:51 EDT" duration-ms="0" status="PASS">
          <params>
            <param index="0">
              <value>
                <![CDATA[[TestResult name=executeTestcase status=SUCCESS method=Driver.executeTestcase(org.testng.ITestContext)[pri:0, instance:driver.Driver@1991f767] output={null}]]]>
              </value>
            </param>
          </params>
          <reporter-output>
          </reporter-output>
        </test-method> <!-- Reports -->
        <test-method is-config="true" signature="Reports(org.testng.ITestResult)[pri:0, instance:driver.Driver@1991f767]" started-at="2023-10-16T05:47:51 EDT" name="Reports" finished-at="2023-10-16T05:47:51 EDT" duration-ms="1" status="PASS">
          <params>
            <param index="0">
              <value>
                <![CDATA[[TestResult name=executeTestcase status=SUCCESS method=Driver.executeTestcase(org.testng.ITestContext)[pri:0, instance:driver.Driver@1991f767] output={null}]]]>
              </value>
            </param>
          </params>
          <reporter-output>
          </reporter-output>
        </test-method> <!-- Reports -->
        <test-method signature="executeTestcase(org.testng.ITestContext)[pri:0, instance:driver.Driver@1991f767]" started-at="2023-10-16T05:47:51 EDT" name="executeTestcase" finished-at="2023-10-16T05:47:51 EDT" duration-ms="1" status="PASS">
          <params>
            <param index="0">
              <value>
                <![CDATA[org.testng.TestRunner@47a64f7d]]>
              </value>
            </param>
          </params>
          <reporter-output>
          </reporter-output>
        </test-method> <!-- executeTestcase -->
        <test-method is-config="true" signature="Reports(org.testng.ITestResult)[pri:0, instance:driver.Driver@1991f767]" started-at="2023-10-16T05:47:51 EDT" name="Reports" finished-at="2023-10-16T05:47:51 EDT" duration-ms="1" status="PASS">
          <params>
            <param index="0">
              <value>
                <![CDATA[[TestResult name=executeTestcase status=SUCCESS method=Driver.executeTestcase(org.testng.ITestContext)[pri:0, instance:driver.Driver@1991f767] output={null}]]]>
              </value>
            </param>
          </params>
          <reporter-output>
          </reporter-output>
        </test-method> <!-- Reports -->
        <test-method signature="executeTestcase(org.testng.ITestContext)[pri:0, instance:driver.Driver@1991f767]" started-at="2023-10-16T05:47:51 EDT" name="executeTestcase" finished-at="2023-10-16T05:47:51 EDT" duration-ms="1" status="PASS">
          <params>
            <param index="0">
              <value>
                <![CDATA[org.testng.TestRunner@47a64f7d]]>
              </value>
            </param>
          </params>
          <reporter-output>
          </reporter-output>
        </test-method> <!-- executeTestcase -->
        <test-method is-config="true" signature="Reports(org.testng.ITestResult)[pri:0, instance:driver.Driver@1991f767]" started-at="2023-10-16T05:47:51 EDT" name="Reports" finished-at="2023-10-16T05:47:51 EDT" duration-ms="1" status="PASS">
          <params>
            <param index="0">
              <value>
                <![CDATA[[TestResult name=executeTestcase status=SUCCESS method=Driver.executeTestcase(org.testng.ITestContext)[pri:0, instance:driver.Driver@1991f767] output={null}]]]>
              </value>
            </param>
          </params>
          <reporter-output>
          </reporter-output>
        </test-method> <!-- Reports -->
        <test-method signature="executeTestcase(org.testng.ITestContext)[pri:0, instance:driver.Driver@1991f767]" started-at="2023-10-16T05:47:51 EDT" name="executeTestcase" finished-at="2023-10-16T05:47:51 EDT" duration-ms="3" status="PASS">
          <params>
            <param index="0">
              <value>
                <![CDATA[org.testng.TestRunner@47a64f7d]]>
              </value>
            </param>
          </params>
          <reporter-output>
          </reporter-output>
        </test-method> <!-- executeTestcase -->
        <test-method signature="executeTestcase(org.testng.ITestContext)[pri:0, instance:driver.Driver@1991f767]" started-at="2023-10-16T05:47:51 EDT" name="executeTestcase" finished-at="2023-10-16T05:47:51 EDT" duration-ms="1" status="PASS">
          <params>
            <param index="0">
              <value>
                <![CDATA[org.testng.TestRunner@47a64f7d]]>
              </value>
            </param>
          </params>
          <reporter-output>
          </reporter-output>
        </test-method> <!-- executeTestcase -->
        <test-method is-config="true" signature="Reports(org.testng.ITestResult)[pri:0, instance:driver.Driver@1991f767]" started-at="2023-10-16T05:47:51 EDT" name="Reports" finished-at="2023-10-16T05:47:51 EDT" duration-ms="0" status="PASS">
          <params>
            <param index="0">
              <value>
                <![CDATA[[TestResult name=executeTestcase status=SUCCESS method=Driver.executeTestcase(org.testng.ITestContext)[pri:0, instance:driver.Driver@1991f767] output={null}]]]>
              </value>
            </param>
          </params>
          <reporter-output>
          </reporter-output>
        </test-method> <!-- Reports -->
        <test-method is-config="true" signature="Reports(org.testng.ITestResult)[pri:0, instance:driver.Driver@1991f767]" started-at="2023-10-16T05:47:51 EDT" name="Reports" finished-at="2023-10-16T05:47:51 EDT" duration-ms="1" status="PASS">
          <params>
            <param index="0">
              <value>
                <![CDATA[[TestResult name=executeTestcase status=SUCCESS method=Driver.executeTestcase(org.testng.ITestContext)[pri:0, instance:driver.Driver@1991f767] output={null}]]]>
              </value>
            </param>
          </params>
          <reporter-output>
          </reporter-output>
        </test-method> <!-- Reports -->
        <test-method signature="executeTestcase(org.testng.ITestContext)[pri:0, instance:driver.Driver@1991f767]" started-at="2023-10-16T05:47:51 EDT" name="executeTestcase" finished-at="2023-10-16T05:47:51 EDT" duration-ms="0" status="PASS">
          <params>
            <param index="0">
              <value>
                <![CDATA[org.testng.TestRunner@47a64f7d]]>
              </value>
            </param>
          </params>
          <reporter-output>
          </reporter-output>
        </test-method> <!-- executeTestcase -->
        <test-method is-config="true" signature="Reports(org.testng.ITestResult)[pri:0, instance:driver.Driver@1991f767]" started-at="2023-10-16T05:47:51 EDT" name="Reports" finished-at="2023-10-16T05:47:51 EDT" duration-ms="1" status="PASS">
          <params>
            <param index="0">
              <value>
                <![CDATA[[TestResult name=executeTestcase status=SUCCESS method=Driver.executeTestcase(org.testng.ITestContext)[pri:0, instance:driver.Driver@1991f767] output={null}]]]>
              </value>
            </param>
          </params>
          <reporter-output>
          </reporter-output>
        </test-method> <!-- Reports -->
        <test-method signature="executeTestcase(org.testng.ITestContext)[pri:0, instance:driver.Driver@1991f767]" started-at="2023-10-16T05:47:51 EDT" name="executeTestcase" finished-at="2023-10-16T05:47:51 EDT" duration-ms="1" status="PASS">
          <params>
            <param index="0">
              <value>
                <![CDATA[org.testng.TestRunner@47a64f7d]]>
              </value>
            </param>
          </params>
          <reporter-output>
          </reporter-output>
        </test-method> <!-- executeTestcase -->
        <test-method is-config="true" signature="Reports(org.testng.ITestResult)[pri:0, instance:driver.Driver@1991f767]" started-at="2023-10-16T05:47:51 EDT" name="Reports" finished-at="2023-10-16T05:47:51 EDT" duration-ms="0" status="PASS">
          <params>
            <param index="0">
              <value>
                <![CDATA[[TestResult name=executeTestcase status=SUCCESS method=Driver.executeTestcase(org.testng.ITestContext)[pri:0, instance:driver.Driver@1991f767] output={null}]]]>
              </value>
            </param>
          </params>
          <reporter-output>
          </reporter-output>
        </test-method> <!-- Reports -->
        <test-method signature="executeTestcase(org.testng.ITestContext)[pri:0, instance:driver.Driver@1991f767]" started-at="2023-10-16T05:47:51 EDT" name="executeTestcase" finished-at="2023-10-16T05:47:51 EDT" duration-ms="2" status="PASS">
          <params>
            <param index="0">
              <value>
                <![CDATA[org.testng.TestRunner@47a64f7d]]>
              </value>
            </param>
          </params>
          <reporter-output>
          </reporter-output>
        </test-method> <!-- executeTestcase -->
        <test-method is-config="true" signature="Reports(org.testng.ITestResult)[pri:0, instance:driver.Driver@1991f767]" started-at="2023-10-16T05:47:51 EDT" name="Reports" finished-at="2023-10-16T05:47:51 EDT" duration-ms="1" status="PASS">
          <params>
            <param index="0">
              <value>
                <![CDATA[[TestResult name=executeTestcase status=SUCCESS method=Driver.executeTestcase(org.testng.ITestContext)[pri:0, instance:driver.Driver@1991f767] output={null}]]]>
              </value>
            </param>
          </params>
          <reporter-output>
          </reporter-output>
        </test-method> <!-- Reports -->
        <test-method signature="executeTestcase(org.testng.ITestContext)[pri:0, instance:driver.Driver@1991f767]" started-at="2023-10-16T05:47:51 EDT" name="executeTestcase" finished-at="2023-10-16T05:47:51 EDT" duration-ms="0" status="PASS">
          <params>
            <param index="0">
              <value>
                <![CDATA[org.testng.TestRunner@47a64f7d]]>
              </value>
            </param>
          </params>
          <reporter-output>
          </reporter-output>
        </test-method> <!-- executeTestcase -->
        <test-method signature="executeTestcase(org.testng.ITestContext)[pri:0, instance:driver.Driver@1991f767]" started-at="2023-10-16T05:47:51 EDT" name="executeTestcase" finished-at="2023-10-16T05:47:51 EDT" duration-ms="1" status="PASS">
          <params>
            <param index="0">
              <value>
                <![CDATA[org.testng.TestRunner@47a64f7d]]>
              </value>
            </param>
          </params>
          <reporter-output>
          </reporter-output>
        </test-method> <!-- executeTestcase -->
        <test-method is-config="true" signature="Reports(org.testng.ITestResult)[pri:0, instance:driver.Driver@1991f767]" started-at="2023-10-16T05:47:51 EDT" name="Reports" finished-at="2023-10-16T05:47:51 EDT" duration-ms="0" status="PASS">
          <params>
            <param index="0">
              <value>
                <![CDATA[[TestResult name=executeTestcase status=SUCCESS method=Driver.executeTestcase(org.testng.ITestContext)[pri:0, instance:driver.Driver@1991f767] output={null}]]]>
              </value>
            </param>
          </params>
          <reporter-output>
          </reporter-output>
        </test-method> <!-- Reports -->
        <test-method signature="executeTestcase(org.testng.ITestContext)[pri:0, instance:driver.Driver@1991f767]" started-at="2023-10-16T05:47:51 EDT" name="executeTestcase" finished-at="2023-10-16T05:47:51 EDT" duration-ms="3" status="PASS">
          <params>
            <param index="0">
              <value>
                <![CDATA[org.testng.TestRunner@47a64f7d]]>
              </value>
            </param>
          </params>
          <reporter-output>
          </reporter-output>
        </test-method> <!-- executeTestcase -->
        <test-method is-config="true" signature="Reports(org.testng.ITestResult)[pri:0, instance:driver.Driver@1991f767]" started-at="2023-10-16T05:47:51 EDT" name="Reports" finished-at="2023-10-16T05:47:51 EDT" duration-ms="0" status="PASS">
          <params>
            <param index="0">
              <value>
                <![CDATA[[TestResult name=executeTestcase status=SUCCESS method=Driver.executeTestcase(org.testng.ITestContext)[pri:0, instance:driver.Driver@1991f767] output={null}]]]>
              </value>
            </param>
          </params>
          <reporter-output>
          </reporter-output>
        </test-method> <!-- Reports -->
        <test-method signature="executeTestcase(org.testng.ITestContext)[pri:0, instance:driver.Driver@1991f767]" started-at="2023-10-16T05:47:51 EDT" name="executeTestcase" finished-at="2023-10-16T05:47:51 EDT" duration-ms="2" status="PASS">
          <params>
            <param index="0">
              <value>
                <![CDATA[org.testng.TestRunner@47a64f7d]]>
              </value>
            </param>
          </params>
          <reporter-output>
          </reporter-output>
        </test-method> <!-- executeTestcase -->
        <test-method is-config="true" signature="Reports(org.testng.ITestResult)[pri:0, instance:driver.Driver@1991f767]" started-at="2023-10-16T05:47:51 EDT" name="Reports" finished-at="2023-10-16T05:47:51 EDT" duration-ms="0" status="PASS">
          <params>
            <param index="0">
              <value>
                <![CDATA[[TestResult name=executeTestcase status=SUCCESS method=Driver.executeTestcase(org.testng.ITestContext)[pri:0, instance:driver.Driver@1991f767] output={null}]]]>
              </value>
            </param>
          </params>
          <reporter-output>
          </reporter-output>
        </test-method> <!-- Reports -->
        <test-method signature="executeTestcase(org.testng.ITestContext)[pri:0, instance:driver.Driver@1991f767]" started-at="2023-10-16T05:47:51 EDT" name="executeTestcase" finished-at="2023-10-16T05:47:51 EDT" duration-ms="1" status="PASS">
          <params>
            <param index="0">
              <value>
                <![CDATA[org.testng.TestRunner@47a64f7d]]>
              </value>
            </param>
          </params>
          <reporter-output>
          </reporter-output>
        </test-method> <!-- executeTestcase -->
        <test-method is-config="true" signature="Reports(org.testng.ITestResult)[pri:0, instance:driver.Driver@1991f767]" started-at="2023-10-16T05:47:51 EDT" name="Reports" finished-at="2023-10-16T05:47:51 EDT" duration-ms="0" status="PASS">
          <params>
            <param index="0">
              <value>
                <![CDATA[[TestResult name=executeTestcase status=SUCCESS method=Driver.executeTestcase(org.testng.ITestContext)[pri:0, instance:driver.Driver@1991f767] output={null}]]]>
              </value>
            </param>
          </params>
          <reporter-output>
          </reporter-output>
        </test-method> <!-- Reports -->
        <test-method is-config="true" signature="Reports(org.testng.ITestResult)[pri:0, instance:driver.Driver@1991f767]" started-at="2023-10-16T05:47:51 EDT" name="Reports" finished-at="2023-10-16T05:47:51 EDT" duration-ms="0" status="PASS">
          <params>
            <param index="0">
              <value>
                <![CDATA[[TestResult name=executeTestcase status=SUCCESS method=Driver.executeTestcase(org.testng.ITestContext)[pri:0, instance:driver.Driver@1991f767] output={null}]]]>
              </value>
            </param>
          </params>
          <reporter-output>
          </reporter-output>
        </test-method> <!-- Reports -->
        <test-method signature="executeTestcase(org.testng.ITestContext)[pri:0, instance:driver.Driver@1991f767]" started-at="2023-10-16T05:47:51 EDT" name="executeTestcase" finished-at="2023-10-16T05:47:51 EDT" duration-ms="4" status="PASS">
          <params>
            <param index="0">
              <value>
                <![CDATA[org.testng.TestRunner@47a64f7d]]>
              </value>
            </param>
          </params>
          <reporter-output>
          </reporter-output>
        </test-method> <!-- executeTestcase -->
        <test-method is-config="true" signature="Reports(org.testng.ITestResult)[pri:0, instance:driver.Driver@1991f767]" started-at="2023-10-16T05:47:51 EDT" name="Reports" finished-at="2023-10-16T05:47:51 EDT" duration-ms="1" status="PASS">
          <params>
            <param index="0">
              <value>
                <![CDATA[[TestResult name=executeTestcase status=SUCCESS method=Driver.executeTestcase(org.testng.ITestContext)[pri:0, instance:driver.Driver@1991f767] output={null}]]]>
              </value>
            </param>
          </params>
          <reporter-output>
          </reporter-output>
        </test-method> <!-- Reports -->
        <test-method signature="executeTestcase(org.testng.ITestContext)[pri:0, instance:driver.Driver@1991f767]" started-at="2023-10-16T05:47:51 EDT" name="executeTestcase" finished-at="2023-10-16T05:47:51 EDT" duration-ms="2" status="PASS">
          <params>
            <param index="0">
              <value>
                <![CDATA[org.testng.TestRunner@47a64f7d]]>
              </value>
            </param>
          </params>
          <reporter-output>
          </reporter-output>
        </test-method> <!-- executeTestcase -->
        <test-method is-config="true" signature="Reports(org.testng.ITestResult)[pri:0, instance:driver.Driver@1991f767]" started-at="2023-10-16T05:47:51 EDT" name="Reports" finished-at="2023-10-16T05:47:51 EDT" duration-ms="1" status="PASS">
          <params>
            <param index="0">
              <value>
                <![CDATA[[TestResult name=executeTestcase status=SUCCESS method=Driver.executeTestcase(org.testng.ITestContext)[pri:0, instance:driver.Driver@1991f767] output={null}]]]>
              </value>
            </param>
          </params>
          <reporter-output>
          </reporter-output>
        </test-method> <!-- Reports -->
        <test-method signature="executeTestcase(org.testng.ITestContext)[pri:0, instance:driver.Driver@1991f767]" started-at="2023-10-16T05:47:51 EDT" name="executeTestcase" finished-at="2023-10-16T05:47:51 EDT" duration-ms="1" status="PASS">
          <params>
            <param index="0">
              <value>
                <![CDATA[org.testng.TestRunner@47a64f7d]]>
              </value>
            </param>
          </params>
          <reporter-output>
          </reporter-output>
        </test-method> <!-- executeTestcase -->
        <test-method signature="executeTestcase(org.testng.ITestContext)[pri:0, instance:driver.Driver@1991f767]" started-at="2023-10-16T05:47:51 EDT" name="executeTestcase" finished-at="2023-10-16T05:47:51 EDT" duration-ms="1" status="PASS">
[...]
          <params>
            <param index="0">
              <value>
                <![CDATA[org.testng.TestRunner@47a64f7d]]>
              </value>
            </param>
          </params>
          <reporter-output>
          </reporter-output>
        </test-method> <!-- executeTestcase -->
        <test-method is-config="true" signature="Reports(org.testng.ITestResult)[pri:0, instance:driver.Driver@1991f767]" started-at="2023-10-16T05:47:52 EDT" name="Reports" finished-at="2023-10-16T05:47:52 EDT" duration-ms="0" status="PASS">
          <params>
            <param index="0">
              <value>
                <![CDATA[[TestResult name=executeTestcase status=SUCCESS method=Driver.executeTestcase(org.testng.ITestContext)[pri:0, instance:driver.Driver@1991f767] output={null}]]]>
              </value>
            </param>
          </params>
          <reporter-output>
          </reporter-output>
        </test-method> <!-- Reports -->
        <test-method signature="executeTestcase(org.testng.ITestContext)[pri:0, instance:driver.Driver@1991f767]" started-at="2023-10-16T05:47:52 EDT" name="executeTestcase" finished-at="2023-10-16T05:52:08 EDT" duration-ms="256125" status="PASS">
          <params>
            <param index="0">
              <value>
                <![CDATA[org.testng.TestRunner@47a64f7d]]>
              </value>
            </param>
          </params>
          <reporter-output>
          </reporter-output>
        </test-method> <!-- executeTestcase -->
        <test-method is-config="true" signature="Reports(org.testng.ITestResult)[pri:0, instance:driver.Driver@1991f767]" started-at="2023-10-16T05:52:08 EDT" name="Reports" finished-at="2023-10-16T05:52:12 EDT" duration-ms="4595" status="PASS">
          <params>
            <param index="0">
              <value>
                <![CDATA[[TestResult name=executeTestcase status=SUCCESS method=Driver.executeTestcase(org.testng.ITestContext)[pri:0, instance:driver.Driver@1991f767] output={null}]]]>
              </value>
            </param>
          </params>
          <reporter-output>
          </reporter-output>
        </test-method> <!-- Reports -->
        <test-method signature="executeTestcase(org.testng.ITestContext)[pri:0, instance:driver.Driver@1991f767]" started-at="2023-10-16T05:52:12 EDT" name="executeTestcase" finished-at="2023-10-16T05:57:09 EDT" duration-ms="296863" status="PASS">
          <params>
            <param index="0">
              <value>
                <![CDATA[org.testng.TestRunner@47a64f7d]]>
              </value>
            </param>
          </params>
          <reporter-output>
          </reporter-output>
        </test-method> <!-- executeTestcase -->
        <test-method is-config="true" signature="Reports(org.testng.ITestResult)[pri:0, instance:driver.Driver@1991f767]" started-at="2023-10-16T05:57:09 EDT" name="Reports" finished-at="2023-10-16T05:57:12 EDT" duration-ms="2306" status="PASS">
          <params>
            <param index="0">
              <value>
                <![CDATA[[TestResult name=executeTestcase status=SUCCESS method=Driver.executeTestcase(org.testng.ITestContext)[pri:0, instance:driver.Driver@1991f767] output={null}]]]>
              </value>
            </param>
          </params>
          <reporter-output>
          </reporter-output>
        </test-method> <!-- Reports -->
        <test-method signature="executeTestcase(org.testng.ITestContext)[pri:0, instance:driver.Driver@1991f767]" started-at="2023-10-16T05:57:12 EDT" name="executeTestcase" finished-at="2023-10-16T06:02:22 EDT" duration-ms="310557" status="PASS">
          <params>
            <param index="0">
              <value>
                <![CDATA[org.testng.TestRunner@47a64f7d]]>
              </value>
            </param>
          </params>
          <reporter-output>
          </reporter-output>
        </test-method> <!-- executeTestcase -->
        <test-method is-config="true" signature="Reports(org.testng.ITestResult)[pri:0, instance:driver.Driver@1991f767]" started-at="2023-10-16T06:02:22 EDT" name="Reports" finished-at="2023-10-16T06:02:24 EDT" duration-ms="1684" status="PASS">
          <params>
            <param index="0">
              <value>
                <![CDATA[[TestResult name=executeTestcase status=SUCCESS method=Driver.executeTestcase(org.testng.ITestContext)[pri:0, instance:driver.Driver@1991f767] output={null}]]]>
              </value>
            </param>
          </params>
          <reporter-output>
          </reporter-output>
        </test-method> <!-- Reports -->
        <test-method signature="executeTestcase(org.testng.ITestContext)[pri:0, instance:driver.Driver@1991f767]" started-at="2023-10-16T06:02:24 EDT" name="executeTestcase" finished-at="2023-10-16T06:08:04 EDT" duration-ms="340019" status="PASS">
          <params>
            <param index="0">
              <value>
                <![CDATA[org.testng.TestRunner@47a64f7d]]>
              </value>
            </param>
          </params>
          <reporter-output>
          </reporter-output>
        </test-method> <!-- executeTestcase -->
        <test-method is-config="true" signature="Reports(org.testng.ITestResult)[pri:0, instance:driver.Driver@1991f767]" started-at="2023-10-16T06:08:04 EDT" name="Reports" finished-at="2023-10-16T06:08:05 EDT" duration-ms="1570" status="PASS">
          <params>
            <param index="0">
              <value>
                <![CDATA[[TestResult name=executeTestcase status=SUCCESS method=Driver.executeTestcase(org.testng.ITestContext)[pri:0, instance:driver.Driver@1991f767] output={null}]]]>
              </value>
            </param>
          </params>
          <reporter-output>
          </reporter-output>
        </test-method> <!-- Reports -->
        <test-method signature="executeTestcase(org.testng.ITestContext)[pri:0, instance:driver.Driver@1991f767]" started-at="2023-10-16T06:08:05 EDT" name="executeTestcase" finished-at="2023-10-16T06:13:47 EDT" duration-ms="341469" status="PASS">
          <params>
            <param index="0">
              <value>
                <![CDATA[org.testng.TestRunner@47a64f7d]]>
              </value>
            </param>
          </params>
          <reporter-output>
          </reporter-output>
        </test-method> <!-- executeTestcase -->
        <test-method is-config="true" signature="Reports(org.testng.ITestResult)[pri:0, instance:driver.Driver@1991f767]" started-at="2023-10-16T06:13:47 EDT" name="Reports" finished-at="2023-10-16T06:13:49 EDT" duration-ms="1639" status="PASS">
          <params>
            <param index="0">
              <value>
                <![CDATA[[TestResult name=executeTestcase status=SUCCESS method=Driver.executeTestcase(org.testng.ITestContext)[pri:0, instance:driver.Driver@1991f767] output={null}]]]>
              </value>
            </param>
          </params>
          <reporter-output>
          </reporter-output>
        </test-method> <!-- Reports -->
        <test-method signature="executeTestcase(org.testng.ITestContext)[pri:0, instance:driver.Driver@1991f767]" started-at="2023-10-16T06:13:49 EDT" name="executeTestcase" finished-at="2023-10-16T06:19:30 EDT" duration-ms="341738" status="PASS">
          <params>
            <param index="0">
              <value>
                <![CDATA[org.testng.TestRunner@47a64f7d]]>
              </value>
            </param>
          </params>
          <reporter-output>
          </reporter-output>
        </test-method> <!-- executeTestcase -->
        <test-method is-config="true" signature="Reports(org.testng.ITestResult)[pri:0, instance:driver.Driver@1991f767]" started-at="2023-10-16T06:19:30 EDT" name="Reports" finished-at="2023-10-16T06:19:32 EDT" duration-ms="1612" status="PASS">
          <params>
            <param index="0">
              <value>
                <![CDATA[[TestResult name=executeTestcase status=SUCCESS method=Driver.executeTestcase(org.testng.ITestContext)[pri:0, instance:driver.Driver@1991f767] output={null}]]]>
              </value>
            </param>
          </params>
          <reporter-output>
          </reporter-output>
        </test-method> <!-- Reports -->
        <test-method signature="executeTestcase(org.testng.ITestContext)[pri:0, instance:driver.Driver@1991f767]" started-at="2023-10-16T06:19:32 EDT" name="executeTestcase" finished-at="2023-10-16T06:23:28 EDT" duration-ms="235975" status="PASS">
          <params>
            <param index="0">
              <value>
                <![CDATA[org.testng.TestRunner@47a64f7d]]>
              </value>
            </param>
          </params>
          <reporter-output>
          </reporter-output>
        </test-method> <!-- executeTestcase -->
        <test-method is-config="true" signature="Reports(org.testng.ITestResult)[pri:0, instance:driver.Driver@1991f767]" started-at="2023-10-16T06:23:28 EDT" name="Reports" finished-at="2023-10-16T06:23:29 EDT" duration-ms="1491" status="PASS">
          <params>
            <param index="0">
              <value>
                <![CDATA[[TestResult name=executeTestcase status=SUCCESS method=Driver.executeTestcase(org.testng.ITestContext)[pri:0, instance:driver.Driver@1991f767] output={null}]]]>
              </value>
            </param>
          </params>
          <reporter-output>
          </reporter-output>
        </test-method> <!-- Reports -->
        <test-method signature="executeTestcase(org.testng.ITestContext)[pri:0, instance:driver.Driver@1991f767]" started-at="2023-10-16T06:23:29 EDT" name="executeTestcase" finished-at="2023-10-16T06:29:18 EDT" duration-ms="348926" status="PASS">
          <params>
            <param index="0">
              <value>
                <![CDATA[org.testng.TestRunner@47a64f7d]]>
              </value>
            </param>
          </params>
          <reporter-output>
          </reporter-output>
        </test-method> <!-- executeTestcase -->
        <test-method is-config="true" signature="Reports(org.testng.ITestResult)[pri:0, instance:driver.Driver@1991f767]" started-at="2023-10-16T06:29:18 EDT" name="Reports" finished-at="2023-10-16T06:29:20 EDT" duration-ms="1678" status="PASS">
          <params>
            <param index="0">
              <value>
                <![CDATA[[TestResult name=executeTestcase status=SUCCESS method=Driver.executeTestcase(org.testng.ITestContext)[pri:0, instance:driver.Driver@1991f767] output={null}]]]>
              </value>
            </param>
          </params>
          <reporter-output>
          </reporter-output>
        </test-method> <!-- Reports -->
        <test-method signature="executeTestcase(org.testng.ITestContext)[pri:0, instance:driver.Driver@1991f767]" started-at="2023-10-16T06:29:20 EDT" name="executeTestcase" finished-at="2023-10-16T06:33:43 EDT" duration-ms="263388" status="PASS">
          <params>
            <param index="0">
              <value>
                <![CDATA[org.testng.TestRunner@47a64f7d]]>
              </value>
            </param>
          </params>
          <reporter-output>
          </reporter-output>
        </test-method> <!-- executeTestcase -->
        <test-method is-config="true" signature="Reports(org.testng.ITestResult)[pri:0, instance:driver.Driver@1991f767]" started-at="2023-10-16T06:33:43 EDT" name="Reports" finished-at="2023-10-16T06:33:45 EDT" duration-ms="1680" status="PASS">
          <params>
            <param index="0">
              <value>
                <![CDATA[[TestResult name=executeTestcase status=SUCCESS method=Driver.executeTestcase(org.testng.ITestContext)[pri:0, instance:driver.Driver@1991f767] output={null}]]]>
              </value>
            </param>
          </params>
          <reporter-output>
          </reporter-output>
        </test-method> <!-- Reports -->
        <test-method signature="executeTestcase(org.testng.ITestContext)[pri:0, instance:driver.Driver@1991f767]" started-at="2023-10-16T06:33:45 EDT" name="executeTestcase" finished-at="2023-10-16T06:39:20 EDT" duration-ms="334552" status="PASS">
          <params>
            <param index="0">
              <value>
                <![CDATA[org.testng.TestRunner@47a64f7d]]>
              </value>
            </param>
          </params>
          <reporter-output>
          </reporter-output>
        </test-method> <!-- executeTestcase -->
        <test-method is-config="true" signature="Reports(org.testng.ITestResult)[pri:0, instance:driver.Driver@1991f767]" started-at="2023-10-16T06:39:20 EDT" name="Reports" finished-at="2023-10-16T06:39:21 EDT" duration-ms="1549" status="PASS">
          <params>
            <param index="0">
              <value>
                <![CDATA[[TestResult name=executeTestcase status=SUCCESS method=Driver.executeTestcase(org.testng.ITestContext)[pri:0, instance:driver.Driver@1991f767] output={null}]]]>
              </value>
            </param>
          </params>
          <reporter-output>
          </reporter-output>
        </test-method> <!-- Reports -->
        <test-method signature="executeTestcase(org.testng.ITestContext)[pri:0, instance:driver.Driver@1991f767]" started-at="2023-10-16T06:39:21 EDT" name="executeTestcase" finished-at="2023-10-16T06:44:55 EDT" duration-ms="333531" status="PASS">
          <params>
            <param index="0">
              <value>
                <![CDATA[org.testng.TestRunner@47a64f7d]]>
              </value>
            </param>
          </params>
          <reporter-output>
          </reporter-output>
        </test-method> <!-- executeTestcase -->
        <test-method is-config="true" signature="Reports(org.testng.ITestResult)[pri:0, instance:driver.Driver@1991f767]" started-at="2023-10-16T06:44:55 EDT" name="Reports" finished-at="2023-10-16T06:44:56 EDT" duration-ms="1538" status="PASS">
          <params>
            <param index="0">
              <value>
                <![CDATA[[TestResult name=executeTestcase status=SUCCESS method=Driver.executeTestcase(org.testng.ITestContext)[pri:0, instance:driver.Driver@1991f767] output={null}]]]>
              </value>
            </param>
          </params>
          <reporter-output>
          </reporter-output>
        </test-method> <!-- Reports -->
        <test-method signature="executeTestcase(org.testng.ITestContext)[pri:0, instance:driver.Driver@1991f767]" started-at="2023-10-16T06:44:56 EDT" name="executeTestcase" finished-at="2023-10-16T06:50:08 EDT" duration-ms="311799" status="PASS">
          <params>
            <param index="0">
              <value>
                <![CDATA[org.testng.TestRunner@47a64f7d]]>
              </value>
            </param>
          </params>
          <reporter-output>
          </reporter-output>
        </test-method> <!-- executeTestcase -->
        <test-method is-config="true" signature="Reports(org.testng.ITestResult)[pri:0, instance:driver.Driver@1991f767]" started-at="2023-10-16T06:50:08 EDT" name="Reports" finished-at="2023-10-16T06:50:10 EDT" duration-ms="1561" status="PASS">
          <params>
            <param index="0">
              <value>
                <![CDATA[[TestResult name=executeTestcase status=SUCCESS method=Driver.executeTestcase(org.testng.ITestContext)[pri:0, instance:driver.Driver@1991f767] output={null}]]]>
              </value>
            </param>
          </params>
          <reporter-output>
          </reporter-output>
        </test-method> <!-- Reports -->
        <test-method signature="executeTestcase(org.testng.ITestContext)[pri:0, instance:driver.Driver@1991f767]" started-at="2023-10-16T06:50:10 EDT" name="executeTestcase" finished-at="2023-10-16T06:55:29 EDT" duration-ms="319166" status="PASS">
          <params>
            <param index="0">
              <value>
                <![CDATA[org.testng.TestRunner@47a64f7d]]>
              </value>
            </param>
          </params>
          <reporter-output>
          </reporter-output>
        </test-method> <!-- executeTestcase -->
        <test-method is-config="true" signature="Reports(org.testng.ITestResult)[pri:0, instance:driver.Driver@1991f767]" started-at="2023-10-16T06:55:29 EDT" name="Reports" finished-at="2023-10-16T06:55:31 EDT" duration-ms="1654" status="PASS">
          <params>
            <param index="0">
              <value>
                <![CDATA[[TestResult name=executeTestcase status=SUCCESS method=Driver.executeTestcase(org.testng.ITestContext)[pri:0, instance:driver.Driver@1991f767] output={null}]]]>
              </value>
            </param>
          </params>
          <reporter-output>
          </reporter-output>
        </test-method> <!-- Reports -->
        <test-method signature="executeTestcase(org.testng.ITestContext)[pri:0, instance:driver.Driver@1991f767]" started-at="2023-10-16T06:55:31 EDT" name="executeTestcase" finished-at="2023-10-16T07:00:00 EDT" duration-ms="269864" status="PASS">
          <params>
            <param index="0">
              <value>
                <![CDATA[org.testng.TestRunner@47a64f7d]]>
              </value>
            </param>
          </params>
          <reporter-output>
          </reporter-output>
        </test-method> <!-- executeTestcase -->
        <test-method is-config="true" signature="Reports(org.testng.ITestResult)[pri:0, instance:driver.Driver@1991f767]" started-at="2023-10-16T07:00:00 EDT" name="Reports" finished-at="2023-10-16T07:00:02 EDT" duration-ms="1646" status="PASS">
          <params>
            <param index="0">
              <value>
                <![CDATA[[TestResult name=executeTestcase status=SUCCESS method=Driver.executeTestcase(org.testng.ITestContext)[pri:0, instance:driver.Driver@1991f767] output={null}]]]>
              </value>
            </param>
          </params>
          <reporter-output>
          </reporter-output>
        </test-method> <!-- Reports -->
        <test-method signature="executeTestcase(org.testng.ITestContext)[pri:0, instance:driver.Driver@1991f767]" started-at="2023-10-16T07:00:02 EDT" name="executeTestcase" finished-at="2023-10-16T07:03:39 EDT" duration-ms="217311" status="PASS">
          <params>
            <param index="0">
              <value>
                <![CDATA[org.testng.TestRunner@47a64f7d]]>
              </value>
            </param>
          </params>
          <reporter-output>
          </reporter-output>
        </test-method> <!-- executeTestcase -->
        <test-method is-config="true" signature="Reports(org.testng.ITestResult)[pri:0, instance:driver.Driver@1991f767]" started-at="2023-10-16T07:03:39 EDT" name="Reports" finished-at="2023-10-16T07:03:41 EDT" duration-ms="1668" status="PASS">
          <params>
            <param index="0">
              <value>
                <![CDATA[[TestResult name=executeTestcase status=SUCCESS method=Driver.executeTestcase(org.testng.ITestContext)[pri:0, instance:driver.Driver@1991f767] output={null}]]]>
              </value>
            </param>
          </params>
          <reporter-output>
          </reporter-output>
        </test-method> <!-- Reports -->
        <test-method is-config="true" signature="tearDown()[pri:0, instance:driver.Driver@1991f767]" started-at="2023-10-16T07:03:41 EDT" name="tearDown" finished-at="2023-10-16T07:03:42 EDT" duration-ms="530" status="PASS">
          <reporter-output>
          </reporter-output>
        </test-method> <!-- tearDown -->
      </class> <!-- driver.Driver -->
    </test> <!-- Results -->
  </suite> <!-- Suite -->
</testng-results>
