<?xml version="1.0" encoding="UTF-8"?>
<testng-results ignored="0" total="282" passed="282" failed="0" skipped="0">
  <reporter-output>
  </reporter-output>
  <suite started-at="2023-09-06T19:49:27 IST" name="Suite" finished-at="2023-09-06T20:00:48 IST" duration-ms="681255">
    <groups>
    </groups>
    <test started-at="2023-09-06T19:49:27 IST" name="Results" finished-at="2023-09-06T20:00:48 IST" duration-ms="681255">
      <class name="driver.Driver">
        <test-method is-config="true" signature="setUp()[pri:0, instance:driver.Driver@797cf65c]" started-at="2023-09-06T19:49:25 IST" name="setUp" finished-at="2023-09-06T19:49:27 IST" duration-ms="1639" status="PASS">
          <reporter-output>
          </reporter-output>
        </test-method> <!-- setUp -->
        <test-method signature="executeTestcase(org.testng.ITestContext)[pri:0, instance:driver.Driver@797cf65c]" started-at="2023-09-06T19:49:27 IST" name="executeTestcase" finished-at="2023-09-06T20:00:45 IST" duration-ms="678163" status="PASS">
          <params>
            <param index="0">
              <value>
                <![CDATA[org.testng.TestRunner@4baf352a]]>
              </value>
            </param>
          </params>
          <reporter-output>
          </reporter-output>
        </test-method> <!-- executeTestcase -->
        <test-method is-config="true" signature="Reports(org.testng.ITestResult)[pri:0, instance:driver.Driver@797cf65c]" started-at="2023-09-06T20:00:45 IST" name="Reports" finished-at="2023-09-06T20:00:47 IST" duration-ms="2312" status="PASS">
          <params>
            <param index="0">
              <value>
                <![CDATA[[TestResult name=executeTestcase status=SUCCESS method=Driver.executeTestcase(org.testng.ITestContext)[pri:0, instance:driver.Driver@797cf65c] output={null}]]]>
              </value>
            </param>
          </params>
          <reporter-output>
          </reporter-output>
        </test-method> <!-- Reports -->
        <test-method signature="executeTestcase(org.testng.ITestContext)[pri:0, instance:driver.Driver@797cf65c]" started-at="2023-09-06T20:00:47 IST" name="executeTestcase" finished-at="2023-09-06T20:00:47 IST" duration-ms="2" status="PASS">
          <params>
            <param index="0">
              <value>
                <![CDATA[org.testng.TestRunner@4baf352a]]>
              </value>
            </param>
          </params>
          <reporter-output>
          </reporter-output>
        </test-method> <!-- executeTestcase -->
        <test-method is-config="true" signature="Reports(org.testng.ITestResult)[pri:0, instance:driver.Driver@797cf65c]" started-at="2023-09-06T20:00:47 IST" name="Reports" finished-at="2023-09-06T20:00:47 IST" duration-ms="0" status="PASS">
          <params>
            <param index="0">
              <value>
                <![CDATA[[TestResult name=executeTestcase status=SUCCESS method=Driver.executeTestcase(org.testng.ITestContext)[pri:0, instance:driver.Driver@797cf65c] output={null}]]]>
              </value>
            </param>
          </params>
          <reporter-output>
          </reporter-output>
        </test-method> <!-- Reports -->
        <test-method signature="executeTestcase(org.testng.ITestContext)[pri:0, instance:driver.Driver@797cf65c]" started-at="2023-09-06T20:00:47 IST" name="executeTestcase" finished-at="2023-09-06T20:00:47 IST" duration-ms="1" status="PASS">
          <params>
            <param index="0">
              <value>
                <![CDATA[org.testng.TestRunner@4baf352a]]>
              </value>
            </param>
          </params>
          <reporter-output>
          </reporter-output>
        </test-method> <!-- executeTestcase -->
        <test-method is-config="true" signature="Reports(org.testng.ITestResult)[pri:0, instance:driver.Driver@797cf65c]" started-at="2023-09-06T20:00:47 IST" name="Reports" finished-at="2023-09-06T20:00:47 IST" duration-ms="0" status="PASS">
          <params>
            <param index="0">
              <value>
                <![CDATA[[TestResult name=executeTestcase status=SUCCESS method=Driver.executeTestcase(org.testng.ITestContext)[pri:0, instance:driver.Driver@797cf65c] output={null}]]]>
              </value>
            </param>
          </params>
          <reporter-output>
          </reporter-output>
        </test-method> <!-- Reports -->
        <test-method signature="executeTestcase(org.testng.ITestContext)[pri:0, instance:driver.Driver@797cf65c]" started-at="2023-09-06T20:00:47 IST" name="executeTestcase" finished-at="2023-09-06T20:00:47 IST" duration-ms="2" status="PASS">
          <params>
            <param index="0">
              <value>
                <![CDATA[org.testng.TestRunner@4baf352a]]>
              </value>
            </param>
          </params>
          <reporter-output>
          </reporter-output>
        </test-method> <!-- executeTestcase -->
        <test-method signature="executeTestcase(org.testng.ITestContext)[pri:0, instance:driver.Driver@797cf65c]" started-at="2023-09-06T20:00:47 IST" name="executeTestcase" finished-at="2023-09-06T20:00:47 IST" duration-ms="2" status="PASS">
          <params>
            <param index="0">
              <value>
                <![CDATA[org.testng.TestRunner@4baf352a]]>
              </value>
            </param>
          </params>
          <reporter-output>
          </reporter-output>
        </test-method> <!-- executeTestcase -->
        <test-method is-config="true" signature="Reports(org.testng.ITestResult)[pri:0, instance:driver.Driver@797cf65c]" started-at="2023-09-06T20:00:47 IST" name="Reports" finished-at="2023-09-06T20:00:47 IST" duration-ms="0" status="PASS">
          <params>
            <param index="0">
              <value>
                <![CDATA[[TestResult name=executeTestcase status=SUCCESS method=Driver.executeTestcase(org.testng.ITestContext)[pri:0, instance:driver.Driver@797cf65c] output={null}]]]>
              </value>
            </param>
          </params>
          <reporter-output>
          </reporter-output>
        </test-method> <!-- Reports -->
        <test-method is-config="true" signature="Reports(org.testng.ITestResult)[pri:0, instance:driver.Driver@797cf65c]" started-at="2023-09-06T20:00:47 IST" name="Reports" finished-at="2023-09-06T20:00:47 IST" duration-ms="0" status="PASS">
          <params>
            <param index="0">
              <value>
                <![CDATA[[TestResult name=executeTestcase status=SUCCESS method=Driver.executeTestcase(org.testng.ITestContext)[pri:0, instance:driver.Driver@797cf65c] output={null}]]]>
              </value>
            </param>
          </params>
          <reporter-output>
          </reporter-output>
        </test-method> <!-- Reports -->
        <test-method signature="executeTestcase(org.testng.ITestContext)[pri:0, instance:driver.Driver@797cf65c]" started-at="2023-09-06T20:00:47 IST" name="executeTestcase" finished-at="2023-09-06T20:00:47 IST" duration-ms="1" status="PASS">
          <params>
            <param index="0">
              <value>
                <![CDATA[org.testng.TestRunner@4baf352a]]>
              </value>
            </param>
          </params>
          <reporter-output>
          </reporter-output>
        </test-method> <!-- executeTestcase -->
        <test-method is-config="true" signature="Reports(org.testng.ITestResult)[pri:0, instance:driver.Driver@797cf65c]" started-at="2023-09-06T20:00:47 IST" name="Reports" finished-at="2023-09-06T20:00:47 IST" duration-ms="0" status="PASS">
          <params>
            <param index="0">
              <value>
                <![CDATA[[TestResult name=executeTestcase status=SUCCESS method=Driver.executeTestcase(org.testng.ITestContext)[pri:0, instance:driver.Driver@797cf65c] output={null}]]]>
              </value>
            </param>
          </params>
          <reporter-output>
          </reporter-output>
        </test-method> <!-- Reports -->
        <test-method signature="executeTestcase(org.testng.ITestContext)[pri:0, instance:driver.Driver@797cf65c]" started-at="2023-09-06T20:00:47 IST" name="executeTestcase" finished-at="2023-09-06T20:00:47 IST" duration-ms="1" status="PASS">
          <params>
            <param index="0">
              <value>
                <![CDATA[org.testng.TestRunner@4baf352a]]>
              </value>
            </param>
          </params>
          <reporter-output>
          </reporter-output>
        </test-method> <!-- executeTestcase -->
        <test-method is-config="true" signature="Reports(org.testng.ITestResult)[pri:0, instance:driver.Driver@797cf65c]" started-at="2023-09-06T20:00:47 IST" name="Reports" finished-at="2023-09-06T20:00:47 IST" duration-ms="0" status="PASS">
          <params>
            <param index="0">
              <value>
                <![CDATA[[TestResult name=executeTestcase status=SUCCESS method=Driver.executeTestcase(org.testng.ITestContext)[pri:0, instance:driver.Driver@797cf65c] output={null}]]]>
              </value>
            </param>
          </params>
          <reporter-output>
          </reporter-output>
        </test-method> <!-- Reports -->
        <test-method signature="executeTestcase(org.testng.ITestContext)[pri:0, instance:driver.Driver@797cf65c]" started-at="2023-09-06T20:00:47 IST" name="executeTestcase" finished-at="2023-09-06T20:00:47 IST" duration-ms="2" status="PASS">
          <params>
            <param index="0">
              <value>
                <![CDATA[org.testng.TestRunner@4baf352a]]>
              </value>
            </param>
          </params>
          <reporter-output>
          </reporter-output>
        </test-method> <!-- executeTestcase -->
        <test-method signature="executeTestcase(org.testng.ITestContext)[pri:0, instance:driver.Driver@797cf65c]" started-at="2023-09-06T20:00:47 IST" name="executeTestcase" finished-at="2023-09-06T20:00:47 IST" duration-ms="2" status="PASS">
          <params>
            <param index="0">
              <value>
                <![CDATA[org.testng.TestRunner@4baf352a]]>
              </value>
            </param>
          </params>
          <reporter-output>
          </reporter-output>
        </test-method> <!-- executeTestcase -->
        <test-method is-config="true" signature="Reports(org.testng.ITestResult)[pri:0, instance:driver.Driver@797cf65c]" started-at="2023-09-06T20:00:47 IST" name="Reports" finished-at="2023-09-06T20:00:47 IST" duration-ms="0" status="PASS">
          <params>
            <param index="0">
              <value>
                <![CDATA[[TestResult name=executeTestcase status=SUCCESS method=Driver.executeTestcase(org.testng.ITestContext)[pri:0, instance:driver.Driver@797cf65c] output={null}]]]>
              </value>
            </param>
          </params>
          <reporter-output>
          </reporter-output>
        </test-method> <!-- Reports -->
        <test-method is-config="true" signature="Reports(org.testng.ITestResult)[pri:0, instance:driver.Driver@797cf65c]" started-at="2023-09-06T20:00:47 IST" name="Reports" finished-at="2023-09-06T20:00:47 IST" duration-ms="0" status="PASS">
          <params>
            <param index="0">
              <value>
                <![CDATA[[TestResult name=executeTestcase status=SUCCESS method=Driver.executeTestcase(org.testng.ITestContext)[pri:0, instance:driver.Driver@797cf65c] output={null}]]]>
              </value>
            </param>
          </params>
          <reporter-output>
          </reporter-output>
        </test-method> <!-- Reports -->
        <test-method signature="executeTestcase(org.testng.ITestContext)[pri:0, instance:driver.Driver@797cf65c]" started-at="2023-09-06T20:00:47 IST" name="executeTestcase" finished-at="2023-09-06T20:00:47 IST" duration-ms="3" status="PASS">
          <params>
            <param index="0">
              <value>
                <![CDATA[org.testng.TestRunner@4baf352a]]>
              </value>
            </param>
          </params>
          <reporter-output>
          </reporter-output>
        </test-method> <!-- executeTestcase -->
        <test-method is-config="true" signature="Reports(org.testng.ITestResult)[pri:0, instance:driver.Driver@797cf65c]" started-at="2023-09-06T20:00:47 IST" name="Reports" finished-at="2023-09-06T20:00:47 IST" duration-ms="0" status="PASS">
          <params>
            <param index="0">
              <value>
                <![CDATA[[TestResult name=executeTestcase status=SUCCESS method=Driver.executeTestcase(org.testng.ITestContext)[pri:0, instance:driver.Driver@797cf65c] output={null}]]]>
              </value>
            </param>
          </params>
          <reporter-output>
          </reporter-output>
        </test-method> <!-- Reports -->
        <test-method signature="executeTestcase(org.testng.ITestContext)[pri:0, instance:driver.Driver@797cf65c]" started-at="2023-09-06T20:00:47 IST" name="executeTestcase" finished-at="2023-09-06T20:00:47 IST" duration-ms="2" status="PASS">
          <params>
            <param index="0">
              <value>
                <![CDATA[org.testng.TestRunner@4baf352a]]>
              </value>
            </param>
          </params>
          <reporter-output>
          </reporter-output>
        </test-method> <!-- executeTestcase -->
        <test-method is-config="true" signature="Reports(org.testng.ITestResult)[pri:0, instance:driver.Driver@797cf65c]" started-at="2023-09-06T20:00:47 IST" name="Reports" finished-at="2023-09-06T20:00:47 IST" duration-ms="1" status="PASS">
          <params>
            <param index="0">
              <value>
                <![CDATA[[TestResult name=executeTestcase status=SUCCESS method=Driver.executeTestcase(org.testng.ITestContext)[pri:0, instance:driver.Driver@797cf65c] output={null}]]]>
              </value>
            </param>
          </params>
          <reporter-output>
          </reporter-output>
        </test-method> <!-- Reports -->
        <test-method signature="executeTestcase(org.testng.ITestContext)[pri:0, instance:driver.Driver@797cf65c]" started-at="2023-09-06T20:00:47 IST" name="executeTestcase" finished-at="2023-09-06T20:00:47 IST" duration-ms="1" status="PASS">
          <params>
            <param index="0">
              <value>
                <![CDATA[org.testng.TestRunner@4baf352a]]>
              </value>
            </param>
          </params>
          <reporter-output>
          </reporter-output>
        </test-method> <!-- executeTestcase -->
        <test-method is-config="true" signature="Reports(org.testng.ITestResult)[pri:0, instance:driver.Driver@797cf65c]" started-at="2023-09-06T20:00:47 IST" name="Reports" finished-at="2023-09-06T20:00:47 IST" duration-ms="0" status="PASS">
          <params>
            <param index="0">
              <value>
                <![CDATA[[TestResult name=executeTestcase status=SUCCESS method=Driver.executeTestcase(org.testng.ITestContext)[pri:0, instance:driver.Driver@797cf65c] output={null}]]]>
              </value>
            </param>
          </params>
          <reporter-output>
          </reporter-output>
        </test-method> <!-- Reports -->
        <test-method signature="executeTestcase(org.testng.ITestContext)[pri:0, instance:driver.Driver@797cf65c]" started-at="2023-09-06T20:00:47 IST" name="executeTestcase" finished-at="2023-09-06T20:00:47 IST" duration-ms="2" status="PASS">
          <params>
            <param index="0">
              <value>
                <![CDATA[org.testng.TestRunner@4baf352a]]>
              </value>
            </param>
          </params>
          <reporter-output>
          </reporter-output>
        </test-method> <!-- executeTestcase -->
        <test-method is-config="true" signature="Reports(org.testng.ITestResult)[pri:0, instance:driver.Driver@797cf65c]" started-at="2023-09-06T20:00:47 IST" name="Reports" finished-at="2023-09-06T20:00:47 IST" duration-ms="0" status="PASS">
          <params>
            <param index="0">
              <value>
                <![CDATA[[TestResult name=executeTestcase status=SUCCESS method=Driver.executeTestcase(org.testng.ITestContext)[pri:0, instance:driver.Driver@797cf65c] output={null}]]]>
              </value>
            </param>
          </params>
          <reporter-output>
          </reporter-output>
        </test-method> <!-- Reports -->
        <test-method signature="executeTestcase(org.testng.ITestContext)[pri:0, instance:driver.Driver@797cf65c]" started-at="2023-09-06T20:00:47 IST" name="executeTestcase" finished-at="2023-09-06T20:00:47 IST" duration-ms="1" status="PASS">
          <params>
            <param index="0">
              <value>
                <![CDATA[org.testng.TestRunner@4baf352a]]>
              </value>
            </param>
          </params>
          <reporter-output>
          </reporter-output>
        </test-method> <!-- executeTestcase -->
        <test-method is-config="true" signature="Reports(org.testng.ITestResult)[pri:0, instance:driver.Driver@797cf65c]" started-at="2023-09-06T20:00:47 IST" name="Reports" finished-at="2023-09-06T20:00:47 IST" duration-ms="1" status="PASS">
          <params>
            <param index="0">
              <value>
                <![CDATA[[TestResult name=executeTestcase status=SUCCESS method=Driver.executeTestcase(org.testng.ITestContext)[pri:0, instance:driver.Driver@797cf65c] output={null}]]]>
              </value>
            </param>
          </params>
          <reporter-output>
          </reporter-output>
        </test-method> <!-- Reports -->
        <test-method signature="executeTestcase(org.testng.ITestContext)[pri:0, instance:driver.Driver@797cf65c]" started-at="2023-09-06T20:00:47 IST" name="executeTestcase" finished-at="2023-09-06T20:00:47 IST" duration-ms="1" status="PASS">
          <params>
            <param index="0">
              <value>
                <![CDATA[org.testng.TestRunner@4baf352a]]>
              </value>
            </param>
          </params>
          <reporter-output>
          </reporter-output>
        </test-method> <!-- executeTestcase -->
        <test-method is-config="true" signature="Reports(org.testng.ITestResult)[pri:0, instance:driver.Driver@797cf65c]" started-at="2023-09-06T20:00:47 IST" name="Reports" finished-at="2023-09-06T20:00:47 IST" duration-ms="1" status="PASS">
          <params>
            <param index="0">
              <value>
                <![CDATA[[TestResult name=executeTestcase status=SUCCESS method=Driver.executeTestcase(org.testng.ITestContext)[pri:0, instance:driver.Driver@797cf65c] output={null}]]]>
              </value>
            </param>
          </params>
          <reporter-output>
          </reporter-output>
        </test-method> <!-- Reports -->
        <test-method signature="executeTestcase(org.testng.ITestContext)[pri:0, instance:driver.Driver@797cf65c]" started-at="2023-09-06T20:00:47 IST" name="executeTestcase" finished-at="2023-09-06T20:00:47 IST" duration-ms="2" status="PASS">
          <params>
            <param index="0">
              <value>
                <![CDATA[org.testng.TestRunner@4baf352a]]>
              </value>
            </param>
          </params>
          <reporter-output>
          </reporter-output>
        </test-method> <!-- executeTestcase -->
        <test-method signature="executeTestcase(org.testng.ITestContext)[pri:0, instance:driver.Driver@797cf65c]" started-at="2023-09-06T20:00:47 IST" name="executeTestcase" finished-at="2023-09-06T20:00:47 IST" duration-ms="1" status="PASS">
          <params>
            <param index="0">
              <value>
                <![CDATA[org.testng.TestRunner@4baf352a]]>
              </value>
            </param>
          </params>
          <reporter-output>
          </reporter-output>
        </test-method> <!-- executeTestcase -->
        <test-method is-config="true" signature="Reports(org.testng.ITestResult)[pri:0, instance:driver.Driver@797cf65c]" started-at="2023-09-06T20:00:47 IST" name="Reports" finished-at="2023-09-06T20:00:47 IST" duration-ms="0" status="PASS">
          <params>
            <param index="0">
              <value>
                <![CDATA[[TestResult name=executeTestcase status=SUCCESS method=Driver.executeTestcase(org.testng.ITestContext)[pri:0, instance:driver.Driver@797cf65c] output={null}]]]>
              </value>
            </param>
          </params>
          <reporter-output>
          </reporter-output>
        </test-method> <!-- Reports -->
        <test-method signature="executeTestcase(org.testng.ITestContext)[pri:0, instance:driver.Driver@797cf65c]" started-at="2023-09-06T20:00:47 IST" name="executeTestcase" finished-at="2023-09-06T20:00:47 IST" duration-ms="1" status="PASS">
          <params>
            <param index="0">
              <value>
                <![CDATA[org.testng.TestRunner@4baf352a]]>
              </value>
            </param>
          </params>
          <reporter-output>
          </reporter-output>
        </test-method> <!-- executeTestcase -->
        <test-method is-config="true" signature="Reports(org.testng.ITestResult)[pri:0, instance:driver.Driver@797cf65c]" started-at="2023-09-06T20:00:47 IST" name="Reports" finished-at="2023-09-06T20:00:47 IST" duration-ms="0" status="PASS">
          <params>
            <param index="0">
              <value>
                <![CDATA[[TestResult name=executeTestcase status=SUCCESS method=Driver.executeTestcase(org.testng.ITestContext)[pri:0, instance:driver.Driver@797cf65c] output={null}]]]>
              </value>
            </param>
          </params>
          <reporter-output>
          </reporter-output>
        </test-method> <!-- Reports -->
        <test-method is-config="true" signature="Reports(org.testng.ITestResult)[pri:0, instance:driver.Driver@797cf65c]" started-at="2023-09-06T20:00:47 IST" name="Reports" finished-at="2023-09-06T20:00:47 IST" duration-ms="0" status="PASS">
          <params>
            <param index="0">
              <value>
                <![CDATA[[TestResult name=executeTestcase status=SUCCESS method=Driver.executeTestcase(org.testng.ITestContext)[pri:0, instance:driver.Driver@797cf65c] output={null}]]]>
              </value>
            </param>
          </params>
          <reporter-output>
          </reporter-output>
        </test-method> <!-- Reports -->
        <test-method signature="executeTestcase(org.testng.ITestContext)[pri:0, instance:driver.Driver@797cf65c]" started-at="2023-09-06T20:00:47 IST" name="executeTestcase" finished-at="2023-09-06T20:00:47 IST" duration-ms="1" status="PASS">
          <params>
            <param index="0">
              <value>
                <![CDATA[org.testng.TestRunner@4baf352a]]>
              </value>
            </param>
          </params>
          <reporter-output>
          </reporter-output>
        </test-method> <!-- executeTestcase -->
        <test-method is-config="true" signature="Reports(org.testng.ITestResult)[pri:0, instance:driver.Driver@797cf65c]" started-at="2023-09-06T20:00:47 IST" name="Reports" finished-at="2023-09-06T20:00:47 IST" duration-ms="0" status="PASS">
          <params>
            <param index="0">
              <value>
                <![CDATA[[TestResult name=executeTestcase status=SUCCESS method=Driver.executeTestcase(org.testng.ITestContext)[pri:0, instance:driver.Driver@797cf65c] output={null}]]]>
              </value>
            </param>
          </params>
          <reporter-output>
          </reporter-output>
        </test-method> <!-- Reports -->
        <test-method signature="executeTestcase(org.testng.ITestContext)[pri:0, instance:driver.Driver@797cf65c]" started-at="2023-09-06T20:00:47 IST" name="executeTestcase" finished-at="2023-09-06T20:00:47 IST" duration-ms="1" status="PASS">
          <params>
            <param index="0">
              <value>
                <![CDATA[org.testng.TestRunner@4baf352a]]>
              </value>
            </param>
          </params>
          <reporter-output>
          </reporter-output>
        </test-method> <!-- executeTestcase -->
        <test-method is-config="true" signature="Reports(org.testng.ITestResult)[pri:0, instance:driver.Driver@797cf65c]" started-at="2023-09-06T20:00:47 IST" name="Reports" finished-at="2023-09-06T20:00:47 IST" duration-ms="1" status="PASS">
          <params>
            <param index="0">
              <value>
                <![CDATA[[TestResult name=executeTestcase status=SUCCESS method=Driver.executeTestcase(org.testng.ITestContext)[pri:0, instance:driver.Driver@797cf65c] output={null}]]]>
              </value>
            </param>
          </params>
          <reporter-output>
          </reporter-output>
        </test-method> <!-- Reports -->
        <test-method signature="executeTestcase(org.testng.ITestContext)[pri:0, instance:driver.Driver@797cf65c]" started-at="2023-09-06T20:00:47 IST" name="executeTestcase" finished-at="2023-09-06T20:00:47 IST" duration-ms="2" status="PASS">
          <params>
            <param index="0">
              <value>
                <![CDATA[org.testng.TestRunner@4baf352a]]>
              </value>
            </param>
          </params>
          <reporter-output>
          </reporter-output>
        </test-method> <!-- executeTestcase -->
        <test-method is-config="true" signature="Reports(org.testng.ITestResult)[pri:0, instance:driver.Driver@797cf65c]" started-at="2023-09-06T20:00:47 IST" name="Reports" finished-at="2023-09-06T20:00:47 IST" duration-ms="0" status="PASS">
          <params>
            <param index="0">
              <value>
                <![CDATA[[TestResult name=executeTestcase status=SUCCESS method=Driver.executeTestcase(org.testng.ITestContext)[pri:0, instance:driver.Driver@797cf65c] output={null}]]]>
              </value>
            </param>
          </params>
          <reporter-output>
          </reporter-output>
        </test-method> <!-- Reports -->
        <test-method signature="executeTestcase(org.testng.ITestContext)[pri:0, instance:driver.Driver@797cf65c]" started-at="2023-09-06T20:00:47 IST" name="executeTestcase" finished-at="2023-09-06T20:00:47 IST" duration-ms="2" status="PASS">
          <params>
            <param index="0">
              <value>
                <![CDATA[org.testng.TestRunner@4baf352a]]>
              </value>
            </param>
          </params>
          <reporter-output>
          </reporter-output>
        </test-method> <!-- executeTestcase -->
        <test-method is-config="true" signature="Reports(org.testng.ITestResult)[pri:0, instance:driver.Driver@797cf65c]" started-at="2023-09-06T20:00:47 IST" name="Reports" finished-at="2023-09-06T20:00:47 IST" duration-ms="1" status="PASS">
          <params>
            <param index="0">
              <value>
                <![CDATA[[TestResult name=executeTestcase status=SUCCESS method=Driver.executeTestcase(org.testng.ITestContext)[pri:0, instance:driver.Driver@797cf65c] output={null}]]]>
              </value>
            </param>
          </params>
          <reporter-output>
          </reporter-output>
        </test-method> <!-- Reports -->
        <test-method signature="executeTestcase(org.testng.ITestContext)[pri:0, instance:driver.Driver@797cf65c]" started-at="2023-09-06T20:00:47 IST" name="executeTestcase" finished-at="2023-09-06T20:00:47 IST" duration-ms="1" status="PASS">
          <params>
            <param index="0">
              <value>
                <![CDATA[org.testng.TestRunner@4baf352a]]>
              </value>
            </param>
          </params>
          <reporter-output>
          </reporter-output>
        </test-method> <!-- executeTestcase -->
        <test-method is-config="true" signature="Reports(org.testng.ITestResult)[pri:0, instance:driver.Driver@797cf65c]" started-at="2023-09-06T20:00:47 IST" name="Reports" finished-at="2023-09-06T20:00:47 IST" duration-ms="0" status="PASS">
          <params>
            <param index="0">
              <value>
                <![CDATA[[TestResult name=executeTestcase status=SUCCESS method=Driver.executeTestcase(org.testng.ITestContext)[pri:0, instance:driver.Driver@797cf65c] output={null}]]]>
              </value>
            </param>
          </params>
          <reporter-output>
          </reporter-output>
        </test-method> <!-- Reports -->
        <test-method signature="executeTestcase(org.testng.ITestContext)[pri:0, instance:driver.Driver@797cf65c]" started-at="2023-09-06T20:00:47 IST" name="executeTestcase" finished-at="2023-09-06T20:00:47 IST" duration-ms="1" status="PASS">
          <params>
            <param index="0">
              <value>
                <![CDATA[org.testng.TestRunner@4baf352a]]>
              </value>
            </param>
          </params>
          <reporter-output>
          </reporter-output>
        </test-method> <!-- executeTestcase -->
        <test-method is-config="true" signature="Reports(org.testng.ITestResult)[pri:0, instance:driver.Driver@797cf65c]" started-at="2023-09-06T20:00:47 IST" name="Reports" finished-at="2023-09-06T20:00:47 IST" duration-ms="0" status="PASS">
          <params>
            <param index="0">
              <value>
                <![CDATA[[TestResult name=executeTestcase status=SUCCESS method=Driver.executeTestcase(org.testng.ITestContext)[pri:0, instance:driver.Driver@797cf65c] output={null}]]]>
              </value>
            </param>
          </params>
          <reporter-output>
          </reporter-output>
        </test-method> <!-- Reports -->
        <test-method signature="executeTestcase(org.testng.ITestContext)[pri:0, instance:driver.Driver@797cf65c]" started-at="2023-09-06T20:00:47 IST" name="executeTestcase" finished-at="2023-09-06T20:00:47 IST" duration-ms="1" status="PASS">
          <params>
            <param index="0">
              <value>
                <![CDATA[org.testng.TestRunner@4baf352a]]>
              </value>
            </param>
          </params>
          <reporter-output>
          </reporter-output>
        </test-method> <!-- executeTestcase -->
        <test-method is-config="true" signature="Reports(org.testng.ITestResult)[pri:0, instance:driver.Driver@797cf65c]" started-at="2023-09-06T20:00:47 IST" name="Reports" finished-at="2023-09-06T20:00:47 IST" duration-ms="0" status="PASS">
          <params>
            <param index="0">
              <value>
                <![CDATA[[TestResult name=executeTestcase status=SUCCESS method=Driver.executeTestcase(org.testng.ITestContext)[pri:0, instance:driver.Driver@797cf65c] output={null}]]]>
              </value>
            </param>
          </params>
          <reporter-output>
          </reporter-output>
        </test-method> <!-- Reports -->
        <test-method signature="executeTestcase(org.testng.ITestContext)[pri:0, instance:driver.Driver@797cf65c]" started-at="2023-09-06T20:00:47 IST" name="executeTestcase" finished-at="2023-09-06T20:00:47 IST" duration-ms="1" status="PASS">
          <params>
            <param index="0">
              <value>
                <![CDATA[org.testng.TestRunner@4baf352a]]>
              </value>
            </param>
          </params>
          <reporter-output>
          </reporter-output>
        </test-method> <!-- executeTestcase -->
        <test-method is-config="true" signature="Reports(org.testng.ITestResult)[pri:0, instance:driver.Driver@797cf65c]" started-at="2023-09-06T20:00:47 IST" name="Reports" finished-at="2023-09-06T20:00:47 IST" duration-ms="0" status="PASS">
          <params>
            <param index="0">
              <value>
                <![CDATA[[TestResult name=executeTestcase status=SUCCESS method=Driver.executeTestcase(org.testng.ITestContext)[pri:0, instance:driver.Driver@797cf65c] output={null}]]]>
              </value>
            </param>
          </params>
          <reporter-output>
          </reporter-output>
        </test-method> <!-- Reports -->
        <test-method signature="executeTestcase(org.testng.ITestContext)[pri:0, instance:driver.Driver@797cf65c]" started-at="2023-09-06T20:00:47 IST" name="executeTestcase" finished-at="2023-09-06T20:00:47 IST" duration-ms="2" status="PASS">
          <params>
            <param index="0">
              <value>
                <![CDATA[org.testng.TestRunner@4baf352a]]>
              </value>
            </param>
          </params>
          <reporter-output>
          </reporter-output>
        </test-method> <!-- executeTestcase -->
        <test-method is-config="true" signature="Reports(org.testng.ITestResult)[pri:0, instance:driver.Driver@797cf65c]" started-at="2023-09-06T20:00:47 IST" name="Reports" finished-at="2023-09-06T20:00:47 IST" duration-ms="1" status="PASS">
          <params>
            <param index="0">
              <value>
                <![CDATA[[TestResult name=executeTestcase status=SUCCESS method=Driver.executeTestcase(org.testng.ITestContext)[pri:0, instance:driver.Driver@797cf65c] output={null}]]]>
              </value>
            </param>
          </params>
          <reporter-output>
          </reporter-output>
        </test-method> <!-- Reports -->
        <test-method signature="executeTestcase(org.testng.ITestContext)[pri:0, instance:driver.Driver@797cf65c]" started-at="2023-09-06T20:00:47 IST" name="executeTestcase" finished-at="2023-09-06T20:00:47 IST" duration-ms="1" status="PASS">
          <params>
            <param index="0">
              <value>
                <![CDATA[org.testng.TestRunner@4baf352a]]>
              </value>
            </param>
          </params>
          <reporter-output>
          </reporter-output>
        </test-method> <!-- executeTestcase -->
        <test-method signature="executeTestcase(org.testng.ITestContext)[pri:0, instance:driver.Driver@797cf65c]" started-at="2023-09-06T20:00:47 IST" name="executeTestcase" finished-at="2023-09-06T20:00:47 IST" duration-ms="1" status="PASS">
          <params>
            <param index="0">
              <value>
                <![CDATA[org.testng.TestRunner@4baf352a]]>
              </value>
            </param>
          </params>
          <reporter-output>
          </reporter-output>
        </test-method> <!-- executeTestcase -->
        <test-method is-config="true" signature="Reports(org.testng.ITestResult)[pri:0, instance:driver.Driver@797cf65c]" started-at="2023-09-06T20:00:47 IST" name="Reports" finished-at="2023-09-06T20:00:47 IST" duration-ms="0" status="PASS">
          <params>
            <param index="0">
              <value>
                <![CDATA[[TestResult name=executeTestcase status=SUCCESS method=Driver.executeTestcase(org.testng.ITestContext)[pri:0, instance:driver.Driver@797cf65c] output={null}]]]>
              </value>
            </param>
          </params>
          <reporter-output>
          </reporter-output>
        </test-method> <!-- Reports -->
        <test-method is-config="true" signature="Reports(org.testng.ITestResult)[pri:0, instance:driver.Driver@797cf65c]" started-at="2023-09-06T20:00:47 IST" name="Reports" finished-at="2023-09-06T20:00:47 IST" duration-ms="0" status="PASS">
          <params>
            <param index="0">
              <value>
                <![CDATA[[TestResult name=executeTestcase status=SUCCESS method=Driver.executeTestcase(org.testng.ITestContext)[pri:0, instance:driver.Driver@797cf65c] output={null}]]]>
              </value>
            </param>
          </params>
          <reporter-output>
          </reporter-output>
        </test-method> <!-- Reports -->
        <test-method signature="executeTestcase(org.testng.ITestContext)[pri:0, instance:driver.Driver@797cf65c]" started-at="2023-09-06T20:00:47 IST" name="executeTestcase" finished-at="2023-09-06T20:00:47 IST" duration-ms="1" status="PASS">
          <params>
            <param index="0">
              <value>
                <![CDATA[org.testng.TestRunner@4baf352a]]>
              </value>
            </param>
          </params>
          <reporter-output>
          </reporter-output>
        </test-method> <!-- executeTestcase -->
        <test-method is-config="true" signature="Reports(org.testng.ITestResult)[pri:0, instance:driver.Driver@797cf65c]" started-at="2023-09-06T20:00:47 IST" name="Reports" finished-at="2023-09-06T20:00:47 IST" duration-ms="1" status="PASS">
          <params>
            <param index="0">
              <value>
                <![CDATA[[TestResult name=executeTestcase status=SUCCESS method=Driver.executeTestcase(org.testng.ITestContext)[pri:0, instance:driver.Driver@797cf65c] output={null}]]]>
              </value>
            </param>
          </params>
          <reporter-output>
          </reporter-output>
        </test-method> <!-- Reports -->
        <test-method signature="executeTestcase(org.testng.ITestContext)[pri:0, instance:driver.Driver@797cf65c]" started-at="2023-09-06T20:00:47 IST" name="executeTestcase" finished-at="2023-09-06T20:00:47 IST" duration-ms="1" status="PASS">
          <params>
            <param index="0">
              <value>
                <![CDATA[org.testng.TestRunner@4baf352a]]>
              </value>
            </param>
          </params>
          <reporter-output>
          </reporter-output>
        </test-method> <!-- executeTestcase -->
        <test-method is-config="true" signature="Reports(org.testng.ITestResult)[pri:0, instance:driver.Driver@797cf65c]" started-at="2023-09-06T20:00:47 IST" name="Reports" finished-at="2023-09-06T20:00:47 IST" duration-ms="0" status="PASS">
          <params>
            <param index="0">
              <value>
                <![CDATA[[TestResult name=executeTestcase status=SUCCESS method=Driver.executeTestcase(org.testng.ITestContext)[pri:0, instance:driver.Driver@797cf65c] output={null}]]]>
              </value>
            </param>
          </params>
          <reporter-output>
          </reporter-output>
        </test-method> <!-- Reports -->
        <test-method signature="executeTestcase(org.testng.ITestContext)[pri:0, instance:driver.Driver@797cf65c]" started-at="2023-09-06T20:00:47 IST" name="executeTestcase" finished-at="2023-09-06T20:00:47 IST" duration-ms="3" status="PASS">
          <params>
            <param index="0">
              <value>
                <![CDATA[org.testng.TestRunner@4baf352a]]>
              </value>
            </param>
          </params>
          <reporter-output>
          </reporter-output>
        </test-method> <!-- executeTestcase -->
        <test-method is-config="true" signature="Reports(org.testng.ITestResult)[pri:0, instance:driver.Driver@797cf65c]" started-at="2023-09-06T20:00:47 IST" name="Reports" finished-at="2023-09-06T20:00:47 IST" duration-ms="0" status="PASS">
          <params>
            <param index="0">
              <value>
                <![CDATA[[TestResult name=executeTestcase status=SUCCESS method=Driver.executeTestcase(org.testng.ITestContext)[pri:0, instance:driver.Driver@797cf65c] output={null}]]]>
              </value>
            </param>
          </params>
          <reporter-output>
          </reporter-output>
        </test-method> <!-- Reports -->
        <test-method signature="executeTestcase(org.testng.ITestContext)[pri:0, instance:driver.Driver@797cf65c]" started-at="2023-09-06T20:00:47 IST" name="executeTestcase" finished-at="2023-09-06T20:00:47 IST" duration-ms="1" status="PASS">
          <params>
            <param index="0">
              <value>
                <![CDATA[org.testng.TestRunner@4baf352a]]>
              </value>
            </param>
          </params>
          <reporter-output>
          </reporter-output>
        </test-method> <!-- executeTestcase -->
        <test-method is-config="true" signature="Reports(org.testng.ITestResult)[pri:0, instance:driver.Driver@797cf65c]" started-at="2023-09-06T20:00:47 IST" name="Reports" finished-at="2023-09-06T20:00:47 IST" duration-ms="1" status="PASS">
          <params>
            <param index="0">
              <value>
                <![CDATA[[TestResult name=executeTestcase status=SUCCESS method=Driver.executeTestcase(org.testng.ITestContext)[pri:0, instance:driver.Driver@797cf65c] output={null}]]]>
              </value>
            </param>
          </params>
          <reporter-output>
          </reporter-output>
        </test-method> <!-- Reports -->
        <test-method signature="executeTestcase(org.testng.ITestContext)[pri:0, instance:driver.Driver@797cf65c]" started-at="2023-09-06T20:00:47 IST" name="executeTestcase" finished-at="2023-09-06T20:00:47 IST" duration-ms="1" status="PASS">
          <params>
            <param index="0">
              <value>
                <![CDATA[org.testng.TestRunner@4baf352a]]>
              </value>
            </param>
          </params>
          <reporter-output>
          </reporter-output>
        </test-method> <!-- executeTestcase -->
        <test-method is-config="true" signature="Reports(org.testng.ITestResult)[pri:0, instance:driver.Driver@797cf65c]" started-at="2023-09-06T20:00:47 IST" name="Reports" finished-at="2023-09-06T20:00:47 IST" duration-ms="0" status="PASS">
          <params>
            <param index="0">
              <value>
                <![CDATA[[TestResult name=executeTestcase status=SUCCESS method=Driver.executeTestcase(org.testng.ITestContext)[pri:0, instance:driver.Driver@797cf65c] output={null}]]]>
              </value>
            </param>
          </params>
          <reporter-output>
          </reporter-output>
        </test-method> <!-- Reports -->
        <test-method signature="executeTestcase(org.testng.ITestContext)[pri:0, instance:driver.Driver@797cf65c]" started-at="2023-09-06T20:00:47 IST" name="executeTestcase" finished-at="2023-09-06T20:00:47 IST" duration-ms="2" status="PASS">
          <params>
            <param index="0">
              <value>
                <![CDATA[org.testng.TestRunner@4baf352a]]>
              </value>
            </param>
          </params>
          <reporter-output>
          </reporter-output>
        </test-method> <!-- executeTestcase -->
        <test-method is-config="true" signature="Reports(org.testng.ITestResult)[pri:0, instance:driver.Driver@797cf65c]" started-at="2023-09-06T20:00:47 IST" name="Reports" finished-at="2023-09-06T20:00:47 IST" duration-ms="0" status="PASS">
          <params>
            <param index="0">
              <value>
                <![CDATA[[TestResult name=executeTestcase status=SUCCESS method=Driver.executeTestcase(org.testng.ITestContext)[pri:0, instance:driver.Driver@797cf65c] output={null}]]]>
              </value>
            </param>
          </params>
          <reporter-output>
          </reporter-output>
        </test-method> <!-- Reports -->
        <test-method signature="executeTestcase(org.testng.ITestContext)[pri:0, instance:driver.Driver@797cf65c]" started-at="2023-09-06T20:00:47 IST" name="executeTestcase" finished-at="2023-09-06T20:00:47 IST" duration-ms="1" status="PASS">
          <params>
            <param index="0">
              <value>
                <![CDATA[org.testng.TestRunner@4baf352a]]>
              </value>
            </param>
          </params>
          <reporter-output>
          </reporter-output>
        </test-method> <!-- executeTestcase -->
        <test-method is-config="true" signature="Reports(org.testng.ITestResult)[pri:0, instance:driver.Driver@797cf65c]" started-at="2023-09-06T20:00:47 IST" name="Reports" finished-at="2023-09-06T20:00:47 IST" duration-ms="1" status="PASS">
          <params>
            <param index="0">
              <value>
                <![CDATA[[TestResult name=executeTestcase status=SUCCESS method=Driver.executeTestcase(org.testng.ITestContext)[pri:0, instance:driver.Driver@797cf65c] output={null}]]]>
              </value>
            </param>
          </params>
          <reporter-output>
          </reporter-output>
        </test-method> <!-- Reports -->
        <test-method signature="executeTestcase(org.testng.ITestContext)[pri:0, instance:driver.Driver@797cf65c]" started-at="2023-09-06T20:00:47 IST" name="executeTestcase" finished-at="2023-09-06T20:00:47 IST" duration-ms="1" status="PASS">
          <params>
            <param index="0">
              <value>
                <![CDATA[org.testng.TestRunner@4baf352a]]>
              </value>
            </param>
          </params>
          <reporter-output>
          </reporter-output>
        </test-method> <!-- executeTestcase -->
        <test-method is-config="true" signature="Reports(org.testng.ITestResult)[pri:0, instance:driver.Driver@797cf65c]" started-at="2023-09-06T20:00:47 IST" name="Reports" finished-at="2023-09-06T20:00:47 IST" duration-ms="0" status="PASS">
          <params>
            <param index="0">
              <value>
                <![CDATA[[TestResult name=executeTestcase status=SUCCESS method=Driver.executeTestcase(org.testng.ITestContext)[pri:0, instance:driver.Driver@797cf65c] output={null}]]]>
              </value>
            </param>
          </params>
          <reporter-output>
          </reporter-output>
        </test-method> <!-- Reports -->
        <test-method signature="executeTestcase(org.testng.ITestContext)[pri:0, instance:driver.Driver@797cf65c]" started-at="2023-09-06T20:00:47 IST" name="executeTestcase" finished-at="2023-09-06T20:00:47 IST" duration-ms="1" status="PASS">
          <params>
            <param index="0">
              <value>
                <![CDATA[org.testng.TestRunner@4baf352a]]>
              </value>
            </param>
          </params>
          <reporter-output>
          </reporter-output>
        </test-method> <!-- executeTestcase -->
        <test-method is-config="true" signature="Reports(org.testng.ITestResult)[pri:0, instance:driver.Driver@797cf65c]" started-at="2023-09-06T20:00:47 IST" name="Reports" finished-at="2023-09-06T20:00:47 IST" duration-ms="1" status="PASS">
          <params>
            <param index="0">
              <value>
                <![CDATA[[TestResult name=executeTestcase status=SUCCESS method=Driver.executeTestcase(org.testng.ITestContext)[pri:0, instance:driver.Driver@797cf65c] output={null}]]]>
              </value>
            </param>
          </params>
          <reporter-output>
          </reporter-output>
        </test-method> <!-- Reports -->
        <test-method signature="executeTestcase(org.testng.ITestContext)[pri:0, instance:driver.Driver@797cf65c]" started-at="2023-09-06T20:00:47 IST" name="executeTestcase" finished-at="2023-09-06T20:00:47 IST" duration-ms="1" status="PASS">
          <params>
            <param index="0">
              <value>
                <![CDATA[org.testng.TestRunner@4baf352a]]>
              </value>
            </param>
          </params>
          <reporter-output>
          </reporter-output>
        </test-method> <!-- executeTestcase -->
        <test-method is-config="true" signature="Reports(org.testng.ITestResult)[pri:0, instance:driver.Driver@797cf65c]" started-at="2023-09-06T20:00:47 IST" name="Reports" finished-at="2023-09-06T20:00:47 IST" duration-ms="0" status="PASS">
          <params>
            <param index="0">
              <value>
                <![CDATA[[TestResult name=executeTestcase status=SUCCESS method=Driver.executeTestcase(org.testng.ITestContext)[pri:0, instance:driver.Driver@797cf65c] output={null}]]]>
              </value>
            </param>
          </params>
          <reporter-output>
          </reporter-output>
        </test-method> <!-- Reports -->
        <test-method signature="executeTestcase(org.testng.ITestContext)[pri:0, instance:driver.Driver@797cf65c]" started-at="2023-09-06T20:00:47 IST" name="executeTestcase" finished-at="2023-09-06T20:00:47 IST" duration-ms="2" status="PASS">
          <params>
            <param index="0">
              <value>
                <![CDATA[org.testng.TestRunner@4baf352a]]>
              </value>
            </param>
          </params>
          <reporter-output>
          </reporter-output>
        </test-method> <!-- executeTestcase -->
        <test-method is-config="true" signature="Reports(org.testng.ITestResult)[pri:0, instance:driver.Driver@797cf65c]" started-at="2023-09-06T20:00:47 IST" name="Reports" finished-at="2023-09-06T20:00:47 IST" duration-ms="1" status="PASS">
          <params>
            <param index="0">
              <value>
                <![CDATA[[TestResult name=executeTestcase status=SUCCESS method=Driver.executeTestcase(org.testng.ITestContext)[pri:0, instance:driver.Driver@797cf65c] output={null}]]]>
              </value>
            </param>
          </params>
          <reporter-output>
          </reporter-output>
        </test-method> <!-- Reports -->
        <test-method signature="executeTestcase(org.testng.ITestContext)[pri:0, instance:driver.Driver@797cf65c]" started-at="2023-09-06T20:00:47 IST" name="executeTestcase" finished-at="2023-09-06T20:00:47 IST" duration-ms="1" status="PASS">
          <params>
            <param index="0">
              <value>
                <![CDATA[org.testng.TestRunner@4baf352a]]>
              </value>
            </param>
          </params>
          <reporter-output>
          </reporter-output>
        </test-method> <!-- executeTestcase -->
        <test-method is-config="true" signature="Reports(org.testng.ITestResult)[pri:0, instance:driver.Driver@797cf65c]" started-at="2023-09-06T20:00:47 IST" name="Reports" finished-at="2023-09-06T20:00:47 IST" duration-ms="0" status="PASS">
          <params>
            <param index="0">
              <value>
                <![CDATA[[TestResult name=executeTestcase status=SUCCESS method=Driver.executeTestcase(org.testng.ITestContext)[pri:0, instance:driver.Driver@797cf65c] output={null}]]]>
              </value>
            </param>
          </params>
          <reporter-output>
          </reporter-output>
        </test-method> <!-- Reports -->
        <test-method signature="executeTestcase(org.testng.ITestContext)[pri:0, instance:driver.Driver@797cf65c]" started-at="2023-09-06T20:00:47 IST" name="executeTestcase" finished-at="2023-09-06T20:00:47 IST" duration-ms="2" status="PASS">
          <params>
            <param index="0">
              <value>
                <![CDATA[org.testng.TestRunner@4baf352a]]>
              </value>
            </param>
          </params>
          <reporter-output>
          </reporter-output>
        </test-method> <!-- executeTestcase -->
        <test-method is-config="true" signature="Reports(org.testng.ITestResult)[pri:0, instance:driver.Driver@797cf65c]" started-at="2023-09-06T20:00:47 IST" name="Reports" finished-at="2023-09-06T20:00:47 IST" duration-ms="1" status="PASS">
          <params>
            <param index="0">
              <value>
                <![CDATA[[TestResult name=executeTestcase status=SUCCESS method=Driver.executeTestcase(org.testng.ITestContext)[pri:0, instance:driver.Driver@797cf65c] output={null}]]]>
              </value>
            </param>
          </params>
          <reporter-output>
          </reporter-output>
        </test-method> <!-- Reports -->
        <test-method signature="executeTestcase(org.testng.ITestContext)[pri:0, instance:driver.Driver@797cf65c]" started-at="2023-09-06T20:00:47 IST" name="executeTestcase" finished-at="2023-09-06T20:00:47 IST" duration-ms="2" status="PASS">
          <params>
            <param index="0">
              <value>
                <![CDATA[org.testng.TestRunner@4baf352a]]>
              </value>
            </param>
          </params>
          <reporter-output>
          </reporter-output>
        </test-method> <!-- executeTestcase -->
        <test-method signature="executeTestcase(org.testng.ITestContext)[pri:0, instance:driver.Driver@797cf65c]" started-at="2023-09-06T20:00:47 IST" name="executeTestcase" finished-at="2023-09-06T20:00:47 IST" duration-ms="2" status="PASS">
          <params>
            <param index="0">
              <value>
                <![CDATA[org.testng.TestRunner@4baf352a]]>
              </value>
            </param>
          </params>
          <reporter-output>
          </reporter-output>
        </test-method> <!-- executeTestcase -->
        <test-method is-config="true" signature="Reports(org.testng.ITestResult)[pri:0, instance:driver.Driver@797cf65c]" started-at="2023-09-06T20:00:47 IST" name="Reports" finished-at="2023-09-06T20:00:47 IST" duration-ms="0" status="PASS">
          <params>
            <param index="0">
              <value>
                <![CDATA[[TestResult name=executeTestcase status=SUCCESS method=Driver.executeTestcase(org.testng.ITestContext)[pri:0, instance:driver.Driver@797cf65c] output={null}]]]>
              </value>
            </param>
          </params>
          <reporter-output>
          </reporter-output>
        </test-method> <!-- Reports -->
        <test-method is-config="true" signature="Reports(org.testng.ITestResult)[pri:0, instance:driver.Driver@797cf65c]" started-at="2023-09-06T20:00:47 IST" name="Reports" finished-at="2023-09-06T20:00:47 IST" duration-ms="0" status="PASS">
          <params>
            <param index="0">
              <value>
                <![CDATA[[TestResult name=executeTestcase status=SUCCESS method=Driver.executeTestcase(org.testng.ITestContext)[pri:0, instance:driver.Driver@797cf65c] output={null}]]]>
              </value>
            </param>
          </params>
          <reporter-output>
          </reporter-output>
        </test-method> <!-- Reports -->
        <test-method signature="executeTestcase(org.testng.ITestContext)[pri:0, instance:driver.Driver@797cf65c]" started-at="2023-09-06T20:00:47 IST" name="executeTestcase" finished-at="2023-09-06T20:00:47 IST" duration-ms="2" status="PASS">
          <params>
            <param index="0">
              <value>
                <![CDATA[org.testng.TestRunner@4baf352a]]>
              </value>
            </param>
          </params>
          <reporter-output>
          </reporter-output>
        </test-method> <!-- executeTestcase -->
        <test-method is-config="true" signature="Reports(org.testng.ITestResult)[pri:0, instance:driver.Driver@797cf65c]" started-at="2023-09-06T20:00:47 IST" name="Reports" finished-at="2023-09-06T20:00:47 IST" duration-ms="0" status="PASS">
          <params>
            <param index="0">
              <value>
                <![CDATA[[TestResult name=executeTestcase status=SUCCESS method=Driver.executeTestcase(org.testng.ITestContext)[pri:0, instance:driver.Driver@797cf65c] output={null}]]]>
              </value>
            </param>
          </params>
          <reporter-output>
          </reporter-output>
        </test-method> <!-- Reports -->
        <test-method signature="executeTestcase(org.testng.ITestContext)[pri:0, instance:driver.Driver@797cf65c]" started-at="2023-09-06T20:00:47 IST" name="executeTestcase" finished-at="2023-09-06T20:00:47 IST" duration-ms="1" status="PASS">
          <params>
            <param index="0">
              <value>
                <![CDATA[org.testng.TestRunner@4baf352a]]>
              </value>
            </param>
          </params>
          <reporter-output>
          </reporter-output>
        </test-method> <!-- executeTestcase -->
        <test-method is-config="true" signature="Reports(org.testng.ITestResult)[pri:0, instance:driver.Driver@797cf65c]" started-at="2023-09-06T20:00:47 IST" name="Reports" finished-at="2023-09-06T20:00:47 IST" duration-ms="0" status="PASS">
          <params>
            <param index="0">
              <value>
                <![CDATA[[TestResult name=executeTestcase status=SUCCESS method=Driver.executeTestcase(org.testng.ITestContext)[pri:0, instance:driver.Driver@797cf65c] output={null}]]]>
              </value>
            </param>
          </params>
          <reporter-output>
          </reporter-output>
        </test-method> <!-- Reports -->
        <test-method signature="executeTestcase(org.testng.ITestContext)[pri:0, instance:driver.Driver@797cf65c]" started-at="2023-09-06T20:00:47 IST" name="executeTestcase" finished-at="2023-09-06T20:00:47 IST" duration-ms="1" status="PASS">
          <params>
            <param index="0">
              <value>
                <![CDATA[org.testng.TestRunner@4baf352a]]>
              </value>
            </param>
          </params>
          <reporter-output>
          </reporter-output>
        </test-method> <!-- executeTestcase -->
        <test-method is-config="true" signature="Reports(org.testng.ITestResult)[pri:0, instance:driver.Driver@797cf65c]" started-at="2023-09-06T20:00:47 IST" name="Reports" finished-at="2023-09-06T20:00:47 IST" duration-ms="1" status="PASS">
          <params>
            <param index="0">
              <value>
                <![CDATA[[TestResult name=executeTestcase status=SUCCESS method=Driver.executeTestcase(org.testng.ITestContext)[pri:0, instance:driver.Driver@797cf65c] output={null}]]]>
              </value>
            </param>
          </params>
          <reporter-output>
          </reporter-output>
        </test-method> <!-- Reports -->
        <test-method signature="executeTestcase(org.testng.ITestContext)[pri:0, instance:driver.Driver@797cf65c]" started-at="2023-09-06T20:00:47 IST" name="executeTestcase" finished-at="2023-09-06T20:00:47 IST" duration-ms="2" status="PASS">
          <params>
            <param index="0">
              <value>
                <![CDATA[org.testng.TestRunner@4baf352a]]>
              </value>
            </param>
          </params>
          <reporter-output>
          </reporter-output>
        </test-method> <!-- executeTestcase -->
        <test-method is-config="true" signature="Reports(org.testng.ITestResult)[pri:0, instance:driver.Driver@797cf65c]" started-at="2023-09-06T20:00:47 IST" name="Reports" finished-at="2023-09-06T20:00:47 IST" duration-ms="1" status="PASS">
          <params>
            <param index="0">
              <value>
                <![CDATA[[TestResult name=executeTestcase status=SUCCESS method=Driver.executeTestcase(org.testng.ITestContext)[pri:0, instance:driver.Driver@797cf65c] output={null}]]]>
              </value>
            </param>
          </params>
          <reporter-output>
          </reporter-output>
        </test-method> <!-- Reports -->
        <test-method signature="executeTestcase(org.testng.ITestContext)[pri:0, instance:driver.Driver@797cf65c]" started-at="2023-09-06T20:00:47 IST" name="executeTestcase" finished-at="2023-09-06T20:00:47 IST" duration-ms="2" status="PASS">
          <params>
            <param index="0">
              <value>
                <![CDATA[org.testng.TestRunner@4baf352a]]>
              </value>
            </param>
          </params>
          <reporter-output>
          </reporter-output>
        </test-method> <!-- executeTestcase -->
        <test-method is-config="true" signature="Reports(org.testng.ITestResult)[pri:0, instance:driver.Driver@797cf65c]" started-at="2023-09-06T20:00:47 IST" name="Reports" finished-at="2023-09-06T20:00:47 IST" duration-ms="1" status="PASS">
          <params>
            <param index="0">
              <value>
                <![CDATA[[TestResult name=executeTestcase status=SUCCESS method=Driver.executeTestcase(org.testng.ITestContext)[pri:0, instance:driver.Driver@797cf65c] output={null}]]]>
              </value>
            </param>
          </params>
          <reporter-output>
          </reporter-output>
        </test-method> <!-- Reports -->
        <test-method signature="executeTestcase(org.testng.ITestContext)[pri:0, instance:driver.Driver@797cf65c]" started-at="2023-09-06T20:00:47 IST" name="executeTestcase" finished-at="2023-09-06T20:00:47 IST" duration-ms="2" status="PASS">
          <params>
            <param index="0">
              <value>
                <![CDATA[org.testng.TestRunner@4baf352a]]>
              </value>
            </param>
          </params>
          <reporter-output>
          </reporter-output>
        </test-method> <!-- executeTestcase -->
        <test-method signature="executeTestcase(org.testng.ITestContext)[pri:0, instance:driver.Driver@797cf65c]" started-at="2023-09-06T20:00:47 IST" name="executeTestcase" finished-at="2023-09-06T20:00:47 IST" duration-ms="2" status="PASS">
          <params>
            <param index="0">
              <value>
                <![CDATA[org.testng.TestRunner@4baf352a]]>
              </value>
            </param>
          </params>
          <reporter-output>
          </reporter-output>
        </test-method> <!-- executeTestcase -->
        <test-method is-config="true" signature="Reports(org.testng.ITestResult)[pri:0, instance:driver.Driver@797cf65c]" started-at="2023-09-06T20:00:47 IST" name="Reports" finished-at="2023-09-06T20:00:47 IST" duration-ms="0" status="PASS">
          <params>
            <param index="0">
              <value>
                <![CDATA[[TestResult name=executeTestcase status=SUCCESS method=Driver.executeTestcase(org.testng.ITestContext)[pri:0, instance:driver.Driver@797cf65c] output={null}]]]>
              </value>
            </param>
          </params>
          <reporter-output>
          </reporter-output>
        </test-method> <!-- Reports -->
        <test-method is-config="true" signature="Reports(org.testng.ITestResult)[pri:0, instance:driver.Driver@797cf65c]" started-at="2023-09-06T20:00:47 IST" name="Reports" finished-at="2023-09-06T20:00:47 IST" duration-ms="0" status="PASS">
          <params>
            <param index="0">
              <value>
                <![CDATA[[TestResult name=executeTestcase status=SUCCESS method=Driver.executeTestcase(org.testng.ITestContext)[pri:0, instance:driver.Driver@797cf65c] output={null}]]]>
              </value>
            </param>
          </params>
          <reporter-output>
          </reporter-output>
        </test-method> <!-- Reports -->
        <test-method signature="executeTestcase(org.testng.ITestContext)[pri:0, instance:driver.Driver@797cf65c]" started-at="2023-09-06T20:00:47 IST" name="executeTestcase" finished-at="2023-09-06T20:00:47 IST" duration-ms="1" status="PASS">
          <params>
            <param index="0">
              <value>
                <![CDATA[org.testng.TestRunner@4baf352a]]>
              </value>
            </param>
          </params>
          <reporter-output>
          </reporter-output>
        </test-method> <!-- executeTestcase -->
        <test-method is-config="true" signature="Reports(org.testng.ITestResult)[pri:0, instance:driver.Driver@797cf65c]" started-at="2023-09-06T20:00:47 IST" name="Reports" finished-at="2023-09-06T20:00:47 IST" duration-ms="1" status="PASS">
          <params>
            <param index="0">
              <value>
                <![CDATA[[TestResult name=executeTestcase status=SUCCESS method=Driver.executeTestcase(org.testng.ITestContext)[pri:0, instance:driver.Driver@797cf65c] output={null}]]]>
              </value>
            </param>
          </params>
          <reporter-output>
          </reporter-output>
        </test-method> <!-- Reports -->
        <test-method signature="executeTestcase(org.testng.ITestContext)[pri:0, instance:driver.Driver@797cf65c]" started-at="2023-09-06T20:00:47 IST" name="executeTestcase" finished-at="2023-09-06T20:00:47 IST" duration-ms="2" status="PASS">
          <params>
            <param index="0">
              <value>
                <![CDATA[org.testng.TestRunner@4baf352a]]>
              </value>
            </param>
          </params>
          <reporter-output>
          </reporter-output>
        </test-method> <!-- executeTestcase -->
        <test-method is-config="true" signature="Reports(org.testng.ITestResult)[pri:0, instance:driver.Driver@797cf65c]" started-at="2023-09-06T20:00:47 IST" name="Reports" finished-at="2023-09-06T20:00:47 IST" duration-ms="0" status="PASS">
          <params>
            <param index="0">
              <value>
                <![CDATA[[TestResult name=executeTestcase status=SUCCESS method=Driver.executeTestcase(org.testng.ITestContext)[pri:0, instance:driver.Driver@797cf65c] output={null}]]]>
              </value>
            </param>
          </params>
          <reporter-output>
          </reporter-output>
        </test-method> <!-- Reports -->
        <test-method signature="executeTestcase(org.testng.ITestContext)[pri:0, instance:driver.Driver@797cf65c]" started-at="2023-09-06T20:00:47 IST" name="executeTestcase" finished-at="2023-09-06T20:00:47 IST" duration-ms="1" status="PASS">
          <params>
            <param index="0">
              <value>
                <![CDATA[org.testng.TestRunner@4baf352a]]>
              </value>
            </param>
          </params>
          <reporter-output>
          </reporter-output>
        </test-method> <!-- executeTestcase -->
        <test-method is-config="true" signature="Reports(org.testng.ITestResult)[pri:0, instance:driver.Driver@797cf65c]" started-at="2023-09-06T20:00:47 IST" name="Reports" finished-at="2023-09-06T20:00:47 IST" duration-ms="0" status="PASS">
          <params>
            <param index="0">
              <value>
                <![CDATA[[TestResult name=executeTestcase status=SUCCESS method=Driver.executeTestcase(org.testng.ITestContext)[pri:0, instance:driver.Driver@797cf65c] output={null}]]]>
              </value>
            </param>
          </params>
          <reporter-output>
          </reporter-output>
        </test-method> <!-- Reports -->
        <test-method signature="executeTestcase(org.testng.ITestContext)[pri:0, instance:driver.Driver@797cf65c]" started-at="2023-09-06T20:00:47 IST" name="executeTestcase" finished-at="2023-09-06T20:00:47 IST" duration-ms="1" status="PASS">
          <params>
            <param index="0">
              <value>
                <![CDATA[org.testng.TestRunner@4baf352a]]>
              </value>
            </param>
          </params>
          <reporter-output>
          </reporter-output>
        </test-method> <!-- executeTestcase -->
        <test-method is-config="true" signature="Reports(org.testng.ITestResult)[pri:0, instance:driver.Driver@797cf65c]" started-at="2023-09-06T20:00:47 IST" name="Reports" finished-at="2023-09-06T20:00:47 IST" duration-ms="0" status="PASS">
          <params>
            <param index="0">
              <value>
                <![CDATA[[TestResult name=executeTestcase status=SUCCESS method=Driver.executeTestcase(org.testng.ITestContext)[pri:0, instance:driver.Driver@797cf65c] output={null}]]]>
              </value>
            </param>
          </params>
          <reporter-output>
          </reporter-output>
        </test-method> <!-- Reports -->
        <test-method signature="executeTestcase(org.testng.ITestContext)[pri:0, instance:driver.Driver@797cf65c]" started-at="2023-09-06T20:00:47 IST" name="executeTestcase" finished-at="2023-09-06T20:00:47 IST" duration-ms="2" status="PASS">
          <params>
            <param index="0">
              <value>
                <![CDATA[org.testng.TestRunner@4baf352a]]>
              </value>
            </param>
          </params>
          <reporter-output>
          </reporter-output>
        </test-method> <!-- executeTestcase -->
        <test-method is-config="true" signature="Reports(org.testng.ITestResult)[pri:0, instance:driver.Driver@797cf65c]" started-at="2023-09-06T20:00:47 IST" name="Reports" finished-at="2023-09-06T20:00:47 IST" duration-ms="0" status="PASS">
          <params>
            <param index="0">
              <value>
                <![CDATA[[TestResult name=executeTestcase status=SUCCESS method=Driver.executeTestcase(org.testng.ITestContext)[pri:0, instance:driver.Driver@797cf65c] output={null}]]]>
              </value>
            </param>
          </params>
          <reporter-output>
          </reporter-output>
        </test-method> <!-- Reports -->
        <test-method signature="executeTestcase(org.testng.ITestContext)[pri:0, instance:driver.Driver@797cf65c]" started-at="2023-09-06T20:00:47 IST" name="executeTestcase" finished-at="2023-09-06T20:00:47 IST" duration-ms="1" status="PASS">
          <params>
            <param index="0">
              <value>
                <![CDATA[org.testng.TestRunner@4baf352a]]>
              </value>
            </param>
          </params>
          <reporter-output>
          </reporter-output>
        </test-method> <!-- executeTestcase -->
        <test-method is-config="true" signature="Reports(org.testng.ITestResult)[pri:0, instance:driver.Driver@797cf65c]" started-at="2023-09-06T20:00:47 IST" name="Reports" finished-at="2023-09-06T20:00:47 IST" duration-ms="0" status="PASS">
          <params>
            <param index="0">
              <value>
                <![CDATA[[TestResult name=executeTestcase status=SUCCESS method=Driver.executeTestcase(org.testng.ITestContext)[pri:0, instance:driver.Driver@797cf65c] output={null}]]]>
              </value>
            </param>
          </params>
          <reporter-output>
          </reporter-output>
        </test-method> <!-- Reports -->
        <test-method signature="executeTestcase(org.testng.ITestContext)[pri:0, instance:driver.Driver@797cf65c]" started-at="2023-09-06T20:00:47 IST" name="executeTestcase" finished-at="2023-09-06T20:00:47 IST" duration-ms="1" status="PASS">
          <params>
            <param index="0">
              <value>
                <![CDATA[org.testng.TestRunner@4baf352a]]>
              </value>
            </param>
          </params>
          <reporter-output>
          </reporter-output>
        </test-method> <!-- executeTestcase -->
        <test-method is-config="true" signature="Reports(org.testng.ITestResult)[pri:0, instance:driver.Driver@797cf65c]" started-at="2023-09-06T20:00:47 IST" name="Reports" finished-at="2023-09-06T20:00:47 IST" duration-ms="1" status="PASS">
          <params>
            <param index="0">
              <value>
                <![CDATA[[TestResult name=executeTestcase status=SUCCESS method=Driver.executeTestcase(org.testng.ITestContext)[pri:0, instance:driver.Driver@797cf65c] output={null}]]]>
              </value>
            </param>
          </params>
          <reporter-output>
          </reporter-output>
        </test-method> <!-- Reports -->
        <test-method signature="executeTestcase(org.testng.ITestContext)[pri:0, instance:driver.Driver@797cf65c]" started-at="2023-09-06T20:00:47 IST" name="executeTestcase" finished-at="2023-09-06T20:00:47 IST" duration-ms="2" status="PASS">
          <params>
            <param index="0">
              <value>
                <![CDATA[org.testng.TestRunner@4baf352a]]>
              </value>
            </param>
          </params>
          <reporter-output>
          </reporter-output>
        </test-method> <!-- executeTestcase -->
        <test-method is-config="true" signature="Reports(org.testng.ITestResult)[pri:0, instance:driver.Driver@797cf65c]" started-at="2023-09-06T20:00:47 IST" name="Reports" finished-at="2023-09-06T20:00:47 IST" duration-ms="1" status="PASS">
          <params>
            <param index="0">
              <value>
                <![CDATA[[TestResult name=executeTestcase status=SUCCESS method=Driver.executeTestcase(org.testng.ITestContext)[pri:0, instance:driver.Driver@797cf65c] output={null}]]]>
              </value>
            </param>
          </params>
          <reporter-output>
          </reporter-output>
        </test-method> <!-- Reports -->
        <test-method signature="executeTestcase(org.testng.ITestContext)[pri:0, instance:driver.Driver@797cf65c]" started-at="2023-09-06T20:00:47 IST" name="executeTestcase" finished-at="2023-09-06T20:00:47 IST" duration-ms="1" status="PASS">
          <params>
            <param index="0">
              <value>
                <![CDATA[org.testng.TestRunner@4baf352a]]>
              </value>
            </param>
          </params>
          <reporter-output>
          </reporter-output>
        </test-method> <!-- executeTestcase -->
        <test-method is-config="true" signature="Reports(org.testng.ITestResult)[pri:0, instance:driver.Driver@797cf65c]" started-at="2023-09-06T20:00:47 IST" name="Reports" finished-at="2023-09-06T20:00:47 IST" duration-ms="1" status="PASS">
          <params>
            <param index="0">
              <value>
                <![CDATA[[TestResult name=executeTestcase status=SUCCESS method=Driver.executeTestcase(org.testng.ITestContext)[pri:0, instance:driver.Driver@797cf65c] output={null}]]]>
              </value>
            </param>
          </params>
          <reporter-output>
          </reporter-output>
        </test-method> <!-- Reports -->
        <test-method signature="executeTestcase(org.testng.ITestContext)[pri:0, instance:driver.Driver@797cf65c]" started-at="2023-09-06T20:00:47 IST" name="executeTestcase" finished-at="2023-09-06T20:00:47 IST" duration-ms="2" status="PASS">
          <params>
            <param index="0">
              <value>
                <![CDATA[org.testng.TestRunner@4baf352a]]>
              </value>
            </param>
          </params>
          <reporter-output>
          </reporter-output>
        </test-method> <!-- executeTestcase -->
        <test-method is-config="true" signature="Reports(org.testng.ITestResult)[pri:0, instance:driver.Driver@797cf65c]" started-at="2023-09-06T20:00:47 IST" name="Reports" finished-at="2023-09-06T20:00:47 IST" duration-ms="1" status="PASS">
          <params>
            <param index="0">
              <value>
                <![CDATA[[TestResult name=executeTestcase status=SUCCESS method=Driver.executeTestcase(org.testng.ITestContext)[pri:0, instance:driver.Driver@797cf65c] output={null}]]]>
              </value>
            </param>
          </params>
          <reporter-output>
          </reporter-output>
        </test-method> <!-- Reports -->
        <test-method signature="executeTestcase(org.testng.ITestContext)[pri:0, instance:driver.Driver@797cf65c]" started-at="2023-09-06T20:00:47 IST" name="executeTestcase" finished-at="2023-09-06T20:00:47 IST" duration-ms="2" status="PASS">
          <params>
            <param index="0">
              <value>
                <![CDATA[org.testng.TestRunner@4baf352a]]>
              </value>
            </param>
          </params>
          <reporter-output>
          </reporter-output>
        </test-method> <!-- executeTestcase -->
        <test-method signature="executeTestcase(org.testng.ITestContext)[pri:0, instance:driver.Driver@797cf65c]" started-at="2023-09-06T20:00:47 IST" name="executeTestcase" finished-at="2023-09-06T20:00:47 IST" duration-ms="2" status="PASS">
          <params>
            <param index="0">
              <value>
                <![CDATA[org.testng.TestRunner@4baf352a]]>
              </value>
            </param>
          </params>
          <reporter-output>
          </reporter-output>
        </test-method> <!-- executeTestcase -->
        <test-method is-config="true" signature="Reports(org.testng.ITestResult)[pri:0, instance:driver.Driver@797cf65c]" started-at="2023-09-06T20:00:47 IST" name="Reports" finished-at="2023-09-06T20:00:47 IST" duration-ms="0" status="PASS">
          <params>
            <param index="0">
              <value>
                <![CDATA[[TestResult name=executeTestcase status=SUCCESS method=Driver.executeTestcase(org.testng.ITestContext)[pri:0, instance:driver.Driver@797cf65c] output={null}]]]>
              </value>
            </param>
          </params>
          <reporter-output>
          </reporter-output>
        </test-method> <!-- Reports -->
        <test-method is-config="true" signature="Reports(org.testng.ITestResult)[pri:0, instance:driver.Driver@797cf65c]" started-at="2023-09-06T20:00:47 IST" name="Reports" finished-at="2023-09-06T20:00:47 IST" duration-ms="0" status="PASS">
          <params>
            <param index="0">
              <value>
                <![CDATA[[TestResult name=executeTestcase status=SUCCESS method=Driver.executeTestcase(org.testng.ITestContext)[pri:0, instance:driver.Driver@797cf65c] output={null}]]]>
              </value>
            </param>
          </params>
          <reporter-output>
          </reporter-output>
        </test-method> <!-- Reports -->
        <test-method signature="executeTestcase(org.testng.ITestContext)[pri:0, instance:driver.Driver@797cf65c]" started-at="2023-09-06T20:00:47 IST" name="executeTestcase" finished-at="2023-09-06T20:00:47 IST" duration-ms="3" status="PASS">
          <params>
            <param index="0">
              <value>
                <![CDATA[org.testng.TestRunner@4baf352a]]>
              </value>
            </param>
          </params>
          <reporter-output>
          </reporter-output>
        </test-method> <!-- executeTestcase -->
        <test-method is-config="true" signature="Reports(org.testng.ITestResult)[pri:0, instance:driver.Driver@797cf65c]" started-at="2023-09-06T20:00:47 IST" name="Reports" finished-at="2023-09-06T20:00:47 IST" duration-ms="0" status="PASS">
          <params>
            <param index="0">
              <value>
                <![CDATA[[TestResult name=executeTestcase status=SUCCESS method=Driver.executeTestcase(org.testng.ITestContext)[pri:0, instance:driver.Driver@797cf65c] output={null}]]]>
              </value>
            </param>
          </params>
          <reporter-output>
          </reporter-output>
        </test-method> <!-- Reports -->
        <test-method signature="executeTestcase(org.testng.ITestContext)[pri:0, instance:driver.Driver@797cf65c]" started-at="2023-09-06T20:00:47 IST" name="executeTestcase" finished-at="2023-09-06T20:00:47 IST" duration-ms="1" status="PASS">
          <params>
            <param index="0">
              <value>
                <![CDATA[org.testng.TestRunner@4baf352a]]>
              </value>
            </param>
          </params>
          <reporter-output>
          </reporter-output>
        </test-method> <!-- executeTestcase -->
        <test-method is-config="true" signature="Reports(org.testng.ITestResult)[pri:0, instance:driver.Driver@797cf65c]" started-at="2023-09-06T20:00:47 IST" name="Reports" finished-at="2023-09-06T20:00:47 IST" duration-ms="0" status="PASS">
[...]
          <params>
            <param index="0">
              <value>
                <![CDATA[org.testng.TestRunner@4baf352a]]>
              </value>
            </param>
          </params>
          <reporter-output>
          </reporter-output>
        </test-method> <!-- executeTestcase -->
        <test-method signature="executeTestcase(org.testng.ITestContext)[pri:0, instance:driver.Driver@797cf65c]" started-at="2023-09-06T20:00:48 IST" name="executeTestcase" finished-at="2023-09-06T20:00:48 IST" duration-ms="1" status="PASS">
          <params>
            <param index="0">
              <value>
                <![CDATA[org.testng.TestRunner@4baf352a]]>
              </value>
            </param>
          </params>
          <reporter-output>
          </reporter-output>
        </test-method> <!-- executeTestcase -->
        <test-method is-config="true" signature="Reports(org.testng.ITestResult)[pri:0, instance:driver.Driver@797cf65c]" started-at="2023-09-06T20:00:48 IST" name="Reports" finished-at="2023-09-06T20:00:48 IST" duration-ms="0" status="PASS">
          <params>
            <param index="0">
              <value>
                <![CDATA[[TestResult name=executeTestcase status=SUCCESS method=Driver.executeTestcase(org.testng.ITestContext)[pri:0, instance:driver.Driver@797cf65c] output={null}]]]>
              </value>
            </param>
          </params>
          <reporter-output>
          </reporter-output>
        </test-method> <!-- Reports -->
        <test-method is-config="true" signature="Reports(org.testng.ITestResult)[pri:0, instance:driver.Driver@797cf65c]" started-at="2023-09-06T20:00:48 IST" name="Reports" finished-at="2023-09-06T20:00:48 IST" duration-ms="1" status="PASS">
          <params>
            <param index="0">
              <value>
                <![CDATA[[TestResult name=executeTestcase status=SUCCESS method=Driver.executeTestcase(org.testng.ITestContext)[pri:0, instance:driver.Driver@797cf65c] output={null}]]]>
              </value>
            </param>
          </params>
          <reporter-output>
          </reporter-output>
        </test-method> <!-- Reports -->
        <test-method signature="executeTestcase(org.testng.ITestContext)[pri:0, instance:driver.Driver@797cf65c]" started-at="2023-09-06T20:00:48 IST" name="executeTestcase" finished-at="2023-09-06T20:00:48 IST" duration-ms="1" status="PASS">
          <params>
            <param index="0">
              <value>
                <![CDATA[org.testng.TestRunner@4baf352a]]>
              </value>
            </param>
          </params>
          <reporter-output>
          </reporter-output>
        </test-method> <!-- executeTestcase -->
        <test-method is-config="true" signature="Reports(org.testng.ITestResult)[pri:0, instance:driver.Driver@797cf65c]" started-at="2023-09-06T20:00:48 IST" name="Reports" finished-at="2023-09-06T20:00:48 IST" duration-ms="0" status="PASS">
          <params>
            <param index="0">
              <value>
                <![CDATA[[TestResult name=executeTestcase status=SUCCESS method=Driver.executeTestcase(org.testng.ITestContext)[pri:0, instance:driver.Driver@797cf65c] output={null}]]]>
              </value>
            </param>
          </params>
          <reporter-output>
          </reporter-output>
        </test-method> <!-- Reports -->
        <test-method signature="executeTestcase(org.testng.ITestContext)[pri:0, instance:driver.Driver@797cf65c]" started-at="2023-09-06T20:00:48 IST" name="executeTestcase" finished-at="2023-09-06T20:00:48 IST" duration-ms="1" status="PASS">
          <params>
            <param index="0">
              <value>
                <![CDATA[org.testng.TestRunner@4baf352a]]>
              </value>
            </param>
          </params>
          <reporter-output>
          </reporter-output>
        </test-method> <!-- executeTestcase -->
        <test-method signature="executeTestcase(org.testng.ITestContext)[pri:0, instance:driver.Driver@797cf65c]" started-at="2023-09-06T20:00:48 IST" name="executeTestcase" finished-at="2023-09-06T20:00:48 IST" duration-ms="2" status="PASS">
          <params>
            <param index="0">
              <value>
                <![CDATA[org.testng.TestRunner@4baf352a]]>
              </value>
            </param>
          </params>
          <reporter-output>
          </reporter-output>
        </test-method> <!-- executeTestcase -->
        <test-method is-config="true" signature="Reports(org.testng.ITestResult)[pri:0, instance:driver.Driver@797cf65c]" started-at="2023-09-06T20:00:48 IST" name="Reports" finished-at="2023-09-06T20:00:48 IST" duration-ms="0" status="PASS">
          <params>
            <param index="0">
              <value>
                <![CDATA[[TestResult name=executeTestcase status=SUCCESS method=Driver.executeTestcase(org.testng.ITestContext)[pri:0, instance:driver.Driver@797cf65c] output={null}]]]>
              </value>
            </param>
          </params>
          <reporter-output>
          </reporter-output>
        </test-method> <!-- Reports -->
        <test-method signature="executeTestcase(org.testng.ITestContext)[pri:0, instance:driver.Driver@797cf65c]" started-at="2023-09-06T20:00:48 IST" name="executeTestcase" finished-at="2023-09-06T20:00:48 IST" duration-ms="1" status="PASS">
          <params>
            <param index="0">
              <value>
                <![CDATA[org.testng.TestRunner@4baf352a]]>
              </value>
            </param>
          </params>
          <reporter-output>
          </reporter-output>
        </test-method> <!-- executeTestcase -->
        <test-method is-config="true" signature="Reports(org.testng.ITestResult)[pri:0, instance:driver.Driver@797cf65c]" started-at="2023-09-06T20:00:48 IST" name="Reports" finished-at="2023-09-06T20:00:48 IST" duration-ms="0" status="PASS">
          <params>
            <param index="0">
              <value>
                <![CDATA[[TestResult name=executeTestcase status=SUCCESS method=Driver.executeTestcase(org.testng.ITestContext)[pri:0, instance:driver.Driver@797cf65c] output={null}]]]>
              </value>
            </param>
          </params>
          <reporter-output>
          </reporter-output>
        </test-method> <!-- Reports -->
        <test-method signature="executeTestcase(org.testng.ITestContext)[pri:0, instance:driver.Driver@797cf65c]" started-at="2023-09-06T20:00:48 IST" name="executeTestcase" finished-at="2023-09-06T20:00:48 IST" duration-ms="1" status="PASS">
          <params>
            <param index="0">
              <value>
                <![CDATA[org.testng.TestRunner@4baf352a]]>
              </value>
            </param>
          </params>
          <reporter-output>
          </reporter-output>
        </test-method> <!-- executeTestcase -->
        <test-method is-config="true" signature="Reports(org.testng.ITestResult)[pri:0, instance:driver.Driver@797cf65c]" started-at="2023-09-06T20:00:48 IST" name="Reports" finished-at="2023-09-06T20:00:48 IST" duration-ms="0" status="PASS">
          <params>
            <param index="0">
              <value>
                <![CDATA[[TestResult name=executeTestcase status=SUCCESS method=Driver.executeTestcase(org.testng.ITestContext)[pri:0, instance:driver.Driver@797cf65c] output={null}]]]>
              </value>
            </param>
          </params>
          <reporter-output>
          </reporter-output>
        </test-method> <!-- Reports -->
        <test-method is-config="true" signature="Reports(org.testng.ITestResult)[pri:0, instance:driver.Driver@797cf65c]" started-at="2023-09-06T20:00:48 IST" name="Reports" finished-at="2023-09-06T20:00:48 IST" duration-ms="0" status="PASS">
          <params>
            <param index="0">
              <value>
                <![CDATA[[TestResult name=executeTestcase status=SUCCESS method=Driver.executeTestcase(org.testng.ITestContext)[pri:0, instance:driver.Driver@797cf65c] output={null}]]]>
              </value>
            </param>
          </params>
          <reporter-output>
          </reporter-output>
        </test-method> <!-- Reports -->
        <test-method signature="executeTestcase(org.testng.ITestContext)[pri:0, instance:driver.Driver@797cf65c]" started-at="2023-09-06T20:00:48 IST" name="executeTestcase" finished-at="2023-09-06T20:00:48 IST" duration-ms="1" status="PASS">
          <params>
            <param index="0">
              <value>
                <![CDATA[org.testng.TestRunner@4baf352a]]>
              </value>
            </param>
          </params>
          <reporter-output>
          </reporter-output>
        </test-method> <!-- executeTestcase -->
        <test-method signature="executeTestcase(org.testng.ITestContext)[pri:0, instance:driver.Driver@797cf65c]" started-at="2023-09-06T20:00:48 IST" name="executeTestcase" finished-at="2023-09-06T20:00:48 IST" duration-ms="1" status="PASS">
          <params>
            <param index="0">
              <value>
                <![CDATA[org.testng.TestRunner@4baf352a]]>
              </value>
            </param>
          </params>
          <reporter-output>
          </reporter-output>
        </test-method> <!-- executeTestcase -->
        <test-method is-config="true" signature="Reports(org.testng.ITestResult)[pri:0, instance:driver.Driver@797cf65c]" started-at="2023-09-06T20:00:48 IST" name="Reports" finished-at="2023-09-06T20:00:48 IST" duration-ms="0" status="PASS">
          <params>
            <param index="0">
              <value>
                <![CDATA[[TestResult name=executeTestcase status=SUCCESS method=Driver.executeTestcase(org.testng.ITestContext)[pri:0, instance:driver.Driver@797cf65c] output={null}]]]>
              </value>
            </param>
          </params>
          <reporter-output>
          </reporter-output>
        </test-method> <!-- Reports -->
        <test-method is-config="true" signature="Reports(org.testng.ITestResult)[pri:0, instance:driver.Driver@797cf65c]" started-at="2023-09-06T20:00:48 IST" name="Reports" finished-at="2023-09-06T20:00:48 IST" duration-ms="0" status="PASS">
          <params>
            <param index="0">
              <value>
                <![CDATA[[TestResult name=executeTestcase status=SUCCESS method=Driver.executeTestcase(org.testng.ITestContext)[pri:0, instance:driver.Driver@797cf65c] output={null}]]]>
              </value>
            </param>
          </params>
          <reporter-output>
          </reporter-output>
        </test-method> <!-- Reports -->
        <test-method signature="executeTestcase(org.testng.ITestContext)[pri:0, instance:driver.Driver@797cf65c]" started-at="2023-09-06T20:00:48 IST" name="executeTestcase" finished-at="2023-09-06T20:00:48 IST" duration-ms="1" status="PASS">
          <params>
            <param index="0">
              <value>
                <![CDATA[org.testng.TestRunner@4baf352a]]>
              </value>
            </param>
          </params>
          <reporter-output>
          </reporter-output>
        </test-method> <!-- executeTestcase -->
        <test-method is-config="true" signature="Reports(org.testng.ITestResult)[pri:0, instance:driver.Driver@797cf65c]" started-at="2023-09-06T20:00:48 IST" name="Reports" finished-at="2023-09-06T20:00:48 IST" duration-ms="0" status="PASS">
          <params>
            <param index="0">
              <value>
                <![CDATA[[TestResult name=executeTestcase status=SUCCESS method=Driver.executeTestcase(org.testng.ITestContext)[pri:0, instance:driver.Driver@797cf65c] output={null}]]]>
              </value>
            </param>
          </params>
          <reporter-output>
          </reporter-output>
        </test-method> <!-- Reports -->
        <test-method signature="executeTestcase(org.testng.ITestContext)[pri:0, instance:driver.Driver@797cf65c]" started-at="2023-09-06T20:00:48 IST" name="executeTestcase" finished-at="2023-09-06T20:00:48 IST" duration-ms="0" status="PASS">
          <params>
            <param index="0">
              <value>
                <![CDATA[org.testng.TestRunner@4baf352a]]>
              </value>
            </param>
          </params>
          <reporter-output>
          </reporter-output>
        </test-method> <!-- executeTestcase -->
        <test-method signature="executeTestcase(org.testng.ITestContext)[pri:0, instance:driver.Driver@797cf65c]" started-at="2023-09-06T20:00:48 IST" name="executeTestcase" finished-at="2023-09-06T20:00:48 IST" duration-ms="1" status="PASS">
          <params>
            <param index="0">
              <value>
                <![CDATA[org.testng.TestRunner@4baf352a]]>
              </value>
            </param>
          </params>
          <reporter-output>
          </reporter-output>
        </test-method> <!-- executeTestcase -->
        <test-method is-config="true" signature="Reports(org.testng.ITestResult)[pri:0, instance:driver.Driver@797cf65c]" started-at="2023-09-06T20:00:48 IST" name="Reports" finished-at="2023-09-06T20:00:48 IST" duration-ms="0" status="PASS">
          <params>
            <param index="0">
              <value>
                <![CDATA[[TestResult name=executeTestcase status=SUCCESS method=Driver.executeTestcase(org.testng.ITestContext)[pri:0, instance:driver.Driver@797cf65c] output={null}]]]>
              </value>
            </param>
          </params>
          <reporter-output>
          </reporter-output>
        </test-method> <!-- Reports -->
        <test-method is-config="true" signature="Reports(org.testng.ITestResult)[pri:0, instance:driver.Driver@797cf65c]" started-at="2023-09-06T20:00:48 IST" name="Reports" finished-at="2023-09-06T20:00:48 IST" duration-ms="0" status="PASS">
          <params>
            <param index="0">
              <value>
                <![CDATA[[TestResult name=executeTestcase status=SUCCESS method=Driver.executeTestcase(org.testng.ITestContext)[pri:0, instance:driver.Driver@797cf65c] output={null}]]]>
              </value>
            </param>
          </params>
          <reporter-output>
          </reporter-output>
        </test-method> <!-- Reports -->
        <test-method signature="executeTestcase(org.testng.ITestContext)[pri:0, instance:driver.Driver@797cf65c]" started-at="2023-09-06T20:00:48 IST" name="executeTestcase" finished-at="2023-09-06T20:00:48 IST" duration-ms="1" status="PASS">
          <params>
            <param index="0">
              <value>
                <![CDATA[org.testng.TestRunner@4baf352a]]>
              </value>
            </param>
          </params>
          <reporter-output>
          </reporter-output>
        </test-method> <!-- executeTestcase -->
        <test-method signature="executeTestcase(org.testng.ITestContext)[pri:0, instance:driver.Driver@797cf65c]" started-at="2023-09-06T20:00:48 IST" name="executeTestcase" finished-at="2023-09-06T20:00:48 IST" duration-ms="1" status="PASS">
          <params>
            <param index="0">
              <value>
                <![CDATA[org.testng.TestRunner@4baf352a]]>
              </value>
            </param>
          </params>
          <reporter-output>
          </reporter-output>
        </test-method> <!-- executeTestcase -->
        <test-method is-config="true" signature="Reports(org.testng.ITestResult)[pri:0, instance:driver.Driver@797cf65c]" started-at="2023-09-06T20:00:48 IST" name="Reports" finished-at="2023-09-06T20:00:48 IST" duration-ms="0" status="PASS">
          <params>
            <param index="0">
              <value>
                <![CDATA[[TestResult name=executeTestcase status=SUCCESS method=Driver.executeTestcase(org.testng.ITestContext)[pri:0, instance:driver.Driver@797cf65c] output={null}]]]>
              </value>
            </param>
          </params>
          <reporter-output>
          </reporter-output>
        </test-method> <!-- Reports -->
        <test-method signature="executeTestcase(org.testng.ITestContext)[pri:0, instance:driver.Driver@797cf65c]" started-at="2023-09-06T20:00:48 IST" name="executeTestcase" finished-at="2023-09-06T20:00:48 IST" duration-ms="1" status="PASS">
          <params>
            <param index="0">
              <value>
                <![CDATA[org.testng.TestRunner@4baf352a]]>
              </value>
            </param>
          </params>
          <reporter-output>
          </reporter-output>
        </test-method> <!-- executeTestcase -->
        <test-method is-config="true" signature="Reports(org.testng.ITestResult)[pri:0, instance:driver.Driver@797cf65c]" started-at="2023-09-06T20:00:48 IST" name="Reports" finished-at="2023-09-06T20:00:48 IST" duration-ms="0" status="PASS">
          <params>
            <param index="0">
              <value>
                <![CDATA[[TestResult name=executeTestcase status=SUCCESS method=Driver.executeTestcase(org.testng.ITestContext)[pri:0, instance:driver.Driver@797cf65c] output={null}]]]>
              </value>
            </param>
          </params>
          <reporter-output>
          </reporter-output>
        </test-method> <!-- Reports -->
        <test-method signature="executeTestcase(org.testng.ITestContext)[pri:0, instance:driver.Driver@797cf65c]" started-at="2023-09-06T20:00:48 IST" name="executeTestcase" finished-at="2023-09-06T20:00:48 IST" duration-ms="1" status="PASS">
          <params>
            <param index="0">
              <value>
                <![CDATA[org.testng.TestRunner@4baf352a]]>
              </value>
            </param>
          </params>
          <reporter-output>
          </reporter-output>
        </test-method> <!-- executeTestcase -->
        <test-method is-config="true" signature="Reports(org.testng.ITestResult)[pri:0, instance:driver.Driver@797cf65c]" started-at="2023-09-06T20:00:48 IST" name="Reports" finished-at="2023-09-06T20:00:48 IST" duration-ms="0" status="PASS">
          <params>
            <param index="0">
              <value>
                <![CDATA[[TestResult name=executeTestcase status=SUCCESS method=Driver.executeTestcase(org.testng.ITestContext)[pri:0, instance:driver.Driver@797cf65c] output={null}]]]>
              </value>
            </param>
          </params>
          <reporter-output>
          </reporter-output>
        </test-method> <!-- Reports -->
        <test-method is-config="true" signature="Reports(org.testng.ITestResult)[pri:0, instance:driver.Driver@797cf65c]" started-at="2023-09-06T20:00:48 IST" name="Reports" finished-at="2023-09-06T20:00:48 IST" duration-ms="1" status="PASS">
          <params>
            <param index="0">
              <value>
                <![CDATA[[TestResult name=executeTestcase status=SUCCESS method=Driver.executeTestcase(org.testng.ITestContext)[pri:0, instance:driver.Driver@797cf65c] output={null}]]]>
              </value>
            </param>
          </params>
          <reporter-output>
          </reporter-output>
        </test-method> <!-- Reports -->
        <test-method is-config="true" signature="tearDown()[pri:0, instance:driver.Driver@797cf65c]" started-at="2023-09-06T20:00:48 IST" name="tearDown" finished-at="2023-09-06T20:00:49 IST" duration-ms="764" status="PASS">
          <reporter-output>
          </reporter-output>
        </test-method> <!-- tearDown -->
      </class> <!-- driver.Driver -->
    </test> <!-- Results -->
  </suite> <!-- Suite -->
</testng-results>
